/opt/mongodb-linux-x86_64-2.4.0/bin/mongod --help for help and startup options
Wed Apr 17 15:45:15.570 [initandlisten] MongoDB starting : pid=1042 port=27017 dbpath=/data/db/ 64-bit host=AY1212050941431d46085
Wed Apr 17 15:45:15.570 [initandlisten] db version v2.4.0
Wed Apr 17 15:45:15.570 [initandlisten] git version: ce2d666c04b4a80af58e8bbb3388b0680e8cfeb6
Wed Apr 17 15:45:15.570 [initandlisten] build info: Linux ip-10-2-29-40 2.6.21.7-2.ec2.v1.2.fc8xen #1 SMP Fri Nov 20 17:48:28 EST 2009 x86_64 BOOST_LIB_VERSION=1_49
Wed Apr 17 15:45:15.570 [initandlisten] allocator: tcmalloc
Wed Apr 17 15:45:15.570 [initandlisten] options: {}
Wed Apr 17 15:45:15.632 [initandlisten] journal dir=/data/db/journal
Wed Apr 17 15:45:15.632 [initandlisten] recover : no journal files present, no recovery needed
Wed Apr 17 15:45:15.686 [initandlisten] waiting for connections on port 27017
Wed Apr 17 15:45:15.686 [websvr] admin web console waiting for connections on port 28017
Wed Apr 17 15:46:04.262 [initandlisten] connection accepted from 127.0.0.1:54882 #1 (1 connection now open)
Wed Apr 17 15:46:04.264 [conn1] terminating, shutdown command received
Wed Apr 17 15:46:04.264 dbexit: shutdown called
Wed Apr 17 15:46:04.264 [conn1] shutdown: going to close listening sockets...
Wed Apr 17 15:46:04.264 [conn1] closing listening socket: 9
Wed Apr 17 15:46:04.264 [conn1] closing listening socket: 10
Wed Apr 17 15:46:04.264 [conn1] closing listening socket: 11
Wed Apr 17 15:46:04.264 [conn1] removing socket file: /tmp/mongodb-27017.sock
Wed Apr 17 15:46:04.264 [conn1] shutdown: going to flush diaglog...
Wed Apr 17 15:46:04.264 [conn1] shutdown: going to close sockets...
Wed Apr 17 15:46:04.264 [conn1] shutdown: waiting for fs preallocator...
Wed Apr 17 15:46:04.264 [conn1] shutdown: lock for final commit...
Wed Apr 17 15:46:04.264 [conn1] shutdown: final commit...
Wed Apr 17 15:46:04.264 [conn1] shutdown: closing all files...
Wed Apr 17 15:46:04.264 [conn1] closeAllFiles() finished
Wed Apr 17 15:46:04.264 [conn1] journalCleanup...
Wed Apr 17 15:46:04.264 [conn1] removeJournalFiles
Wed Apr 17 15:46:04.999 [conn1] shutdown: removing fs lock...
Wed Apr 17 15:46:05.000 dbexit: really exiting now
