-----------------------
[04_17_2013 00:00:01] not exist log dir
[04_17_2013 00:00:01] /opt/cluster/80
[04_17_2013 00:00:01] run:./_restart.sh
-----------------------
[04_18_2013 00:05:01] not exist all_list.log dir
[04_18_2013 00:05:01] num:1
[04_18_2013 00:05:01] run ./_track.sh
./_log/2013.year/04.month/17.day ./_log/2013.year/04.month/17.day/cron.log
[04_18_2013 00:05:01] ----------_statistics.sh-------------
[04_18_2013 00:05:01] num:1
[04_18_2013 00:05:01] run ./_track.sh
./_log/2013.year/04.month/17.day ./_log/2013.year/04.month/17.day/_start_80_04_17_2013__00_00_06.log
[04_18_2013 00:05:01] ----------_statistics.sh-------------
[04_18_2013 00:05:01] num:1
[04_18_2013 00:05:01] run ./_track.sh
./_log/2013.year/04.month/17.day ./_log/2013.year/04.month/17.day/_start_80_04_17_2013__10_16_10.log
[04_18_2013 00:05:01] ----------_statistics.sh-------------
[04_18_2013 00:05:01] num:1
[04_18_2013 00:05:01] run ./_track.sh
./_log/2013.year/04.month/17.day ./_log/2013.year/04.month/17.day/_start_80_04_17_2013__10_21_42.log
[04_18_2013 00:05:01] ----------_statistics.sh-------------
[04_18_2013 00:05:01] num:1
[04_18_2013 00:05:01] run ./_track.sh
./_log/2013.year/04.month/17.day ./_log/2013.year/04.month/17.day/_start_80_04_17_2013__10_25_11.log
[04_18_2013 00:05:01] ----------_statistics.sh-------------
[04_18_2013 00:05:01] num:1
[04_18_2013 00:05:01] run ./_track.sh
./_log/2013.year/04.month/17.day ./_log/2013.year/04.month/17.day/_start_80_04_17_2013__10_26_19.log
[04_18_2013 00:05:01] ----------_statistics.sh-------------
[04_18_2013 00:05:01] num:1
[04_18_2013 00:05:01] run ./_track.sh
./_log/2013.year/04.month/17.day ./_log/2013.year/04.month/17.day/_start_80_04_17_2013__10_27_32.log
[04_18_2013 00:05:01] ----------_statistics.sh-------------
[04_18_2013 00:05:01] num:1
[04_18_2013 00:05:01] run ./_track.sh
./_log/2013.year/04.month/17.day ./_log/2013.year/04.month/17.day/_start_80_04_17_2013__10_39_30.log
[04_18_2013 00:05:01] ----------_statistics.sh-------------
[04_18_2013 00:05:01] num:1
[04_18_2013 00:05:01] run ./_track.sh
./_log/2013.year/04.month/17.day ./_log/2013.year/04.month/17.day/_start_80_04_17_2013__15_45_15.log
[04_18_2013 00:05:01] ----------_statistics.sh-------------
[04_18_2013 00:05:01] num:1
[04_18_2013 00:05:01] run ./_track.sh
./_log/2013.year/04.month/17.day ./_log/2013.year/04.month/17.day/_start_80_04_17_2013__15_46_09.log
[04_18_2013 00:05:01] ----------_statistics.sh-------------
[04_18_2013 00:05:01] num:1
[04_18_2013 00:05:01] run ./_track.sh
./_log/2013.year/04.month/17.day ./_log/2013.year/04.month/17.day/_start_80_04_17_2013__17_49_08.log
[04_18_2013 00:05:01] ----------_statistics.sh-------------
[04_18_2013 00:05:01] num:1
[04_18_2013 00:05:01] run ./_track.sh
./_log/2013.year/04.month/17.day ./_log/2013.year/04.month/17.day/_start_mongo_04_17_2013__00_00_06.log
[04_18_2013 00:05:01] ----------_statistics.sh-------------
[04_18_2013 00:05:02] num:1
[04_18_2013 00:05:02] run ./_track.sh
./_log/2013.year/04.month/17.day ./_log/2013.year/04.month/17.day/_start_mongo_04_17_2013__10_16_10.log
[04_18_2013 00:05:02] ----------_statistics.sh-------------
[04_18_2013 00:05:02] num:1
[04_18_2013 00:05:02] run ./_track.sh
./_log/2013.year/04.month/17.day ./_log/2013.year/04.month/17.day/_start_mongo_04_17_2013__10_21_42.log
[04_18_2013 00:05:02] ----------_statistics.sh-------------
[04_18_2013 00:05:02] num:1
[04_18_2013 00:05:02] run ./_track.sh
./_log/2013.year/04.month/17.day ./_log/2013.year/04.month/17.day/_start_mongo_04_17_2013__10_25_11.log
[04_18_2013 00:05:02] ----------_statistics.sh-------------
[04_18_2013 00:05:02] num:1
[04_18_2013 00:05:02] run ./_track.sh
./_log/2013.year/04.month/17.day ./_log/2013.year/04.month/17.day/_start_mongo_04_17_2013__10_26_19.log
[04_18_2013 00:05:02] ----------_statistics.sh-------------
[04_18_2013 00:05:02] num:1
[04_18_2013 00:05:02] run ./_track.sh
./_log/2013.year/04.month/17.day ./_log/2013.year/04.month/17.day/_start_mongo_04_17_2013__10_27_32.log
[04_18_2013 00:05:02] ----------_statistics.sh-------------
[04_18_2013 00:05:02] num:1
[04_18_2013 00:05:02] run ./_track.sh
./_log/2013.year/04.month/17.day ./_log/2013.year/04.month/17.day/_start_mongo_04_17_2013__10_39_30.log
[04_18_2013 00:05:02] ----------_statistics.sh-------------
[04_18_2013 00:05:02] num:1
[04_18_2013 00:05:02] run ./_track.sh
./_log/2013.year/04.month/17.day ./_log/2013.year/04.month/17.day/_start_mongo_04_17_2013__15_45_15.log
[04_18_2013 00:05:02] ----------_statistics.sh-------------
[04_18_2013 00:05:02] num:1
[04_18_2013 00:05:02] run ./_track.sh
./_log/2013.year/04.month/17.day ./_log/2013.year/04.month/17.day/_start_mongo_04_17_2013__15_46_09.log
[04_18_2013 00:05:02] ----------_statistics.sh-------------
[04_18_2013 00:05:02] num:1
[04_18_2013 00:05:02] run ./_track.sh
./_log/2013.year/04.month/17.day ./_log/2013.year/04.month/17.day/_start_mongo_04_17_2013__17_49_08.log
[04_18_2013 00:05:02] ----------_statistics.sh-------------
