input params list:
0: /opt/node-v0.10.0-linux-x64/bin/node
1: /opt/cluster/80/_start.js
2: -port
3: 80
4: -EXEC_PATH
5: /opt/cluster/
6: -DOMAIN_IP
7: 42.121.96.101
8: -DOMAIN_NAME
9: 17597.net
/opt/node-v0.10.0-linux-x64/bin
require underscore
require underscore:1.4.4
require nodemailer
require socket.io
require cheerio
require iconv-lite
require mongodb
========================================================================================
=  Please ensure that you set the default write concern for the database by setting    =
=   one of the options                                                                 =
=                                                                                      =
=     w: (value of > -1 or the string 'majority'), where < 1 means                     =
=        no write acknowlegement                                                       =
=     journal: true/false, wait for flush to journal before acknowlegement             =
=     fsync: true/false, wait for flush to file system before acknowlegement           =
=                                                                                      =
=  For backward compatibility safe is still supported and                              =
=   allows values of [true | false | {j:true} | {w:n, wtimeout:n} | {fsync:true}]      =
=   the default value is false which means the driver receives does not                =
=   return the information of the success/error of the insert/update/remove            =
=                                                                                      =
=   ex: new Db(new Server('localhost', 27017), {safe:false})                           =
=                                                                                      =
=   http://www.mongodb.org/display/DOCS/getLastError+Command                           =
=                                                                                      =
=  The default of no acknowlegement will change in the very near future                =
=                                                                                      =
=  This message will disappear when the default safe is set on the driver Db           =
========================================================================================
require request
require connect
require formidable
require async
require express
import:mime
import:conf
import:com.easysoft.zoo.Elephant
import:com.easysoft.Widget
import:com.easysoft.constant.Constant
import:com.easysoft.zoo.Spider
import:com.easysoft.zoo.Dog
import:com.easysoft.schedule.Schedule
This platform is linux
Version: v0.10.0
Port: 80
__filename: /opt/cluster/80/_start.js
import:route
import:com.easysoft.cmd.ipconfig
AY1212050941431d46085
[]
--conn db success--
req.headers:1366090199332:{  'host':'17597.net',  'user-agent':'Mozilla/5.0 (Windows NT 5.1; rv:20.0) Gecko/20100101 Firefox/20.0',  'accept':'text/html,application/xhtml+xml,application/xml;q=0.9,*/*;q=0.8',  'accept-language':'en-us,zh-cn;q=0.8,zh;q=0.5,en;q=0.3',  'accept-encoding':'gzip, deflate',  'connection':'keep-alive',  'if-modified-since':'1366044246922'}
req.connection.remoteAddress:1366090199332:202.108.130.138
req.method:1366090199332:GET
request|Tue Apr 16 2013 13:29:59 GMT+0800 (CST)|GET|202.108.130.138|Mozilla/5.0 (Windows NT 5.1; rv:20.0) Gecko/20100101 Firefox/20.0|undefined
import:com.easysoft.service.Index
import:com.easysoft.service.Service
import:com.easysoft.util.MutiReqData
importTemplate:theme.com.easysoft.service.Index.res
import:com.easysoft.service.admin.article.getList
import:com.easysoft.service.admin.Index
import:com.easysoft.util.webFolder.getWebFolderList
import:com.easysoft.util.webFolder.readWebFolder
req.headers:1366090200668:{  'host':'17597.net',  'user-agent':'Mozilla/5.0 (Windows NT 5.1; rv:20.0) Gecko/20100101 Firefox/20.0',  'accept':'image/png,image/*;q=0.8,*/*;q=0.5',  'accept-language':'en-us,zh-cn;q=0.8,zh;q=0.5,en;q=0.3',  'accept-encoding':'gzip, deflate',  'referer':'http://17597.net/',  'connection':'keep-alive',  'if-modified-since':'1366076600114'}
req.connection.remoteAddress:1366090200668:202.108.130.138
req.method:1366090200668:GET
request|Tue Apr 16 2013 13:30:00 GMT+0800 (CST)|GET|202.108.130.138|Mozilla/5.0 (Windows NT 5.1; rv:20.0) Gecko/20100101 Firefox/20.0|http://17597.net/
req.headers:1366090200670:{  'host':'17597.net',  'user-agent':'Mozilla/5.0 (Windows NT 5.1; rv:20.0) Gecko/20100101 Firefox/20.0',  'accept':'image/png,image/*;q=0.8,*/*;q=0.5',  'accept-language':'en-us,zh-cn;q=0.8,zh;q=0.5,en;q=0.3',  'accept-encoding':'gzip, deflate',  'referer':'http://17597.net/',  'connection':'keep-alive',  'if-modified-since':'1366076600115'}
req.connection.remoteAddress:1366090200670:202.108.130.138
req.method:1366090200670:GET
request|Tue Apr 16 2013 13:30:00 GMT+0800 (CST)|GET|202.108.130.138|Mozilla/5.0 (Windows NT 5.1; rv:20.0) Gecko/20100101 Firefox/20.0|http://17597.net/
req.headers:1366090200672:{  'host':'17597.net',  'user-agent':'Mozilla/5.0 (Windows NT 5.1; rv:20.0) Gecko/20100101 Firefox/20.0',  'accept':'image/png,image/*;q=0.8,*/*;q=0.5',  'accept-language':'en-us,zh-cn;q=0.8,zh;q=0.5,en;q=0.3',  'accept-encoding':'gzip, deflate',  'referer':'http://17597.net/',  'connection':'keep-alive',  'if-modified-since':'1366076600118'}
req.connection.remoteAddress:1366090200672:202.108.130.138
req.method:1366090200672:GET
request|Tue Apr 16 2013 13:30:00 GMT+0800 (CST)|GET|202.108.130.138|Mozilla/5.0 (Windows NT 5.1; rv:20.0) Gecko/20100101 Firefox/20.0|http://17597.net/
req.headers:1366090205644:{  'host':'17597.net',  'user-agent':'Mozilla/5.0 (Windows NT 5.1; rv:20.0) Gecko/20100101 Firefox/20.0',  'accept':'text/html,application/xhtml+xml,application/xml;q=0.9,*/*;q=0.8',  'accept-language':'en-us,zh-cn;q=0.8,zh;q=0.5,en;q=0.3',  'accept-encoding':'gzip, deflate',  'connection':'keep-alive',  'if-modified-since':'1366077627393'}
req.connection.remoteAddress:1366090205644:202.108.130.138
req.method:1366090205644:GET
request|Tue Apr 16 2013 13:30:05 GMT+0800 (CST)|GET|202.108.130.138|Mozilla/5.0 (Windows NT 5.1; rv:20.0) Gecko/20100101 Firefox/20.0|undefined
import:com.easysoft.service.Login
importTemplate:com.easysoft.service.templates.Login
req.headers:1366090206427:{  'host':'17597.net',  'user-agent':'Mozilla/5.0 (Windows NT 5.1; rv:20.0) Gecko/20100101 Firefox/20.0',  'accept':'text/css,*/*;q=0.1',  'accept-language':'en-us,zh-cn;q=0.8,zh;q=0.5,en;q=0.3',  'accept-encoding':'gzip, deflate',  'referer':'http://17597.net/e/login',  'connection':'keep-alive',  'if-modified-since':'1366077628091'}
req.connection.remoteAddress:1366090206427:202.108.130.138
req.method:1366090206427:GET
request|Tue Apr 16 2013 13:30:06 GMT+0800 (CST)|GET|202.108.130.138|Mozilla/5.0 (Windows NT 5.1; rv:20.0) Gecko/20100101 Firefox/20.0|http://17597.net/e/login
import:com.easysoft.service.css_min
import:com.easysoft.service.PackService
req.headers:1366090206428:{  'host':'17597.net',  'user-agent':'Mozilla/5.0 (Windows NT 5.1; rv:20.0) Gecko/20100101 Firefox/20.0',  'accept':'*/*',  'accept-language':'en-us,zh-cn;q=0.8,zh;q=0.5,en;q=0.3',  'accept-encoding':'gzip, deflate',  'referer':'http://17597.net/e/login',  'connection':'keep-alive',  'if-modified-since':'1366077628139'}
req.connection.remoteAddress:1366090206428:202.108.130.138
req.method:1366090206428:GET
request|Tue Apr 16 2013 13:30:06 GMT+0800 (CST)|GET|202.108.130.138|Mozilla/5.0 (Windows NT 5.1; rv:20.0) Gecko/20100101 Firefox/20.0|http://17597.net/e/login
import:com.easysoft.service.admin.widget_min
req.headers:1366090206429:{  'host':'17597.net',  'user-agent':'Mozilla/5.0 (Windows NT 5.1; rv:20.0) Gecko/20100101 Firefox/20.0',  'accept':'*/*',  'accept-language':'en-us,zh-cn;q=0.8,zh;q=0.5,en;q=0.3',  'accept-encoding':'gzip, deflate',  'referer':'http://17597.net/e/login',  'connection':'keep-alive',  'if-modified-since':'1366077628092'}
req.connection.remoteAddress:1366090206429:202.108.130.138
req.method:1366090206429:GET
request|Tue Apr 16 2013 13:30:06 GMT+0800 (CST)|GET|202.108.130.138|Mozilla/5.0 (Windows NT 5.1; rv:20.0) Gecko/20100101 Firefox/20.0|http://17597.net/e/login
import:com.easysoft.service.dojo_min
req.headers:1366090211982:{  'host':'www.17597.net',  'accept-language':'zh-cn',  'connection':'close',  'user-agent':'Mozilla/5.0 (compatible; Baiduspider/2.0; +http://www.baidu.com/search/spider.html)'}
req.connection.remoteAddress:1366090211982:123.125.71.85
req.method:1366090211982:GET
request|Tue Apr 16 2013 13:30:11 GMT+0800 (CST)|GET|123.125.71.85|Mozilla/5.0 (compatible; Baiduspider/2.0; +http://www.baidu.com/search/spider.html)|undefined
req.headers:1366090222201:{  'host':'17597.net',  'user-agent':'Mozilla/5.0 (Windows NT 5.1; rv:20.0) Gecko/20100101 Firefox/20.0',  'accept':'text/html,application/xhtml+xml,application/xml;q=0.9,*/*;q=0.8',  'accept-language':'en-us,zh-cn;q=0.8,zh;q=0.5,en;q=0.3',  'accept-encoding':'gzip, deflate',  'referer':'http://17597.net/e/login',  'connection':'keep-alive',  'if-modified-since':'1366077631441'}
req.connection.remoteAddress:1366090222201:202.108.130.138
req.method:1366090222201:GET
request|Tue Apr 16 2013 13:30:22 GMT+0800 (CST)|GET|202.108.130.138|Mozilla/5.0 (Windows NT 5.1; rv:20.0) Gecko/20100101 Firefox/20.0|http://17597.net/e/login
req.headers:1366090223875:{  'host':'17597.net',  'user-agent':'Mozilla/5.0 (Windows NT 5.1; rv:20.0) Gecko/20100101 Firefox/20.0',  'accept':'image/png,image/*;q=0.8,*/*;q=0.5',  'accept-language':'en-us,zh-cn;q=0.8,zh;q=0.5,en;q=0.3',  'accept-encoding':'gzip, deflate',  'referer':'http://17597.net/e/login',  'connection':'keep-alive'}
req.connection.remoteAddress:1366090223875:202.108.130.138
req.method:1366090223875:GET
request|Tue Apr 16 2013 13:30:23 GMT+0800 (CST)|GET|202.108.130.138|Mozilla/5.0 (Windows NT 5.1; rv:20.0) Gecko/20100101 Firefox/20.0|http://17597.net/e/login
import:com.easysoft.service.CheckImg
req.headers:1366090225727:{  'host':'17597.net',  'user-agent':'Mozilla/5.0 (Windows NT 5.1; rv:20.0) Gecko/20100101 Firefox/20.0',  'accept':'text/html,application/xhtml+xml,application/xml;q=0.9,*/*;q=0.8',  'accept-language':'en-us,zh-cn;q=0.8,zh;q=0.5,en;q=0.3',  'accept-encoding':'gzip, deflate',  'referer':'http://17597.net/e/login',  'connection':'keep-alive',  'content-type':'application/x-www-form-urlencoded',  'content-length':'48'}
req.connection.remoteAddress:1366090225727:202.108.130.138
req.method:1366090225727:POST
request|Tue Apr 16 2013 13:30:25 GMT+0800 (CST)|POST|202.108.130.138|Mozilla/5.0 (Windows NT 5.1; rv:20.0) Gecko/20100101 Firefox/20.0|http://17597.net/e/login
import:com.easysoft.service.Logining

undefined:148
	    });
	     ^
SyntaxError: Unexpected token )
    at Object._import [as import] (/opt/cluster/80/_bin/script/dojos.js:66:10)
    at dojo.declare.runServer (eval at _import (/opt/cluster/80/_bin/script/dojos.js:66:10), <anonymous>:27:14)
    at eval (eval at _import (/opt/cluster/80/_bin/script/dojos.js:66:10), <anonymous>:68:9)
    at IncomingMessage.<anonymous> (/opt/cluster/80/_bin/script/dojo.js:259:7)
    at IncomingMessage.EventEmitter.emit (events.js:92:17)
    at _stream_readable.js:870:14
    at process._tickCallback (node.js:415:13)
