/opt/mongodb-linux-x86_64-2.4.0/bin/mongod --help for help and startup options
Tue Apr 16 16:47:34.805 [initandlisten] MongoDB starting : pid=3512 port=27017 dbpath=/data/db/ 64-bit host=AY1212050941431d46085
Tue Apr 16 16:47:34.805 [initandlisten] db version v2.4.0
Tue Apr 16 16:47:34.805 [initandlisten] git version: ce2d666c04b4a80af58e8bbb3388b0680e8cfeb6
Tue Apr 16 16:47:34.805 [initandlisten] build info: Linux ip-10-2-29-40 2.6.21.7-2.ec2.v1.2.fc8xen #1 SMP Fri Nov 20 17:48:28 EST 2009 x86_64 BOOST_LIB_VERSION=1_49
Tue Apr 16 16:47:34.805 [initandlisten] allocator: tcmalloc
Tue Apr 16 16:47:34.805 [initandlisten] options: {}
Tue Apr 16 16:47:36.701 [initandlisten] journal dir=/data/db/journal
Tue Apr 16 16:47:36.701 [initandlisten] recover : no journal files present, no recovery needed
Tue Apr 16 16:47:37.849 [initandlisten] waiting for connections on port 27017
Tue Apr 16 16:47:37.850 [websvr] admin web console waiting for connections on port 28017
Tue Apr 16 16:48:57.594 [initandlisten] connection accepted from 127.0.0.1:57442 #1 (1 connection now open)
Tue Apr 16 16:48:57.596 [conn1] terminating, shutdown command received
Tue Apr 16 16:48:57.596 dbexit: shutdown called
Tue Apr 16 16:48:57.596 [conn1] shutdown: going to close listening sockets...
Tue Apr 16 16:48:57.596 [conn1] closing listening socket: 9
Tue Apr 16 16:48:57.596 [conn1] closing listening socket: 10
Tue Apr 16 16:48:57.596 [conn1] closing listening socket: 11
Tue Apr 16 16:48:57.596 [conn1] removing socket file: /tmp/mongodb-27017.sock
Tue Apr 16 16:48:57.596 [conn1] shutdown: going to flush diaglog...
Tue Apr 16 16:48:57.596 [conn1] shutdown: going to close sockets...
Tue Apr 16 16:48:57.596 [conn1] shutdown: waiting for fs preallocator...
Tue Apr 16 16:48:57.596 [conn1] shutdown: lock for final commit...
Tue Apr 16 16:48:57.596 [conn1] shutdown: final commit...
Tue Apr 16 16:48:57.596 [conn1] shutdown: closing all files...
Tue Apr 16 16:48:57.596 [conn1] closeAllFiles() finished
Tue Apr 16 16:48:57.596 [conn1] journalCleanup...
Tue Apr 16 16:48:57.596 [conn1] removeJournalFiles
Tue Apr 16 16:48:57.639 [conn1] shutdown: removing fs lock...
Tue Apr 16 16:48:57.639 dbexit: really exiting now
