-----------------------
[04_16_2013 00:00:01] not exist log dir
[04_16_2013 00:00:01] /opt/cluster/80
[04_16_2013 00:00:01] run:./_restart.sh
-----------------------
[04_17_2013 00:05:01] not exist all_list.log dir
[04_17_2013 00:05:01] num:1
[04_17_2013 00:05:01] run ./_track.sh
./_log/2013.year/04.month/16.day ./_log/2013.year/04.month/16.day/cron.log
[04_17_2013 00:05:01] ----------_statistics.sh-------------
[04_17_2013 00:05:01] num:1
[04_17_2013 00:05:01] run ./_track.sh
./_log/2013.year/04.month/16.day ./_log/2013.year/04.month/16.day/_start_80_04_16_2013__00_00_06.log
[04_17_2013 00:05:01] ----------_statistics.sh-------------
[04_17_2013 00:05:01] num:1
[04_17_2013 00:05:01] run ./_track.sh
./_log/2013.year/04.month/16.day ./_log/2013.year/04.month/16.day/_start_80_04_16_2013__13_29_34.log
[04_17_2013 00:05:01] ----------_statistics.sh-------------
[04_17_2013 00:05:01] num:1
[04_17_2013 00:05:01] run ./_track.sh
./_log/2013.year/04.month/16.day ./_log/2013.year/04.month/16.day/_start_80_04_16_2013__13_30_44.log
[04_17_2013 00:05:01] ----------_statistics.sh-------------
[04_17_2013 00:05:01] num:1
[04_17_2013 00:05:01] run ./_track.sh
./_log/2013.year/04.month/16.day ./_log/2013.year/04.month/16.day/_start_80_04_16_2013__13_32_45.log
[04_17_2013 00:05:01] ----------_statistics.sh-------------
[04_17_2013 00:05:01] num:1
[04_17_2013 00:05:01] run ./_track.sh
./_log/2013.year/04.month/16.day ./_log/2013.year/04.month/16.day/_start_80_04_16_2013__13_33_43.log
[04_17_2013 00:05:01] ----------_statistics.sh-------------
[04_17_2013 00:05:01] num:1
[04_17_2013 00:05:01] run ./_track.sh
./_log/2013.year/04.month/16.day ./_log/2013.year/04.month/16.day/_start_80_04_16_2013__13_34_18.log
[04_17_2013 00:05:01] ----------_statistics.sh-------------
[04_17_2013 00:05:01] num:1
[04_17_2013 00:05:01] run ./_track.sh
./_log/2013.year/04.month/16.day ./_log/2013.year/04.month/16.day/_start_80_04_16_2013__13_35_56.log
[04_17_2013 00:05:01] ----------_statistics.sh-------------
[04_17_2013 00:05:01] num:1
[04_17_2013 00:05:01] run ./_track.sh
./_log/2013.year/04.month/16.day ./_log/2013.year/04.month/16.day/_start_80_04_16_2013__13_42_08.log
[04_17_2013 00:05:01] ----------_statistics.sh-------------
[04_17_2013 00:05:01] num:1
[04_17_2013 00:05:01] run ./_track.sh
./_log/2013.year/04.month/16.day ./_log/2013.year/04.month/16.day/_start_80_04_16_2013__13_43_45.log
[04_17_2013 00:05:01] ----------_statistics.sh-------------
[04_17_2013 00:05:01] num:1
[04_17_2013 00:05:01] run ./_track.sh
./_log/2013.year/04.month/16.day ./_log/2013.year/04.month/16.day/_start_80_04_16_2013__13_44_20.log
[04_17_2013 00:05:01] ----------_statistics.sh-------------
[04_17_2013 00:05:02] num:1
[04_17_2013 00:05:02] run ./_track.sh
./_log/2013.year/04.month/16.day ./_log/2013.year/04.month/16.day/_start_80_04_16_2013__14_02_09.log
[04_17_2013 00:05:02] ----------_statistics.sh-------------
[04_17_2013 00:05:02] num:1
[04_17_2013 00:05:02] run ./_track.sh
./_log/2013.year/04.month/16.day ./_log/2013.year/04.month/16.day/_start_80_04_16_2013__14_04_38.log
[04_17_2013 00:05:02] ----------_statistics.sh-------------
[04_17_2013 00:05:02] num:1
[04_17_2013 00:05:02] run ./_track.sh
./_log/2013.year/04.month/16.day ./_log/2013.year/04.month/16.day/_start_80_04_16_2013__14_12_26.log
[04_17_2013 00:05:02] ----------_statistics.sh-------------
[04_17_2013 00:05:02] num:1
[04_17_2013 00:05:02] run ./_track.sh
./_log/2013.year/04.month/16.day ./_log/2013.year/04.month/16.day/_start_80_04_16_2013__14_15_50.log
[04_17_2013 00:05:02] ----------_statistics.sh-------------
[04_17_2013 00:05:02] num:1
[04_17_2013 00:05:02] run ./_track.sh
./_log/2013.year/04.month/16.day ./_log/2013.year/04.month/16.day/_start_80_04_16_2013__14_16_27.log
[04_17_2013 00:05:02] ----------_statistics.sh-------------
[04_17_2013 00:05:02] num:1
[04_17_2013 00:05:02] run ./_track.sh
./_log/2013.year/04.month/16.day ./_log/2013.year/04.month/16.day/_start_80_04_16_2013__14_17_32.log
[04_17_2013 00:05:02] ----------_statistics.sh-------------
[04_17_2013 00:05:02] num:1
[04_17_2013 00:05:02] run ./_track.sh
./_log/2013.year/04.month/16.day ./_log/2013.year/04.month/16.day/_start_80_04_16_2013__14_19_53.log
[04_17_2013 00:05:02] ----------_statistics.sh-------------
[04_17_2013 00:05:02] num:1
[04_17_2013 00:05:02] run ./_track.sh
./_log/2013.year/04.month/16.day ./_log/2013.year/04.month/16.day/_start_80_04_16_2013__14_56_05.log
[04_17_2013 00:05:02] ----------_statistics.sh-------------
[04_17_2013 00:05:02] num:1
[04_17_2013 00:05:02] run ./_track.sh
./_log/2013.year/04.month/16.day ./_log/2013.year/04.month/16.day/_start_80_04_16_2013__15_48_30.log
[04_17_2013 00:05:02] ----------_statistics.sh-------------
[04_17_2013 00:05:02] num:1
[04_17_2013 00:05:02] run ./_track.sh
./_log/2013.year/04.month/16.day ./_log/2013.year/04.month/16.day/_start_80_04_16_2013__15_49_40.log
[04_17_2013 00:05:02] ----------_statistics.sh-------------
[04_17_2013 00:05:02] num:1
[04_17_2013 00:05:02] run ./_track.sh
./_log/2013.year/04.month/16.day ./_log/2013.year/04.month/16.day/_start_80_04_16_2013__15_51_57.log
[04_17_2013 00:05:02] ----------_statistics.sh-------------
[04_17_2013 00:05:02] num:1
[04_17_2013 00:05:02] run ./_track.sh
./_log/2013.year/04.month/16.day ./_log/2013.year/04.month/16.day/_start_80_04_16_2013__16_47_34.log
[04_17_2013 00:05:02] ----------_statistics.sh-------------
[04_17_2013 00:05:02] num:1
[04_17_2013 00:05:02] run ./_track.sh
./_log/2013.year/04.month/16.day ./_log/2013.year/04.month/16.day/_start_80_04_16_2013__16_49_02.log
[04_17_2013 00:05:02] ----------_statistics.sh-------------
[04_17_2013 00:05:02] num:1
[04_17_2013 00:05:02] run ./_track.sh
./_log/2013.year/04.month/16.day ./_log/2013.year/04.month/16.day/_start_80_04_16_2013__16_50_58.log
[04_17_2013 00:05:02] ----------_statistics.sh-------------
[04_17_2013 00:05:02] num:1
[04_17_2013 00:05:02] run ./_track.sh
./_log/2013.year/04.month/16.day ./_log/2013.year/04.month/16.day/_start_80_04_16_2013__16_59_27.log
[04_17_2013 00:05:02] ----------_statistics.sh-------------
[04_17_2013 00:05:02] num:1
[04_17_2013 00:05:02] run ./_track.sh
./_log/2013.year/04.month/16.day ./_log/2013.year/04.month/16.day/_start_80_04_16_2013__17_01_09.log
[04_17_2013 00:05:02] ----------_statistics.sh-------------
[04_17_2013 00:05:02] num:1
[04_17_2013 00:05:02] run ./_track.sh
./_log/2013.year/04.month/16.day ./_log/2013.year/04.month/16.day/_start_80_04_16_2013__17_09_21.log
[04_17_2013 00:05:02] ----------_statistics.sh-------------
[04_17_2013 00:05:02] num:1
[04_17_2013 00:05:02] run ./_track.sh
./_log/2013.year/04.month/16.day ./_log/2013.year/04.month/16.day/_start_mongo_04_16_2013__00_00_06.log
[04_17_2013 00:05:02] ----------_statistics.sh-------------
[04_17_2013 00:05:02] num:1
[04_17_2013 00:05:02] run ./_track.sh
./_log/2013.year/04.month/16.day ./_log/2013.year/04.month/16.day/_start_mongo_04_16_2013__13_29_34.log
[04_17_2013 00:05:02] ----------_statistics.sh-------------
[04_17_2013 00:05:02] num:1
[04_17_2013 00:05:02] run ./_track.sh
./_log/2013.year/04.month/16.day ./_log/2013.year/04.month/16.day/_start_mongo_04_16_2013__13_30_44.log
[04_17_2013 00:05:02] ----------_statistics.sh-------------
[04_17_2013 00:05:02] num:1
[04_17_2013 00:05:02] run ./_track.sh
./_log/2013.year/04.month/16.day ./_log/2013.year/04.month/16.day/_start_mongo_04_16_2013__13_32_45.log
[04_17_2013 00:05:02] ----------_statistics.sh-------------
[04_17_2013 00:05:03] num:1
[04_17_2013 00:05:03] run ./_track.sh
./_log/2013.year/04.month/16.day ./_log/2013.year/04.month/16.day/_start_mongo_04_16_2013__13_33_43.log
[04_17_2013 00:05:03] ----------_statistics.sh-------------
[04_17_2013 00:05:03] num:1
[04_17_2013 00:05:03] run ./_track.sh
./_log/2013.year/04.month/16.day ./_log/2013.year/04.month/16.day/_start_mongo_04_16_2013__13_34_18.log
[04_17_2013 00:05:03] ----------_statistics.sh-------------
[04_17_2013 00:05:03] num:1
[04_17_2013 00:05:03] run ./_track.sh
./_log/2013.year/04.month/16.day ./_log/2013.year/04.month/16.day/_start_mongo_04_16_2013__13_35_56.log
[04_17_2013 00:05:03] ----------_statistics.sh-------------
[04_17_2013 00:05:03] num:1
[04_17_2013 00:05:03] run ./_track.sh
./_log/2013.year/04.month/16.day ./_log/2013.year/04.month/16.day/_start_mongo_04_16_2013__13_42_08.log
[04_17_2013 00:05:03] ----------_statistics.sh-------------
[04_17_2013 00:05:03] num:1
[04_17_2013 00:05:03] run ./_track.sh
./_log/2013.year/04.month/16.day ./_log/2013.year/04.month/16.day/_start_mongo_04_16_2013__13_43_45.log
[04_17_2013 00:05:03] ----------_statistics.sh-------------
[04_17_2013 00:05:03] num:1
[04_17_2013 00:05:03] run ./_track.sh
./_log/2013.year/04.month/16.day ./_log/2013.year/04.month/16.day/_start_mongo_04_16_2013__13_44_20.log
[04_17_2013 00:05:03] ----------_statistics.sh-------------
[04_17_2013 00:05:03] num:1
[04_17_2013 00:05:03] run ./_track.sh
./_log/2013.year/04.month/16.day ./_log/2013.year/04.month/16.day/_start_mongo_04_16_2013__14_02_09.log
[04_17_2013 00:05:03] ----------_statistics.sh-------------
[04_17_2013 00:05:03] num:1
[04_17_2013 00:05:03] run ./_track.sh
./_log/2013.year/04.month/16.day ./_log/2013.year/04.month/16.day/_start_mongo_04_16_2013__14_04_38.log
[04_17_2013 00:05:03] ----------_statistics.sh-------------
[04_17_2013 00:05:03] num:1
[04_17_2013 00:05:03] run ./_track.sh
./_log/2013.year/04.month/16.day ./_log/2013.year/04.month/16.day/_start_mongo_04_16_2013__14_12_26.log
[04_17_2013 00:05:03] ----------_statistics.sh-------------
[04_17_2013 00:05:03] num:1
[04_17_2013 00:05:03] run ./_track.sh
./_log/2013.year/04.month/16.day ./_log/2013.year/04.month/16.day/_start_mongo_04_16_2013__14_15_50.log
[04_17_2013 00:05:03] ----------_statistics.sh-------------
[04_17_2013 00:05:03] num:1
[04_17_2013 00:05:03] run ./_track.sh
./_log/2013.year/04.month/16.day ./_log/2013.year/04.month/16.day/_start_mongo_04_16_2013__14_16_26.log
[04_17_2013 00:05:03] ----------_statistics.sh-------------
[04_17_2013 00:05:03] num:1
[04_17_2013 00:05:03] run ./_track.sh
./_log/2013.year/04.month/16.day ./_log/2013.year/04.month/16.day/_start_mongo_04_16_2013__14_17_32.log
[04_17_2013 00:05:03] ----------_statistics.sh-------------
[04_17_2013 00:05:03] num:1
[04_17_2013 00:05:03] run ./_track.sh
./_log/2013.year/04.month/16.day ./_log/2013.year/04.month/16.day/_start_mongo_04_16_2013__14_19_53.log
[04_17_2013 00:05:04] ----------_statistics.sh-------------
[04_17_2013 00:05:04] num:1
[04_17_2013 00:05:04] run ./_track.sh
./_log/2013.year/04.month/16.day ./_log/2013.year/04.month/16.day/_start_mongo_04_16_2013__14_56_05.log
[04_17_2013 00:05:04] ----------_statistics.sh-------------
[04_17_2013 00:05:04] num:1
[04_17_2013 00:05:04] run ./_track.sh
./_log/2013.year/04.month/16.day ./_log/2013.year/04.month/16.day/_start_mongo_04_16_2013__15_48_30.log
[04_17_2013 00:05:04] ----------_statistics.sh-------------
[04_17_2013 00:05:04] num:1
[04_17_2013 00:05:04] run ./_track.sh
./_log/2013.year/04.month/16.day ./_log/2013.year/04.month/16.day/_start_mongo_04_16_2013__15_49_40.log
[04_17_2013 00:05:04] ----------_statistics.sh-------------
[04_17_2013 00:05:04] num:1
[04_17_2013 00:05:04] run ./_track.sh
./_log/2013.year/04.month/16.day ./_log/2013.year/04.month/16.day/_start_mongo_04_16_2013__15_51_57.log
[04_17_2013 00:05:04] ----------_statistics.sh-------------
[04_17_2013 00:05:04] num:1
[04_17_2013 00:05:04] run ./_track.sh
./_log/2013.year/04.month/16.day ./_log/2013.year/04.month/16.day/_start_mongo_04_16_2013__16_47_34.log
[04_17_2013 00:05:04] ----------_statistics.sh-------------
[04_17_2013 00:05:04] num:1
[04_17_2013 00:05:04] run ./_track.sh
./_log/2013.year/04.month/16.day ./_log/2013.year/04.month/16.day/_start_mongo_04_16_2013__16_49_02.log
[04_17_2013 00:05:04] ----------_statistics.sh-------------
[04_17_2013 00:05:04] num:1
[04_17_2013 00:05:04] run ./_track.sh
./_log/2013.year/04.month/16.day ./_log/2013.year/04.month/16.day/_start_mongo_04_16_2013__16_50_58.log
[04_17_2013 00:05:04] ----------_statistics.sh-------------
[04_17_2013 00:05:04] num:1
[04_17_2013 00:05:04] run ./_track.sh
./_log/2013.year/04.month/16.day ./_log/2013.year/04.month/16.day/_start_mongo_04_16_2013__16_59_27.log
[04_17_2013 00:05:04] ----------_statistics.sh-------------
[04_17_2013 00:05:05] num:1
[04_17_2013 00:05:05] run ./_track.sh
./_log/2013.year/04.month/16.day ./_log/2013.year/04.month/16.day/_start_mongo_04_16_2013__17_01_09.log
[04_17_2013 00:05:05] ----------_statistics.sh-------------
[04_17_2013 00:05:05] num:1
[04_17_2013 00:05:05] run ./_track.sh
./_log/2013.year/04.month/16.day ./_log/2013.year/04.month/16.day/_start_mongo_04_16_2013__17_09_21.log
[04_17_2013 00:05:05] ----------_statistics.sh-------------
