-----------------------
[04_15_2013 00:00:01] not exist log dir
[04_15_2013 00:00:01] /opt/cluster/80
[04_15_2013 00:00:01] run:./_restart.sh
-----------------------
[04_16_2013 00:05:01] not exist all_list.log dir
[04_16_2013 00:05:01] num:1
[04_16_2013 00:05:01] run ./_track.sh
./_log/2013.year/04.month/15.day ./_log/2013.year/04.month/15.day/cron.log
[04_16_2013 00:05:01] ----------_statistics.sh-------------
[04_16_2013 00:05:01] num:1
[04_16_2013 00:05:01] run ./_track.sh
./_log/2013.year/04.month/15.day ./_log/2013.year/04.month/15.day/_start_80_04_15_2013__00_00_07.log
[04_16_2013 00:05:01] ----------_statistics.sh-------------
[04_16_2013 00:05:01] num:1
[04_16_2013 00:05:01] run ./_track.sh
./_log/2013.year/04.month/15.day ./_log/2013.year/04.month/15.day/_start_80_04_15_2013__14_13_15.log
[04_16_2013 00:05:01] ----------_statistics.sh-------------
[04_16_2013 00:05:02] num:1
[04_16_2013 00:05:02] run ./_track.sh
./_log/2013.year/04.month/15.day ./_log/2013.year/04.month/15.day/_start_80_04_15_2013__14_14_56.log
[04_16_2013 00:05:02] ----------_statistics.sh-------------
[04_16_2013 00:05:02] num:1
[04_16_2013 00:05:02] run ./_track.sh
./_log/2013.year/04.month/15.day ./_log/2013.year/04.month/15.day/_start_80_04_15_2013__14_15_58.log
[04_16_2013 00:05:02] ----------_statistics.sh-------------
[04_16_2013 00:05:02] num:1
[04_16_2013 00:05:02] run ./_track.sh
./_log/2013.year/04.month/15.day ./_log/2013.year/04.month/15.day/_start_mongo_04_15_2013__00_00_07.log
[04_16_2013 00:05:02] ----------_statistics.sh-------------
[04_16_2013 00:05:02] num:1
[04_16_2013 00:05:02] run ./_track.sh
./_log/2013.year/04.month/15.day ./_log/2013.year/04.month/15.day/_start_mongo_04_15_2013__14_13_15.log
[04_16_2013 00:05:02] ----------_statistics.sh-------------
[04_16_2013 00:05:02] num:1
[04_16_2013 00:05:02] run ./_track.sh
./_log/2013.year/04.month/15.day ./_log/2013.year/04.month/15.day/_start_mongo_04_15_2013__14_14_56.log
[04_16_2013 00:05:02] ----------_statistics.sh-------------
[04_16_2013 00:05:02] num:1
[04_16_2013 00:05:02] run ./_track.sh
./_log/2013.year/04.month/15.day ./_log/2013.year/04.month/15.day/_start_mongo_04_15_2013__14_15_58.log
[04_16_2013 00:05:02] ----------_statistics.sh-------------
