-----------------------
[04_22_2013 00:00:01] not exist log dir
[04_22_2013 00:00:01] /opt/cluster/80
[04_22_2013 00:00:01] run:./_restart.sh
-----------------------
[04_23_2013 00:05:01] not exist all_list.log dir
[04_23_2013 00:05:01] num:1
[04_23_2013 00:05:01] run ./_track.sh
./_log/2013.year/04.month/22.day ./_log/2013.year/04.month/22.day/cron.log
[04_23_2013 00:05:01] ----------_statistics.sh-------------
[04_23_2013 00:05:01] num:1
[04_23_2013 00:05:01] run ./_track.sh
./_log/2013.year/04.month/22.day ./_log/2013.year/04.month/22.day/_start_80_04_22_2013__00_00_06.log
[04_23_2013 00:05:01] ----------_statistics.sh-------------
[04_23_2013 00:05:01] num:1
[04_23_2013 00:05:01] run ./_track.sh
./_log/2013.year/04.month/22.day ./_log/2013.year/04.month/22.day/_start_80_04_22_2013__09_59_01.log
[04_23_2013 00:05:01] ----------_statistics.sh-------------
[04_23_2013 00:05:01] num:1
[04_23_2013 00:05:01] run ./_track.sh
./_log/2013.year/04.month/22.day ./_log/2013.year/04.month/22.day/_start_80_04_22_2013__10_27_16.log
[04_23_2013 00:05:01] ----------_statistics.sh-------------
[04_23_2013 00:05:01] num:1
[04_23_2013 00:05:01] run ./_track.sh
./_log/2013.year/04.month/22.day ./_log/2013.year/04.month/22.day/_start_80_04_22_2013__13_47_51.log
[04_23_2013 00:05:01] ----------_statistics.sh-------------
[04_23_2013 00:05:01] num:1
[04_23_2013 00:05:01] run ./_track.sh
./_log/2013.year/04.month/22.day ./_log/2013.year/04.month/22.day/_start_80_04_22_2013__15_16_59.log
[04_23_2013 00:05:01] ----------_statistics.sh-------------
[04_23_2013 00:05:01] num:1
[04_23_2013 00:05:01] run ./_track.sh
./_log/2013.year/04.month/22.day ./_log/2013.year/04.month/22.day/_start_80_04_22_2013__15_21_53.log
[04_23_2013 00:05:02] ----------_statistics.sh-------------
[04_23_2013 00:05:02] num:1
[04_23_2013 00:05:02] run ./_track.sh
./_log/2013.year/04.month/22.day ./_log/2013.year/04.month/22.day/_start_80_04_22_2013__15_23_56.log
[04_23_2013 00:05:02] ----------_statistics.sh-------------
[04_23_2013 00:05:02] num:1
[04_23_2013 00:05:02] run ./_track.sh
./_log/2013.year/04.month/22.day ./_log/2013.year/04.month/22.day/_start_80_04_22_2013__15_59_19.log
[04_23_2013 00:05:02] ----------_statistics.sh-------------
[04_23_2013 00:05:02] num:1
[04_23_2013 00:05:02] run ./_track.sh
./_log/2013.year/04.month/22.day ./_log/2013.year/04.month/22.day/_start_80_04_22_2013__16_20_24.log
[04_23_2013 00:05:02] ----------_statistics.sh-------------
[04_23_2013 00:05:02] num:1
[04_23_2013 00:05:02] run ./_track.sh
./_log/2013.year/04.month/22.day ./_log/2013.year/04.month/22.day/_start_80_04_22_2013__16_44_33.log
[04_23_2013 00:05:02] ----------_statistics.sh-------------
[04_23_2013 00:05:02] num:1
[04_23_2013 00:05:02] run ./_track.sh
./_log/2013.year/04.month/22.day ./_log/2013.year/04.month/22.day/_start_80_04_22_2013__16_52_10.log
[04_23_2013 00:05:02] ----------_statistics.sh-------------
[04_23_2013 00:05:02] num:1
[04_23_2013 00:05:02] run ./_track.sh
./_log/2013.year/04.month/22.day ./_log/2013.year/04.month/22.day/_start_80_04_22_2013__16_54_03.log
[04_23_2013 00:05:02] ----------_statistics.sh-------------
[04_23_2013 00:05:02] num:1
[04_23_2013 00:05:02] run ./_track.sh
./_log/2013.year/04.month/22.day ./_log/2013.year/04.month/22.day/_start_mongo_04_22_2013__00_00_06.log
[04_23_2013 00:05:02] ----------_statistics.sh-------------
[04_23_2013 00:05:02] num:1
[04_23_2013 00:05:02] run ./_track.sh
./_log/2013.year/04.month/22.day ./_log/2013.year/04.month/22.day/_start_mongo_04_22_2013__09_59_01.log
[04_23_2013 00:05:02] ----------_statistics.sh-------------
[04_23_2013 00:05:02] num:1
[04_23_2013 00:05:02] run ./_track.sh
./_log/2013.year/04.month/22.day ./_log/2013.year/04.month/22.day/_start_mongo_04_22_2013__10_27_16.log
[04_23_2013 00:05:02] ----------_statistics.sh-------------
[04_23_2013 00:05:02] num:1
[04_23_2013 00:05:02] run ./_track.sh
./_log/2013.year/04.month/22.day ./_log/2013.year/04.month/22.day/_start_mongo_04_22_2013__13_47_51.log
[04_23_2013 00:05:02] ----------_statistics.sh-------------
[04_23_2013 00:05:02] num:1
[04_23_2013 00:05:02] run ./_track.sh
./_log/2013.year/04.month/22.day ./_log/2013.year/04.month/22.day/_start_mongo_04_22_2013__15_16_59.log
[04_23_2013 00:05:02] ----------_statistics.sh-------------
[04_23_2013 00:05:02] num:1
[04_23_2013 00:05:02] run ./_track.sh
./_log/2013.year/04.month/22.day ./_log/2013.year/04.month/22.day/_start_mongo_04_22_2013__15_21_53.log
[04_23_2013 00:05:02] ----------_statistics.sh-------------
[04_23_2013 00:05:02] num:1
[04_23_2013 00:05:02] run ./_track.sh
./_log/2013.year/04.month/22.day ./_log/2013.year/04.month/22.day/_start_mongo_04_22_2013__15_23_56.log
[04_23_2013 00:05:02] ----------_statistics.sh-------------
[04_23_2013 00:05:02] num:1
[04_23_2013 00:05:02] run ./_track.sh
./_log/2013.year/04.month/22.day ./_log/2013.year/04.month/22.day/_start_mongo_04_22_2013__15_59_19.log
[04_23_2013 00:05:02] ----------_statistics.sh-------------
[04_23_2013 00:05:02] num:1
[04_23_2013 00:05:02] run ./_track.sh
./_log/2013.year/04.month/22.day ./_log/2013.year/04.month/22.day/_start_mongo_04_22_2013__16_20_23.log
[04_23_2013 00:05:02] ----------_statistics.sh-------------
[04_23_2013 00:05:02] num:1
[04_23_2013 00:05:02] run ./_track.sh
./_log/2013.year/04.month/22.day ./_log/2013.year/04.month/22.day/_start_mongo_04_22_2013__16_44_33.log
[04_23_2013 00:05:02] ----------_statistics.sh-------------
[04_23_2013 00:05:03] num:1
[04_23_2013 00:05:03] run ./_track.sh
./_log/2013.year/04.month/22.day ./_log/2013.year/04.month/22.day/_start_mongo_04_22_2013__16_52_10.log
[04_23_2013 00:05:03] ----------_statistics.sh-------------
[04_23_2013 00:05:03] num:1
[04_23_2013 00:05:03] run ./_track.sh
./_log/2013.year/04.month/22.day ./_log/2013.year/04.month/22.day/_start_mongo_04_22_2013__16_54_03.log
[04_23_2013 00:05:03] ----------_statistics.sh-------------
