Mozilla/5.0 (compatible; AhrefsBot/4.0; +http://ahrefs.com/robot/) 	 23
Mozilla/5.0 (compatible; Baiduspider/2.0; +http://www.baidu.com/search/spider.html) 	 16
Mozilla/5.0 (compatible; EasouSpider; +http://www.easou.com/search/spider.html) 	 212
Mozilla/5.0 (compatible; JikeSpider; +http://shoulu.jike.com/spider.html) 	 6
Mozilla/5.0 (compatible; Googlebot/2.1; +http://www.google.com/bot.html) 	 4
Mozilla/5.0 (compatible; bingbot/2.0; +http://www.bing.com/bingbot.htm) 	 2
Mozilla/4.0 (compatible; MSIE 8.0; Windows NT 6.1; Trident/4.0; SLCC2; .NET CLR 2.0.50727; .NET CLR 3.5.30729; .NET CLR 3.0.30729; Media Center PC 6.0; MDDR; .NET4.0C; .NET4.0E; .NET CLR 1.1.4322; Tablet PC 2.0); 360Spider 	 41
Mozilla/5.0 (compatible; MJ12bot/v1.4.3; http://www.majestic12.co.uk/bot.php?+) 	 5
Mozilla/5.0 (Windows; U; Windows NT 5.1; zh-CN; rv:1.8.0.11)  Firefox/1.5.0.11; 360Spider 	 109
Sosospider+(+http://help.soso.com/webspider.htm) 	 6
Mozilla/5.0 (compatible; AhrefsBot/4.0; +http://ahrefs.com/robot/) 	 25
Mozilla/5.0 (compatible; Baiduspider/2.0; +http://www.baidu.com/search/spider.html) 	 17
Mozilla/5.0 (compatible; EasouSpider; +http://www.easou.com/search/spider.html) 	 228
Mozilla/5.0 (compatible; JikeSpider; +http://shoulu.jike.com/spider.html) 	 7
Mozilla/5.0 (compatible; Googlebot/2.1; +http://www.google.com/bot.html) 	 4
Mozilla/5.0 (compatible; bingbot/2.0; +http://www.bing.com/bingbot.htm) 	 2
Mozilla/4.0 (compatible; MSIE 8.0; Windows NT 6.1; Trident/4.0; SLCC2; .NET CLR 2.0.50727; .NET CLR 3.5.30729; .NET CLR 3.0.30729; Media Center PC 6.0; MDDR; .NET4.0C; .NET4.0E; .NET CLR 1.1.4322; Tablet PC 2.0); 360Spider 	 41
Mozilla/5.0 (compatible; MJ12bot/v1.4.3; http://www.majestic12.co.uk/bot.php?+) 	 5
Mozilla/5.0 (Windows; U; Windows NT 5.1; zh-CN; rv:1.8.0.11)  Firefox/1.5.0.11; 360Spider 	 109
Sosospider+(+http://help.soso.com/webspider.htm) 	 6
Mozilla/5.0 (compatible; AhrefsBot/4.0; +http://ahrefs.com/robot/) 	 31
Mozilla/5.0 (compatible; Baiduspider/2.0; +http://www.baidu.com/search/spider.html) 	 22
Mozilla/5.0 (compatible; EasouSpider; +http://www.easou.com/search/spider.html) 	 279
Mozilla/5.0 (compatible; JikeSpider; +http://shoulu.jike.com/spider.html) 	 10
Mozilla/5.0 (compatible; Googlebot/2.1; +http://www.google.com/bot.html) 	 4
Mozilla/5.0 (compatible; bingbot/2.0; +http://www.bing.com/bingbot.htm) 	 4
Mozilla/4.0 (compatible; MSIE 8.0; Windows NT 6.1; Trident/4.0; SLCC2; .NET CLR 2.0.50727; .NET CLR 3.5.30729; .NET CLR 3.0.30729; Media Center PC 6.0; MDDR; .NET4.0C; .NET4.0E; .NET CLR 1.1.4322; Tablet PC 2.0); 360Spider 	 41
Mozilla/5.0 (compatible; MJ12bot/v1.4.3; http://www.majestic12.co.uk/bot.php?+) 	 5
Mozilla/5.0 (Windows; U; Windows NT 5.1; zh-CN; rv:1.8.0.11)  Firefox/1.5.0.11; 360Spider 	 111
Sosospider+(+http://help.soso.com/webspider.htm) 	 11
Mozilla/5.0 (compatible; AhrefsBot/4.0; +http://ahrefs.com/robot/) 	 33
Mozilla/5.0 (compatible; Baiduspider/2.0; +http://www.baidu.com/search/spider.html) 	 26
Mozilla/5.0 (compatible; EasouSpider; +http://www.easou.com/search/spider.html) 	 321
Mozilla/5.0 (compatible; JikeSpider; +http://shoulu.jike.com/spider.html) 	 14
Mozilla/5.0 (compatible; Googlebot/2.1; +http://www.google.com/bot.html) 	 8
Mozilla/5.0 (compatible; bingbot/2.0; +http://www.bing.com/bingbot.htm) 	 4
Mozilla/4.0 (compatible; MSIE 8.0; Windows NT 6.1; Trident/4.0; SLCC2; .NET CLR 2.0.50727; .NET CLR 3.5.30729; .NET CLR 3.0.30729; Media Center PC 6.0; MDDR; .NET4.0C; .NET4.0E; .NET CLR 1.1.4322; Tablet PC 2.0); 360Spider 	 41
Mozilla/5.0 (compatible; MJ12bot/v1.4.3; http://www.majestic12.co.uk/bot.php?+) 	 5
Mozilla/5.0 (Windows; U; Windows NT 5.1; zh-CN; rv:1.8.0.11)  Firefox/1.5.0.11; 360Spider 	 111
Sosospider+(+http://help.soso.com/webspider.htm) 	 13
Mozilla/5.0 (compatible; AhrefsBot/4.0; +http://ahrefs.com/robot/) 	 33
Mozilla/5.0 (compatible; Baiduspider/2.0; +http://www.baidu.com/search/spider.html) 	 26
Mozilla/5.0 (compatible; EasouSpider; +http://www.easou.com/search/spider.html) 	 321
Mozilla/5.0 (compatible; JikeSpider; +http://shoulu.jike.com/spider.html) 	 14
Mozilla/5.0 (compatible; Googlebot/2.1; +http://www.google.com/bot.html) 	 8
Mozilla/5.0 (compatible; bingbot/2.0; +http://www.bing.com/bingbot.htm) 	 4
Mozilla/4.0 (compatible; MSIE 8.0; Windows NT 6.1; Trident/4.0; SLCC2; .NET CLR 2.0.50727; .NET CLR 3.5.30729; .NET CLR 3.0.30729; Media Center PC 6.0; MDDR; .NET4.0C; .NET4.0E; .NET CLR 1.1.4322; Tablet PC 2.0); 360Spider 	 41
Mozilla/5.0 (compatible; MJ12bot/v1.4.3; http://www.majestic12.co.uk/bot.php?+) 	 5
Mozilla/5.0 (Windows; U; Windows NT 5.1; zh-CN; rv:1.8.0.11)  Firefox/1.5.0.11; 360Spider 	 111
Sosospider+(+http://help.soso.com/webspider.htm) 	 13
Mozilla/5.0 (compatible; AhrefsBot/4.0; +http://ahrefs.com/robot/) 	 33
Mozilla/5.0 (compatible; Baiduspider/2.0; +http://www.baidu.com/search/spider.html) 	 26
Mozilla/5.0 (compatible; EasouSpider; +http://www.easou.com/search/spider.html) 	 321
Mozilla/5.0 (compatible; JikeSpider; +http://shoulu.jike.com/spider.html) 	 14
Mozilla/5.0 (compatible; Googlebot/2.1; +http://www.google.com/bot.html) 	 8
Mozilla/5.0 (compatible; bingbot/2.0; +http://www.bing.com/bingbot.htm) 	 4
Mozilla/4.0 (compatible; MSIE 8.0; Windows NT 6.1; Trident/4.0; SLCC2; .NET CLR 2.0.50727; .NET CLR 3.5.30729; .NET CLR 3.0.30729; Media Center PC 6.0; MDDR; .NET4.0C; .NET4.0E; .NET CLR 1.1.4322; Tablet PC 2.0); 360Spider 	 41
Mozilla/5.0 (compatible; MJ12bot/v1.4.3; http://www.majestic12.co.uk/bot.php?+) 	 5
Mozilla/5.0 (Windows; U; Windows NT 5.1; zh-CN; rv:1.8.0.11)  Firefox/1.5.0.11; 360Spider 	 111
Sosospider+(+http://help.soso.com/webspider.htm) 	 13
Mozilla/5.0 (compatible; AhrefsBot/4.0; +http://ahrefs.com/robot/) 	 33
Mozilla/5.0 (compatible; Baiduspider/2.0; +http://www.baidu.com/search/spider.html) 	 27
Mozilla/5.0 (compatible; EasouSpider; +http://www.easou.com/search/spider.html) 	 338
Mozilla/5.0 (compatible; JikeSpider; +http://shoulu.jike.com/spider.html) 	 17
Mozilla/5.0 (compatible; Googlebot/2.1; +http://www.google.com/bot.html) 	 8
Mozilla/5.0 (compatible; bingbot/2.0; +http://www.bing.com/bingbot.htm) 	 4
Mozilla/4.0 (compatible; MSIE 8.0; Windows NT 6.1; Trident/4.0; SLCC2; .NET CLR 2.0.50727; .NET CLR 3.5.30729; .NET CLR 3.0.30729; Media Center PC 6.0; MDDR; .NET4.0C; .NET4.0E; .NET CLR 1.1.4322; Tablet PC 2.0); 360Spider 	 41
Mozilla/5.0 (compatible; MJ12bot/v1.4.3; http://www.majestic12.co.uk/bot.php?+) 	 5
Mozilla/5.0 (Windows; U; Windows NT 5.1; zh-CN; rv:1.8.0.11)  Firefox/1.5.0.11; 360Spider 	 111
Sosospider+(+http://help.soso.com/webspider.htm) 	 13
Sogou web spider/4.0(+http://www.sogou.com/docs/help/webmasters.htm#07) 	 1
Sogou web spider/4.0 	 1
Mozilla/5.0 (compatible; AhrefsBot/4.0; +http://ahrefs.com/robot/) 	 33
Mozilla/5.0 (compatible; Baiduspider/2.0; +http://www.baidu.com/search/spider.html) 	 27
Mozilla/5.0 (compatible; EasouSpider; +http://www.easou.com/search/spider.html) 	 346
Mozilla/5.0 (compatible; JikeSpider; +http://shoulu.jike.com/spider.html) 	 17
Mozilla/5.0 (compatible; Googlebot/2.1; +http://www.google.com/bot.html) 	 8
Mozilla/5.0 (compatible; bingbot/2.0; +http://www.bing.com/bingbot.htm) 	 4
Mozilla/4.0 (compatible; MSIE 8.0; Windows NT 6.1; Trident/4.0; SLCC2; .NET CLR 2.0.50727; .NET CLR 3.5.30729; .NET CLR 3.0.30729; Media Center PC 6.0; MDDR; .NET4.0C; .NET4.0E; .NET CLR 1.1.4322; Tablet PC 2.0); 360Spider 	 41
Mozilla/5.0 (compatible; MJ12bot/v1.4.3; http://www.majestic12.co.uk/bot.php?+) 	 5
Mozilla/5.0 (Windows; U; Windows NT 5.1; zh-CN; rv:1.8.0.11)  Firefox/1.5.0.11; 360Spider 	 111
Sosospider+(+http://help.soso.com/webspider.htm) 	 13
Sogou web spider/4.0(+http://www.sogou.com/docs/help/webmasters.htm#07) 	 1
Sogou web spider/4.0 	 1
Mozilla/5.0 (compatible; AhrefsBot/4.0; +http://ahrefs.com/robot/) 	 33
Mozilla/5.0 (compatible; Baiduspider/2.0; +http://www.baidu.com/search/spider.html) 	 27
Mozilla/5.0 (compatible; EasouSpider; +http://www.easou.com/search/spider.html) 	 346
Mozilla/5.0 (compatible; JikeSpider; +http://shoulu.jike.com/spider.html) 	 17
Mozilla/5.0 (compatible; Googlebot/2.1; +http://www.google.com/bot.html) 	 8
Mozilla/5.0 (compatible; bingbot/2.0; +http://www.bing.com/bingbot.htm) 	 4
Mozilla/4.0 (compatible; MSIE 8.0; Windows NT 6.1; Trident/4.0; SLCC2; .NET CLR 2.0.50727; .NET CLR 3.5.30729; .NET CLR 3.0.30729; Media Center PC 6.0; MDDR; .NET4.0C; .NET4.0E; .NET CLR 1.1.4322; Tablet PC 2.0); 360Spider 	 41
Mozilla/5.0 (compatible; MJ12bot/v1.4.3; http://www.majestic12.co.uk/bot.php?+) 	 5
Mozilla/5.0 (Windows; U; Windows NT 5.1; zh-CN; rv:1.8.0.11)  Firefox/1.5.0.11; 360Spider 	 111
Sosospider+(+http://help.soso.com/webspider.htm) 	 13
Sogou web spider/4.0(+http://www.sogou.com/docs/help/webmasters.htm#07) 	 1
Sogou web spider/4.0 	 1
Mozilla/5.0 (compatible; AhrefsBot/4.0; +http://ahrefs.com/robot/) 	 33
Mozilla/5.0 (compatible; Baiduspider/2.0; +http://www.baidu.com/search/spider.html) 	 27
Mozilla/5.0 (compatible; EasouSpider; +http://www.easou.com/search/spider.html) 	 360
Mozilla/5.0 (compatible; JikeSpider; +http://shoulu.jike.com/spider.html) 	 17
Mozilla/5.0 (compatible; Googlebot/2.1; +http://www.google.com/bot.html) 	 8
Mozilla/5.0 (compatible; bingbot/2.0; +http://www.bing.com/bingbot.htm) 	 4
Mozilla/4.0 (compatible; MSIE 8.0; Windows NT 6.1; Trident/4.0; SLCC2; .NET CLR 2.0.50727; .NET CLR 3.5.30729; .NET CLR 3.0.30729; Media Center PC 6.0; MDDR; .NET4.0C; .NET4.0E; .NET CLR 1.1.4322; Tablet PC 2.0); 360Spider 	 41
Mozilla/5.0 (compatible; MJ12bot/v1.4.3; http://www.majestic12.co.uk/bot.php?+) 	 5
Mozilla/5.0 (Windows; U; Windows NT 5.1; zh-CN; rv:1.8.0.11)  Firefox/1.5.0.11; 360Spider 	 111
Sosospider+(+http://help.soso.com/webspider.htm) 	 13
Sogou web spider/4.0(+http://www.sogou.com/docs/help/webmasters.htm#07) 	 1
Sogou web spider/4.0 	 1
Mozilla/5.0 (compatible; AhrefsBot/4.0; +http://ahrefs.com/robot/) 	 33
Mozilla/5.0 (compatible; Baiduspider/2.0; +http://www.baidu.com/search/spider.html) 	 27
Mozilla/5.0 (compatible; EasouSpider; +http://www.easou.com/search/spider.html) 	 360
Mozilla/5.0 (compatible; JikeSpider; +http://shoulu.jike.com/spider.html) 	 17
Mozilla/5.0 (compatible; Googlebot/2.1; +http://www.google.com/bot.html) 	 8
Mozilla/5.0 (compatible; bingbot/2.0; +http://www.bing.com/bingbot.htm) 	 4
Mozilla/4.0 (compatible; MSIE 8.0; Windows NT 6.1; Trident/4.0; SLCC2; .NET CLR 2.0.50727; .NET CLR 3.5.30729; .NET CLR 3.0.30729; Media Center PC 6.0; MDDR; .NET4.0C; .NET4.0E; .NET CLR 1.1.4322; Tablet PC 2.0); 360Spider 	 41
Mozilla/5.0 (compatible; MJ12bot/v1.4.3; http://www.majestic12.co.uk/bot.php?+) 	 5
Mozilla/5.0 (Windows; U; Windows NT 5.1; zh-CN; rv:1.8.0.11)  Firefox/1.5.0.11; 360Spider 	 111
Sosospider+(+http://help.soso.com/webspider.htm) 	 13
Sogou web spider/4.0(+http://www.sogou.com/docs/help/webmasters.htm#07) 	 2
Sogou web spider/4.0 	 1
Mozilla/5.0 (compatible; AhrefsBot/4.0; +http://ahrefs.com/robot/) 	 33
Mozilla/5.0 (compatible; Baiduspider/2.0; +http://www.baidu.com/search/spider.html) 	 36
Mozilla/5.0 (compatible; EasouSpider; +http://www.easou.com/search/spider.html) 	 523
Mozilla/5.0 (compatible; JikeSpider; +http://shoulu.jike.com/spider.html) 	 21
Mozilla/5.0 (compatible; Googlebot/2.1; +http://www.google.com/bot.html) 	 8
Mozilla/5.0 (compatible; bingbot/2.0; +http://www.bing.com/bingbot.htm) 	 6
Mozilla/4.0 (compatible; MSIE 8.0; Windows NT 6.1; Trident/4.0; SLCC2; .NET CLR 2.0.50727; .NET CLR 3.5.30729; .NET CLR 3.0.30729; Media Center PC 6.0; MDDR; .NET4.0C; .NET4.0E; .NET CLR 1.1.4322; Tablet PC 2.0); 360Spider 	 47
Mozilla/5.0 (compatible; MJ12bot/v1.4.3; http://www.majestic12.co.uk/bot.php?+) 	 5
Mozilla/5.0 (Windows; U; Windows NT 5.1; zh-CN; rv:1.8.0.11)  Firefox/1.5.0.11; 360Spider 	 158
Sosospider+(+http://help.soso.com/webspider.htm) 	 17
Sogou web spider/4.0(+http://www.sogou.com/docs/help/webmasters.htm#07) 	 2
Sogou web spider/4.0 	 1
Mozilla/5.0 (compatible; AhrefsBot/4.0; +http://ahrefs.com/robot/) 	 33
Mozilla/5.0 (compatible; Baiduspider/2.0; +http://www.baidu.com/search/spider.html) 	 36
Mozilla/5.0 (compatible; EasouSpider; +http://www.easou.com/search/spider.html) 	 523
Mozilla/5.0 (compatible; JikeSpider; +http://shoulu.jike.com/spider.html) 	 21
Mozilla/5.0 (compatible; Googlebot/2.1; +http://www.google.com/bot.html) 	 8
Mozilla/5.0 (compatible; bingbot/2.0; +http://www.bing.com/bingbot.htm) 	 6
Mozilla/4.0 (compatible; MSIE 8.0; Windows NT 6.1; Trident/4.0; SLCC2; .NET CLR 2.0.50727; .NET CLR 3.5.30729; .NET CLR 3.0.30729; Media Center PC 6.0; MDDR; .NET4.0C; .NET4.0E; .NET CLR 1.1.4322; Tablet PC 2.0); 360Spider 	 47
Mozilla/5.0 (compatible; MJ12bot/v1.4.3; http://www.majestic12.co.uk/bot.php?+) 	 5
Mozilla/5.0 (Windows; U; Windows NT 5.1; zh-CN; rv:1.8.0.11)  Firefox/1.5.0.11; 360Spider 	 158
Sosospider+(+http://help.soso.com/webspider.htm) 	 17
Sogou web spider/4.0(+http://www.sogou.com/docs/help/webmasters.htm#07) 	 2
Sogou web spider/4.0 	 1
Mozilla/5.0 (compatible; AhrefsBot/4.0; +http://ahrefs.com/robot/) 	 33
Mozilla/5.0 (compatible; Baiduspider/2.0; +http://www.baidu.com/search/spider.html) 	 36
Mozilla/5.0 (compatible; EasouSpider; +http://www.easou.com/search/spider.html) 	 523
Mozilla/5.0 (compatible; JikeSpider; +http://shoulu.jike.com/spider.html) 	 21
Mozilla/5.0 (compatible; Googlebot/2.1; +http://www.google.com/bot.html) 	 8
Mozilla/5.0 (compatible; bingbot/2.0; +http://www.bing.com/bingbot.htm) 	 6
Mozilla/4.0 (compatible; MSIE 8.0; Windows NT 6.1; Trident/4.0; SLCC2; .NET CLR 2.0.50727; .NET CLR 3.5.30729; .NET CLR 3.0.30729; Media Center PC 6.0; MDDR; .NET4.0C; .NET4.0E; .NET CLR 1.1.4322; Tablet PC 2.0); 360Spider 	 47
Mozilla/5.0 (compatible; MJ12bot/v1.4.3; http://www.majestic12.co.uk/bot.php?+) 	 5
Mozilla/5.0 (Windows; U; Windows NT 5.1; zh-CN; rv:1.8.0.11)  Firefox/1.5.0.11; 360Spider 	 158
Sosospider+(+http://help.soso.com/webspider.htm) 	 17
Sogou web spider/4.0(+http://www.sogou.com/docs/help/webmasters.htm#07) 	 2
Sogou web spider/4.0 	 1
Mozilla/5.0 (compatible; AhrefsBot/4.0; +http://ahrefs.com/robot/) 	 33
Mozilla/5.0 (compatible; Baiduspider/2.0; +http://www.baidu.com/search/spider.html) 	 36
Mozilla/5.0 (compatible; EasouSpider; +http://www.easou.com/search/spider.html) 	 523
Mozilla/5.0 (compatible; JikeSpider; +http://shoulu.jike.com/spider.html) 	 21
Mozilla/5.0 (compatible; Googlebot/2.1; +http://www.google.com/bot.html) 	 8
Mozilla/5.0 (compatible; bingbot/2.0; +http://www.bing.com/bingbot.htm) 	 6
Mozilla/4.0 (compatible; MSIE 8.0; Windows NT 6.1; Trident/4.0; SLCC2; .NET CLR 2.0.50727; .NET CLR 3.5.30729; .NET CLR 3.0.30729; Media Center PC 6.0; MDDR; .NET4.0C; .NET4.0E; .NET CLR 1.1.4322; Tablet PC 2.0); 360Spider 	 47
Mozilla/5.0 (compatible; MJ12bot/v1.4.3; http://www.majestic12.co.uk/bot.php?+) 	 5
Mozilla/5.0 (Windows; U; Windows NT 5.1; zh-CN; rv:1.8.0.11)  Firefox/1.5.0.11; 360Spider 	 158
Sosospider+(+http://help.soso.com/webspider.htm) 	 17
Sogou web spider/4.0(+http://www.sogou.com/docs/help/webmasters.htm#07) 	 2
Sogou web spider/4.0 	 1
Mozilla/5.0 (compatible; AhrefsBot/4.0; +http://ahrefs.com/robot/) 	 33
Mozilla/5.0 (compatible; Baiduspider/2.0; +http://www.baidu.com/search/spider.html) 	 36
Mozilla/5.0 (compatible; EasouSpider; +http://www.easou.com/search/spider.html) 	 523
Mozilla/5.0 (compatible; JikeSpider; +http://shoulu.jike.com/spider.html) 	 21
Mozilla/5.0 (compatible; Googlebot/2.1; +http://www.google.com/bot.html) 	 8
Mozilla/5.0 (compatible; bingbot/2.0; +http://www.bing.com/bingbot.htm) 	 6
Mozilla/4.0 (compatible; MSIE 8.0; Windows NT 6.1; Trident/4.0; SLCC2; .NET CLR 2.0.50727; .NET CLR 3.5.30729; .NET CLR 3.0.30729; Media Center PC 6.0; MDDR; .NET4.0C; .NET4.0E; .NET CLR 1.1.4322; Tablet PC 2.0); 360Spider 	 47
Mozilla/5.0 (compatible; MJ12bot/v1.4.3; http://www.majestic12.co.uk/bot.php?+) 	 5
Mozilla/5.0 (Windows; U; Windows NT 5.1; zh-CN; rv:1.8.0.11)  Firefox/1.5.0.11; 360Spider 	 158
Sosospider+(+http://help.soso.com/webspider.htm) 	 17
Sogou web spider/4.0(+http://www.sogou.com/docs/help/webmasters.htm#07) 	 2
Sogou web spider/4.0 	 1
Mozilla/5.0 (compatible; AhrefsBot/4.0; +http://ahrefs.com/robot/) 	 33
Mozilla/5.0 (compatible; Baiduspider/2.0; +http://www.baidu.com/search/spider.html) 	 36
Mozilla/5.0 (compatible; EasouSpider; +http://www.easou.com/search/spider.html) 	 523
Mozilla/5.0 (compatible; JikeSpider; +http://shoulu.jike.com/spider.html) 	 21
Mozilla/5.0 (compatible; Googlebot/2.1; +http://www.google.com/bot.html) 	 8
Mozilla/5.0 (compatible; bingbot/2.0; +http://www.bing.com/bingbot.htm) 	 6
Mozilla/4.0 (compatible; MSIE 8.0; Windows NT 6.1; Trident/4.0; SLCC2; .NET CLR 2.0.50727; .NET CLR 3.5.30729; .NET CLR 3.0.30729; Media Center PC 6.0; MDDR; .NET4.0C; .NET4.0E; .NET CLR 1.1.4322; Tablet PC 2.0); 360Spider 	 47
Mozilla/5.0 (compatible; MJ12bot/v1.4.3; http://www.majestic12.co.uk/bot.php?+) 	 5
Mozilla/5.0 (Windows; U; Windows NT 5.1; zh-CN; rv:1.8.0.11)  Firefox/1.5.0.11; 360Spider 	 158
Sosospider+(+http://help.soso.com/webspider.htm) 	 17
Sogou web spider/4.0(+http://www.sogou.com/docs/help/webmasters.htm#07) 	 2
Sogou web spider/4.0 	 1
Mozilla/5.0 (compatible; AhrefsBot/4.0; +http://ahrefs.com/robot/) 	 33
Mozilla/5.0 (compatible; Baiduspider/2.0; +http://www.baidu.com/search/spider.html) 	 36
Mozilla/5.0 (compatible; EasouSpider; +http://www.easou.com/search/spider.html) 	 523
Mozilla/5.0 (compatible; JikeSpider; +http://shoulu.jike.com/spider.html) 	 21
Mozilla/5.0 (compatible; Googlebot/2.1; +http://www.google.com/bot.html) 	 8
Mozilla/5.0 (compatible; bingbot/2.0; +http://www.bing.com/bingbot.htm) 	 6
Mozilla/4.0 (compatible; MSIE 8.0; Windows NT 6.1; Trident/4.0; SLCC2; .NET CLR 2.0.50727; .NET CLR 3.5.30729; .NET CLR 3.0.30729; Media Center PC 6.0; MDDR; .NET4.0C; .NET4.0E; .NET CLR 1.1.4322; Tablet PC 2.0); 360Spider 	 47
Mozilla/5.0 (compatible; MJ12bot/v1.4.3; http://www.majestic12.co.uk/bot.php?+) 	 5
Mozilla/5.0 (Windows; U; Windows NT 5.1; zh-CN; rv:1.8.0.11)  Firefox/1.5.0.11; 360Spider 	 158
Sosospider+(+http://help.soso.com/webspider.htm) 	 17
Sogou web spider/4.0(+http://www.sogou.com/docs/help/webmasters.htm#07) 	 2
Sogou web spider/4.0 	 1
Mozilla/5.0 (compatible; AhrefsBot/4.0; +http://ahrefs.com/robot/) 	 33
Mozilla/5.0 (compatible; Baiduspider/2.0; +http://www.baidu.com/search/spider.html) 	 36
Mozilla/5.0 (compatible; EasouSpider; +http://www.easou.com/search/spider.html) 	 523
Mozilla/5.0 (compatible; JikeSpider; +http://shoulu.jike.com/spider.html) 	 21
Mozilla/5.0 (compatible; Googlebot/2.1; +http://www.google.com/bot.html) 	 8
Mozilla/5.0 (compatible; bingbot/2.0; +http://www.bing.com/bingbot.htm) 	 6
Mozilla/4.0 (compatible; MSIE 8.0; Windows NT 6.1; Trident/4.0; SLCC2; .NET CLR 2.0.50727; .NET CLR 3.5.30729; .NET CLR 3.0.30729; Media Center PC 6.0; MDDR; .NET4.0C; .NET4.0E; .NET CLR 1.1.4322; Tablet PC 2.0); 360Spider 	 47
Mozilla/5.0 (compatible; MJ12bot/v1.4.3; http://www.majestic12.co.uk/bot.php?+) 	 5
Mozilla/5.0 (Windows; U; Windows NT 5.1; zh-CN; rv:1.8.0.11)  Firefox/1.5.0.11; 360Spider 	 158
Sosospider+(+http://help.soso.com/webspider.htm) 	 17
Sogou web spider/4.0(+http://www.sogou.com/docs/help/webmasters.htm#07) 	 2
Sogou web spider/4.0 	 1
Mozilla/5.0 (compatible; AhrefsBot/4.0; +http://ahrefs.com/robot/) 	 33
Mozilla/5.0 (compatible; Baiduspider/2.0; +http://www.baidu.com/search/spider.html) 	 36
Mozilla/5.0 (compatible; EasouSpider; +http://www.easou.com/search/spider.html) 	 523
Mozilla/5.0 (compatible; JikeSpider; +http://shoulu.jike.com/spider.html) 	 21
Mozilla/5.0 (compatible; Googlebot/2.1; +http://www.google.com/bot.html) 	 8
Mozilla/5.0 (compatible; bingbot/2.0; +http://www.bing.com/bingbot.htm) 	 6
Mozilla/4.0 (compatible; MSIE 8.0; Windows NT 6.1; Trident/4.0; SLCC2; .NET CLR 2.0.50727; .NET CLR 3.5.30729; .NET CLR 3.0.30729; Media Center PC 6.0; MDDR; .NET4.0C; .NET4.0E; .NET CLR 1.1.4322; Tablet PC 2.0); 360Spider 	 47
Mozilla/5.0 (compatible; MJ12bot/v1.4.3; http://www.majestic12.co.uk/bot.php?+) 	 5
Mozilla/5.0 (Windows; U; Windows NT 5.1; zh-CN; rv:1.8.0.11)  Firefox/1.5.0.11; 360Spider 	 158
Sosospider+(+http://help.soso.com/webspider.htm) 	 17
Sogou web spider/4.0(+http://www.sogou.com/docs/help/webmasters.htm#07) 	 2
Sogou web spider/4.0 	 1
Mozilla/5.0 (compatible; AhrefsBot/4.0; +http://ahrefs.com/robot/) 	 33
Mozilla/5.0 (compatible; Baiduspider/2.0; +http://www.baidu.com/search/spider.html) 	 36
Mozilla/5.0 (compatible; EasouSpider; +http://www.easou.com/search/spider.html) 	 523
Mozilla/5.0 (compatible; JikeSpider; +http://shoulu.jike.com/spider.html) 	 21
Mozilla/5.0 (compatible; Googlebot/2.1; +http://www.google.com/bot.html) 	 8
Mozilla/5.0 (compatible; bingbot/2.0; +http://www.bing.com/bingbot.htm) 	 6
Mozilla/4.0 (compatible; MSIE 8.0; Windows NT 6.1; Trident/4.0; SLCC2; .NET CLR 2.0.50727; .NET CLR 3.5.30729; .NET CLR 3.0.30729; Media Center PC 6.0; MDDR; .NET4.0C; .NET4.0E; .NET CLR 1.1.4322; Tablet PC 2.0); 360Spider 	 47
Mozilla/5.0 (compatible; MJ12bot/v1.4.3; http://www.majestic12.co.uk/bot.php?+) 	 5
Mozilla/5.0 (Windows; U; Windows NT 5.1; zh-CN; rv:1.8.0.11)  Firefox/1.5.0.11; 360Spider 	 158
Sosospider+(+http://help.soso.com/webspider.htm) 	 17
Sogou web spider/4.0(+http://www.sogou.com/docs/help/webmasters.htm#07) 	 2
Sogou web spider/4.0 	 1
Mozilla/5.0 (compatible; AhrefsBot/4.0; +http://ahrefs.com/robot/) 	 33
Mozilla/5.0 (compatible; Baiduspider/2.0; +http://www.baidu.com/search/spider.html) 	 36
Mozilla/5.0 (compatible; EasouSpider; +http://www.easou.com/search/spider.html) 	 523
Mozilla/5.0 (compatible; JikeSpider; +http://shoulu.jike.com/spider.html) 	 21
Mozilla/5.0 (compatible; Googlebot/2.1; +http://www.google.com/bot.html) 	 8
Mozilla/5.0 (compatible; bingbot/2.0; +http://www.bing.com/bingbot.htm) 	 6
Mozilla/4.0 (compatible; MSIE 8.0; Windows NT 6.1; Trident/4.0; SLCC2; .NET CLR 2.0.50727; .NET CLR 3.5.30729; .NET CLR 3.0.30729; Media Center PC 6.0; MDDR; .NET4.0C; .NET4.0E; .NET CLR 1.1.4322; Tablet PC 2.0); 360Spider 	 47
Mozilla/5.0 (compatible; MJ12bot/v1.4.3; http://www.majestic12.co.uk/bot.php?+) 	 5
Mozilla/5.0 (Windows; U; Windows NT 5.1; zh-CN; rv:1.8.0.11)  Firefox/1.5.0.11; 360Spider 	 158
Sosospider+(+http://help.soso.com/webspider.htm) 	 17
Sogou web spider/4.0(+http://www.sogou.com/docs/help/webmasters.htm#07) 	 2
Sogou web spider/4.0 	 1
Mozilla/5.0 (compatible; AhrefsBot/4.0; +http://ahrefs.com/robot/) 	 33
Mozilla/5.0 (compatible; Baiduspider/2.0; +http://www.baidu.com/search/spider.html) 	 36
Mozilla/5.0 (compatible; EasouSpider; +http://www.easou.com/search/spider.html) 	 523
Mozilla/5.0 (compatible; JikeSpider; +http://shoulu.jike.com/spider.html) 	 21
Mozilla/5.0 (compatible; Googlebot/2.1; +http://www.google.com/bot.html) 	 8
Mozilla/5.0 (compatible; bingbot/2.0; +http://www.bing.com/bingbot.htm) 	 6
Mozilla/4.0 (compatible; MSIE 8.0; Windows NT 6.1; Trident/4.0; SLCC2; .NET CLR 2.0.50727; .NET CLR 3.5.30729; .NET CLR 3.0.30729; Media Center PC 6.0; MDDR; .NET4.0C; .NET4.0E; .NET CLR 1.1.4322; Tablet PC 2.0); 360Spider 	 47
Mozilla/5.0 (compatible; MJ12bot/v1.4.3; http://www.majestic12.co.uk/bot.php?+) 	 5
Mozilla/5.0 (Windows; U; Windows NT 5.1; zh-CN; rv:1.8.0.11)  Firefox/1.5.0.11; 360Spider 	 158
Sosospider+(+http://help.soso.com/webspider.htm) 	 17
Sogou web spider/4.0(+http://www.sogou.com/docs/help/webmasters.htm#07) 	 2
Sogou web spider/4.0 	 1
Mozilla/5.0 (compatible; AhrefsBot/4.0; +http://ahrefs.com/robot/) 	 33
Mozilla/5.0 (compatible; Baiduspider/2.0; +http://www.baidu.com/search/spider.html) 	 36
Mozilla/5.0 (compatible; EasouSpider; +http://www.easou.com/search/spider.html) 	 523
Mozilla/5.0 (compatible; JikeSpider; +http://shoulu.jike.com/spider.html) 	 21
Mozilla/5.0 (compatible; Googlebot/2.1; +http://www.google.com/bot.html) 	 8
Mozilla/5.0 (compatible; bingbot/2.0; +http://www.bing.com/bingbot.htm) 	 6
Mozilla/4.0 (compatible; MSIE 8.0; Windows NT 6.1; Trident/4.0; SLCC2; .NET CLR 2.0.50727; .NET CLR 3.5.30729; .NET CLR 3.0.30729; Media Center PC 6.0; MDDR; .NET4.0C; .NET4.0E; .NET CLR 1.1.4322; Tablet PC 2.0); 360Spider 	 47
Mozilla/5.0 (compatible; MJ12bot/v1.4.3; http://www.majestic12.co.uk/bot.php?+) 	 5
Mozilla/5.0 (Windows; U; Windows NT 5.1; zh-CN; rv:1.8.0.11)  Firefox/1.5.0.11; 360Spider 	 158
Sosospider+(+http://help.soso.com/webspider.htm) 	 17
