-----------------------
[04_23_2013 00:00:01] not exist log dir
[04_23_2013 00:00:01] /opt/cluster/80
[04_23_2013 00:00:01] run:./_restart.sh
-----------------------
[04_24_2013 00:05:01] not exist all_list.log dir
[04_24_2013 00:05:01] num:1
[04_24_2013 00:05:01] run ./_track.sh
./_log/2013.year/04.month/23.day ./_log/2013.year/04.month/23.day/cron.log
[04_24_2013 00:05:01] ----------_statistics.sh-------------
[04_24_2013 00:05:01] num:1
[04_24_2013 00:05:01] run ./_track.sh
./_log/2013.year/04.month/23.day ./_log/2013.year/04.month/23.day/_start_80_04_23_2013__00_00_06.log
[04_24_2013 00:05:01] ----------_statistics.sh-------------
[04_24_2013 00:05:01] num:1
[04_24_2013 00:05:01] run ./_track.sh
./_log/2013.year/04.month/23.day ./_log/2013.year/04.month/23.day/_start_80_04_23_2013__11_30_09.log
[04_24_2013 00:05:01] ----------_statistics.sh-------------
[04_24_2013 00:05:01] num:1
[04_24_2013 00:05:01] run ./_track.sh
./_log/2013.year/04.month/23.day ./_log/2013.year/04.month/23.day/_start_80_04_23_2013__11_34_14.log
[04_24_2013 00:05:01] ----------_statistics.sh-------------
[04_24_2013 00:05:01] num:1
[04_24_2013 00:05:01] run ./_track.sh
./_log/2013.year/04.month/23.day ./_log/2013.year/04.month/23.day/_start_80_04_23_2013__11_39_09.log
[04_24_2013 00:05:01] ----------_statistics.sh-------------
[04_24_2013 00:05:01] num:1
[04_24_2013 00:05:01] run ./_track.sh
./_log/2013.year/04.month/23.day ./_log/2013.year/04.month/23.day/_start_80_04_23_2013__13_12_19.log
[04_24_2013 00:05:01] ----------_statistics.sh-------------
[04_24_2013 00:05:01] num:1
[04_24_2013 00:05:01] run ./_track.sh
./_log/2013.year/04.month/23.day ./_log/2013.year/04.month/23.day/_start_80_04_23_2013__13_17_17.log
[04_24_2013 00:05:01] ----------_statistics.sh-------------
[04_24_2013 00:05:01] num:1
[04_24_2013 00:05:01] run ./_track.sh
./_log/2013.year/04.month/23.day ./_log/2013.year/04.month/23.day/_start_80_04_23_2013__13_19_41.log
[04_24_2013 00:05:01] ----------_statistics.sh-------------
[04_24_2013 00:05:01] num:1
[04_24_2013 00:05:01] run ./_track.sh
./_log/2013.year/04.month/23.day ./_log/2013.year/04.month/23.day/_start_80_04_23_2013__13_29_02.log
[04_24_2013 00:05:01] ----------_statistics.sh-------------
[04_24_2013 00:05:01] num:1
[04_24_2013 00:05:01] run ./_track.sh
./_log/2013.year/04.month/23.day ./_log/2013.year/04.month/23.day/_start_80_04_23_2013__14_52_44.log
[04_24_2013 00:05:01] ----------_statistics.sh-------------
[04_24_2013 00:05:01] num:1
[04_24_2013 00:05:01] run ./_track.sh
./_log/2013.year/04.month/23.day ./_log/2013.year/04.month/23.day/_start_80_04_23_2013__14_58_24.log
[04_24_2013 00:05:01] ----------_statistics.sh-------------
[04_24_2013 00:05:01] num:1
[04_24_2013 00:05:01] run ./_track.sh
./_log/2013.year/04.month/23.day ./_log/2013.year/04.month/23.day/_start_80_04_23_2013__15_02_42.log
[04_24_2013 00:05:01] ----------_statistics.sh-------------
[04_24_2013 00:05:01] num:1
[04_24_2013 00:05:01] run ./_track.sh
./_log/2013.year/04.month/23.day ./_log/2013.year/04.month/23.day/_start_mongo_04_23_2013__00_00_06.log
[04_24_2013 00:05:01] ----------_statistics.sh-------------
[04_24_2013 00:05:01] num:1
[04_24_2013 00:05:01] run ./_track.sh
./_log/2013.year/04.month/23.day ./_log/2013.year/04.month/23.day/_start_mongo_04_23_2013__11_30_09.log
[04_24_2013 00:05:01] ----------_statistics.sh-------------
[04_24_2013 00:05:01] num:1
[04_24_2013 00:05:01] run ./_track.sh
./_log/2013.year/04.month/23.day ./_log/2013.year/04.month/23.day/_start_mongo_04_23_2013__11_34_14.log
[04_24_2013 00:05:01] ----------_statistics.sh-------------
[04_24_2013 00:05:01] num:1
[04_24_2013 00:05:01] run ./_track.sh
./_log/2013.year/04.month/23.day ./_log/2013.year/04.month/23.day/_start_mongo_04_23_2013__11_39_09.log
[04_24_2013 00:05:01] ----------_statistics.sh-------------
[04_24_2013 00:05:01] num:1
[04_24_2013 00:05:01] run ./_track.sh
./_log/2013.year/04.month/23.day ./_log/2013.year/04.month/23.day/_start_mongo_04_23_2013__13_12_19.log
[04_24_2013 00:05:01] ----------_statistics.sh-------------
[04_24_2013 00:05:01] num:1
[04_24_2013 00:05:01] run ./_track.sh
./_log/2013.year/04.month/23.day ./_log/2013.year/04.month/23.day/_start_mongo_04_23_2013__13_17_17.log
[04_24_2013 00:05:01] ----------_statistics.sh-------------
[04_24_2013 00:05:01] num:1
[04_24_2013 00:05:01] run ./_track.sh
./_log/2013.year/04.month/23.day ./_log/2013.year/04.month/23.day/_start_mongo_04_23_2013__13_19_41.log
[04_24_2013 00:05:01] ----------_statistics.sh-------------
[04_24_2013 00:05:01] num:1
[04_24_2013 00:05:01] run ./_track.sh
./_log/2013.year/04.month/23.day ./_log/2013.year/04.month/23.day/_start_mongo_04_23_2013__13_29_02.log
[04_24_2013 00:05:01] ----------_statistics.sh-------------
[04_24_2013 00:05:01] num:1
[04_24_2013 00:05:01] run ./_track.sh
./_log/2013.year/04.month/23.day ./_log/2013.year/04.month/23.day/_start_mongo_04_23_2013__14_52_44.log
[04_24_2013 00:05:01] ----------_statistics.sh-------------
[04_24_2013 00:05:01] num:1
[04_24_2013 00:05:01] run ./_track.sh
./_log/2013.year/04.month/23.day ./_log/2013.year/04.month/23.day/_start_mongo_04_23_2013__14_58_24.log
[04_24_2013 00:05:01] ----------_statistics.sh-------------
[04_24_2013 00:05:01] num:1
[04_24_2013 00:05:01] run ./_track.sh
./_log/2013.year/04.month/23.day ./_log/2013.year/04.month/23.day/_start_mongo_04_23_2013__15_02_42.log
[04_24_2013 00:05:01] ----------_statistics.sh-------------
