-----------------------
[04_01_2013 10:29:19] not exist log dir
[04_01_2013 10:29:19] /opt/cluster/80
[04_01_2013 10:29:19] run:./_restart.sh
-----------------------
[04_02_2013 10:14:26] not exist all_list.log dir
[04_02_2013 10:14:26] num:1
[04_02_2013 10:14:26] run ./_track.sh
./_log/2013.year/04.month/01.day ./_log/2013.year/04.month/01.day/cron.log
[04_02_2013 10:14:26] ----------_statistics.sh-------------
[04_02_2013 10:14:26] num:1
[04_02_2013 10:14:26] run ./_track.sh
./_log/2013.year/04.month/01.day ./_log/2013.year/04.month/01.day/_start_80_04_01_2013__14_56_49.log
[04_02_2013 10:14:26] ----------_statistics.sh-------------
[04_02_2013 10:14:26] num:1
[04_02_2013 10:14:26] run ./_track.sh
./_log/2013.year/04.month/01.day ./_log/2013.year/04.month/01.day/_start_80_04_01_2013__15_10_57.log
[04_02_2013 10:14:26] ----------_statistics.sh-------------
[04_02_2013 10:14:26] num:1
[04_02_2013 10:14:26] run ./_track.sh
./_log/2013.year/04.month/01.day ./_log/2013.year/04.month/01.day/_start_80_04_01_2013__15_17_09.log
[04_02_2013 10:14:26] ----------_statistics.sh-------------
[04_02_2013 10:14:26] num:1
[04_02_2013 10:14:26] run ./_track.sh
./_log/2013.year/04.month/01.day ./_log/2013.year/04.month/01.day/_start_80_04_01_2013__15_56_59.log
[04_02_2013 10:14:26] ----------_statistics.sh-------------
[04_02_2013 10:14:26] num:1
[04_02_2013 10:14:26] run ./_track.sh
./_log/2013.year/04.month/01.day ./_log/2013.year/04.month/01.day/_start_80_04_01_2013__16_37_46.log
[04_02_2013 10:14:26] ----------_statistics.sh-------------
[04_02_2013 10:14:26] num:1
[04_02_2013 10:14:26] run ./_track.sh
./_log/2013.year/04.month/01.day ./_log/2013.year/04.month/01.day/_start_80_04_01_2013__17_08_25.log
[04_02_2013 10:14:26] ----------_statistics.sh-------------
