-----------------------
[04_18_2013 00:00:01] not exist log dir
[04_18_2013 00:00:01] /opt/cluster/80
[04_18_2013 00:00:01] run:./_restart.sh
-----------------------
[04_19_2013 00:05:01] not exist all_list.log dir
[04_19_2013 00:05:02] num:1
[04_19_2013 00:05:02] run ./_track.sh
./_log/2013.year/04.month/18.day ./_log/2013.year/04.month/18.day/cron.log
[04_19_2013 00:05:02] ----------_statistics.sh-------------
[04_19_2013 00:05:02] num:1
[04_19_2013 00:05:02] run ./_track.sh
./_log/2013.year/04.month/18.day ./_log/2013.year/04.month/18.day/_start_80_04_18_2013__00_00_06.log
[04_19_2013 00:05:02] ----------_statistics.sh-------------
[04_19_2013 00:05:02] num:1
[04_19_2013 00:05:02] run ./_track.sh
./_log/2013.year/04.month/18.day ./_log/2013.year/04.month/18.day/_start_80_04_18_2013__10_44_01.log
[04_19_2013 00:05:02] ----------_statistics.sh-------------
[04_19_2013 00:05:02] num:1
[04_19_2013 00:05:02] run ./_track.sh
./_log/2013.year/04.month/18.day ./_log/2013.year/04.month/18.day/_start_80_04_18_2013__11_03_47.log
[04_19_2013 00:05:02] ----------_statistics.sh-------------
[04_19_2013 00:05:02] num:1
[04_19_2013 00:05:02] run ./_track.sh
./_log/2013.year/04.month/18.day ./_log/2013.year/04.month/18.day/_start_80_04_18_2013__11_04_59.log
[04_19_2013 00:05:02] ----------_statistics.sh-------------
[04_19_2013 00:05:02] num:1
[04_19_2013 00:05:02] run ./_track.sh
./_log/2013.year/04.month/18.day ./_log/2013.year/04.month/18.day/_start_80_04_18_2013__11_35_44.log
[04_19_2013 00:05:02] ----------_statistics.sh-------------
[04_19_2013 00:05:02] num:1
[04_19_2013 00:05:02] run ./_track.sh
./_log/2013.year/04.month/18.day ./_log/2013.year/04.month/18.day/_start_80_04_18_2013__12_46_24.log
[04_19_2013 00:05:02] ----------_statistics.sh-------------
[04_19_2013 00:05:02] num:1
[04_19_2013 00:05:02] run ./_track.sh
./_log/2013.year/04.month/18.day ./_log/2013.year/04.month/18.day/_start_mongo_04_18_2013__00_00_06.log
[04_19_2013 00:05:02] ----------_statistics.sh-------------
[04_19_2013 00:05:02] num:1
[04_19_2013 00:05:02] run ./_track.sh
./_log/2013.year/04.month/18.day ./_log/2013.year/04.month/18.day/_start_mongo_04_18_2013__10_44_01.log
[04_19_2013 00:05:02] ----------_statistics.sh-------------
[04_19_2013 00:05:02] num:1
[04_19_2013 00:05:02] run ./_track.sh
./_log/2013.year/04.month/18.day ./_log/2013.year/04.month/18.day/_start_mongo_04_18_2013__11_03_47.log
[04_19_2013 00:05:02] ----------_statistics.sh-------------
[04_19_2013 00:05:02] num:1
[04_19_2013 00:05:02] run ./_track.sh
./_log/2013.year/04.month/18.day ./_log/2013.year/04.month/18.day/_start_mongo_04_18_2013__11_04_59.log
[04_19_2013 00:05:02] ----------_statistics.sh-------------
[04_19_2013 00:05:02] num:1
[04_19_2013 00:05:02] run ./_track.sh
./_log/2013.year/04.month/18.day ./_log/2013.year/04.month/18.day/_start_mongo_04_18_2013__11_35_44.log
[04_19_2013 00:05:02] ----------_statistics.sh-------------
[04_19_2013 00:05:02] num:1
[04_19_2013 00:05:02] run ./_track.sh
./_log/2013.year/04.month/18.day ./_log/2013.year/04.month/18.day/_start_mongo_04_18_2013__12_46_24.log
[04_19_2013 00:05:02] ----------_statistics.sh-------------
