Sogou web spider/4.0(+http://www.sogou.com/docs/help/webmasters.htm#07) 	 3
Mozilla/5.0 (compatible; YandexBot/3.0; +http://yandex.com/bots) 	 7
Mozilla/5.0 (compatible; AhrefsBot/4.0; +http://ahrefs.com/robot/) 	 7
Mozilla/5.0 (compatible; Baiduspider/2.0; +http://www.baidu.com/search/spider.html) 	 39
Mozilla/5.0 (compatible; EasouSpider; +http://www.easou.com/search/spider.html) 	 501
Mozilla/5.0 (compatible; JikeSpider; +http://shoulu.jike.com/spider.html) 	 13
Mozilla/5.0 (compatible; Googlebot/2.1; +http://www.google.com/bot.html) 	 9
Mozilla/5.0 (compatible; Sosospider/2.0; +http://help.soso.com/webspider.htm) 	 37
Mozilla/5.0 (compatible; bingbot/2.0; +http://www.bing.com/bingbot.htm) 	 6
Mozilla/4.0 (compatible; MSIE 8.0; Windows NT 6.1; Trident/4.0; SLCC2; .NET CLR 2.0.50727; .NET CLR 3.5.30729; .NET CLR 3.0.30729; Media Center PC 6.0; MDDR; .NET4.0C; .NET4.0E; .NET CLR 1.1.4322; Tablet PC 2.0); 360Spider 	 8
Mozilla/5.0 (Windows; U; Windows NT 5.1; zh-CN; rv:1.8.0.11)  Firefox/1.5.0.11; 360Spider 	 56
Sogou web spider/4.0(+http://www.sogou.com/docs/help/webmasters.htm#07) 	 3
Mozilla/5.0 (compatible; YandexBot/3.0; +http://yandex.com/bots) 	 7
Mozilla/5.0 (compatible; AhrefsBot/4.0; +http://ahrefs.com/robot/) 	 7
Mozilla/5.0 (compatible; Baiduspider/2.0; +http://www.baidu.com/search/spider.html) 	 39
Mozilla/5.0 (compatible; EasouSpider; +http://www.easou.com/search/spider.html) 	 501
Mozilla/5.0 (compatible; JikeSpider; +http://shoulu.jike.com/spider.html) 	 13
Mozilla/5.0 (compatible; Googlebot/2.1; +http://www.google.com/bot.html) 	 9
Mozilla/5.0 (compatible; Sosospider/2.0; +http://help.soso.com/webspider.htm) 	 37
Mozilla/5.0 (compatible; bingbot/2.0; +http://www.bing.com/bingbot.htm) 	 6
Mozilla/4.0 (compatible; MSIE 8.0; Windows NT 6.1; Trident/4.0; SLCC2; .NET CLR 2.0.50727; .NET CLR 3.5.30729; .NET CLR 3.0.30729; Media Center PC 6.0; MDDR; .NET4.0C; .NET4.0E; .NET CLR 1.1.4322; Tablet PC 2.0); 360Spider 	 8
Mozilla/5.0 (Windows; U; Windows NT 5.1; zh-CN; rv:1.8.0.11)  Firefox/1.5.0.11; 360Spider 	 56
