-----------------------
[04_21_2013 00:00:01] not exist log dir
[04_21_2013 00:00:01] /opt/cluster/80
[04_21_2013 00:00:01] run:./_restart.sh
-----------------------
[04_22_2013 00:05:01] not exist all_list.log dir
[04_22_2013 00:05:01] num:1
[04_22_2013 00:05:01] run ./_track.sh
./_log/2013.year/04.month/21.day ./_log/2013.year/04.month/21.day/cron.log
[04_22_2013 00:05:01] ----------_statistics.sh-------------
[04_22_2013 00:05:01] num:1
[04_22_2013 00:05:01] run ./_track.sh
./_log/2013.year/04.month/21.day ./_log/2013.year/04.month/21.day/_start_80_04_21_2013__00_00_06.log
[04_22_2013 00:05:01] ----------_statistics.sh-------------
[04_22_2013 00:05:01] num:1
[04_22_2013 00:05:01] run ./_track.sh
./_log/2013.year/04.month/21.day ./_log/2013.year/04.month/21.day/_start_80_04_21_2013__19_35_13.log
[04_22_2013 00:05:01] ----------_statistics.sh-------------
[04_22_2013 00:05:01] num:1
[04_22_2013 00:05:01] run ./_track.sh
./_log/2013.year/04.month/21.day ./_log/2013.year/04.month/21.day/_start_mongo_04_21_2013__00_00_06.log
[04_22_2013 00:05:01] ----------_statistics.sh-------------
[04_22_2013 00:05:01] num:1
[04_22_2013 00:05:01] run ./_track.sh
./_log/2013.year/04.month/21.day ./_log/2013.year/04.month/21.day/_start_mongo_04_21_2013__19_35_13.log
[04_22_2013 00:05:01] ----------_statistics.sh-------------
