Sogou web spider/4.0(+http://www.sogou.com/docs/help/webmasters.htm#07) 	 3
Mozilla/5.0 (compatible; YandexBot/3.0; +http://yandex.com/bots) 	 6
Mozilla/5.0 (compatible; AhrefsBot/4.0; +http://ahrefs.com/robot/) 	 54
Mozilla/5.0 (compatible; Baiduspider/2.0; +http://www.baidu.com/search/spider.html) 	 32
Mozilla/5.0 (compatible; EasouSpider; +http://www.easou.com/search/spider.html) 	 432
Mozilla/5.0 (compatible; JikeSpider; +http://shoulu.jike.com/spider.html) 	 16
Mozilla/5.0 (compatible; Googlebot/2.1; +http://www.google.com/bot.html) 	 5
Mozilla/5.0 (compatible; bingbot/2.0; +http://www.bing.com/bingbot.htm) 	 4
Mozilla/5.0 (compatible; MJ12bot/v1.4.3; http://www.majestic12.co.uk/bot.php?+) 	 5
Mozilla/5.0 (Windows; U; Windows NT 5.1; zh-CN; rv:1.8.0.11)  Firefox/1.5.0.11; 360Spider 	 103
Sosospider+(+http://help.soso.com/webspider.htm) 	 20
Sogou web spider/4.0(+http://www.sogou.com/docs/help/webmasters.htm#07) 	 3
Mozilla/5.0 (compatible; YandexBot/3.0; +http://yandex.com/bots) 	 6
Mozilla/5.0 (compatible; AhrefsBot/4.0; +http://ahrefs.com/robot/) 	 69
Mozilla/5.0 (compatible; Baiduspider/2.0; +http://www.baidu.com/search/spider.html) 	 39
Mozilla/5.0 (compatible; EasouSpider; +http://www.easou.com/search/spider.html) 	 533
Mozilla/5.0 (compatible; JikeSpider; +http://shoulu.jike.com/spider.html) 	 18
Mozilla/5.0 (compatible; Googlebot/2.1; +http://www.google.com/bot.html) 	 7
Mozilla/5.0 (compatible; bingbot/2.0; +http://www.bing.com/bingbot.htm) 	 6
Mozilla/5.0 (compatible; MJ12bot/v1.4.3; http://www.majestic12.co.uk/bot.php?+) 	 5
Mozilla/5.0 (Windows; U; Windows NT 5.1; zh-CN; rv:1.8.0.11)  Firefox/1.5.0.11; 360Spider 	 103
Sosospider+(+http://help.soso.com/webspider.htm) 	 24
Sogou web spider/4.0(+http://www.sogou.com/docs/help/webmasters.htm#07) 	 3
Mozilla/5.0 (compatible; YandexBot/3.0; +http://yandex.com/bots) 	 6
Mozilla/5.0 (compatible; AhrefsBot/4.0; +http://ahrefs.com/robot/) 	 69
Mozilla/5.0 (compatible; Baiduspider/2.0; +http://www.baidu.com/search/spider.html) 	 39
Mozilla/5.0 (compatible; EasouSpider; +http://www.easou.com/search/spider.html) 	 533
Mozilla/5.0 (compatible; JikeSpider; +http://shoulu.jike.com/spider.html) 	 18
Mozilla/5.0 (compatible; Googlebot/2.1; +http://www.google.com/bot.html) 	 7
Mozilla/5.0 (compatible; bingbot/2.0; +http://www.bing.com/bingbot.htm) 	 6
Mozilla/5.0 (compatible; MJ12bot/v1.4.3; http://www.majestic12.co.uk/bot.php?+) 	 5
Mozilla/5.0 (Windows; U; Windows NT 5.1; zh-CN; rv:1.8.0.11)  Firefox/1.5.0.11; 360Spider 	 103
Sosospider+(+http://help.soso.com/webspider.htm) 	 24
Sogou web spider/4.0(+http://www.sogou.com/docs/help/webmasters.htm#07) 	 3
Mozilla/5.0 (compatible; YandexBot/3.0; +http://yandex.com/bots) 	 6
Mozilla/5.0 (compatible; AhrefsBot/4.0; +http://ahrefs.com/robot/) 	 69
Mozilla/5.0 (compatible; Baiduspider/2.0; +http://www.baidu.com/search/spider.html) 	 39
Mozilla/5.0 (compatible; EasouSpider; +http://www.easou.com/search/spider.html) 	 533
Mozilla/5.0 (compatible; JikeSpider; +http://shoulu.jike.com/spider.html) 	 18
Mozilla/5.0 (compatible; Googlebot/2.1; +http://www.google.com/bot.html) 	 7
Mozilla/5.0 (compatible; bingbot/2.0; +http://www.bing.com/bingbot.htm) 	 6
Mozilla/5.0 (compatible; MJ12bot/v1.4.3; http://www.majestic12.co.uk/bot.php?+) 	 5
Mozilla/5.0 (Windows; U; Windows NT 5.1; zh-CN; rv:1.8.0.11)  Firefox/1.5.0.11; 360Spider 	 103
Sosospider+(+http://help.soso.com/webspider.htm) 	 24
