input params list:
0: /opt/node-v0.10.0-linux-x64/bin/node
1: /opt/cluster/80/_start.js
2: -port
3: 80
4: -EXEC_PATH
5: /opt/cluster/
6: -DOMAIN_IP
7: 42.121.96.101
8: -DOMAIN_NAME
9: 17597.net
/opt/node-v0.10.0-linux-x64/bin
require underscore
require underscore:1.4.4
require nodemailer
require socket.io
require cheerio
require iconv-lite
require mongodb
========================================================================================
=  Please ensure that you set the default write concern for the database by setting    =
=   one of the options                                                                 =
=                                                                                      =
=     w: (value of > -1 or the string 'majority'), where < 1 means                     =
=        no write acknowlegement                                                       =
=     journal: true/false, wait for flush to journal before acknowlegement             =
=     fsync: true/false, wait for flush to file system before acknowlegement           =
=                                                                                      =
=  For backward compatibility safe is still supported and                              =
=   allows values of [true | false | {j:true} | {w:n, wtimeout:n} | {fsync:true}]      =
=   the default value is false which means the driver receives does not                =
=   return the information of the success/error of the insert/update/remove            =
=                                                                                      =
=   ex: new Db(new Server('localhost', 27017), {safe:false})                           =
=                                                                                      =
=   http://www.mongodb.org/display/DOCS/getLastError+Command                           =
=                                                                                      =
=  The default of no acknowlegement will change in the very near future                =
=                                                                                      =
=  This message will disappear when the default safe is set on the driver Db           =
========================================================================================
require request
require connect
require formidable
require async
require express
import:mime
import:conf
import:com.easysoft.zoo.Elephant
import:com.easysoft.Widget
import:com.easysoft.constant.Constant
import:com.easysoft.zoo.Spider
import:com.easysoft.zoo.Dog
import:com.easysoft.schedule.Schedule
This platform is linux
Version: v0.10.0
Port: 80
__filename: /opt/cluster/80/_start.js
import:route
import:com.easysoft.cmd.ipconfig
AY1212050941431d46085
[]
--conn db success--
req.headers:1365588111358:{  'cache-control':'no-cache',  'connection':'Keep-Alive',  'pragma':'no-cache',  'accept':'*/*',  'accept-encoding':'',  'from':'bingbot(at)microsoft.com',  'host':'www.17597.net',  'user-agent':'Mozilla/5.0 (compatible; bingbot/2.0; +http://www.bing.com/bingbot.htm)'}
req.connection.remoteAddress:1365588111358:157.55.33.88
req.method:1365588111358:GET
request|Wed Apr 10 2013 18:01:51 GMT+0800 (CST)|GET|157.55.33.88|Mozilla/5.0 (compatible; bingbot/2.0; +http://www.bing.com/bingbot.htm)|undefined
import:com.easysoft.util.webFolder.readWebFolder
req.headers:1365588223131:{  'cache-control':'no-cache',  'connection':'Keep-Alive',  'pragma':'no-cache',  'accept':'*/*',  'accept-encoding':'gzip, deflate',  'from':'bingbot(at)microsoft.com',  'host':'www.17597.net',  'user-agent':'Mozilla/5.0 (compatible; bingbot/2.0; +http://www.bing.com/bingbot.htm)'}
req.connection.remoteAddress:1365588223131:157.55.33.88
req.method:1365588223131:GET
request|Wed Apr 10 2013 18:03:43 GMT+0800 (CST)|GET|157.55.33.88|Mozilla/5.0 (compatible; bingbot/2.0; +http://www.bing.com/bingbot.htm)|undefined
import:com.easysoft.service.Index
import:com.easysoft.service.Service
import:com.easysoft.util.MutiReqData
importTemplate:theme.com.easysoft.service.Index.res
import:com.easysoft.service.admin.article.getList
import:com.easysoft.service.admin.Index
import:com.easysoft.util.webFolder.getWebFolderList
