-----------------------
[04_10_2013 09:35:02] not exist log dir
[04_10_2013 09:35:02] /opt/cluster/80
[04_10_2013 09:35:02] run:./_restart.sh
-----------------------
[04_11_2013 00:05:01] not exist all_list.log dir
[04_11_2013 00:05:01] num:1
[04_11_2013 00:05:01] run ./_track.sh
./_log/2013.year/04.month/10.day ./_log/2013.year/04.month/10.day/cron.log
[04_11_2013 00:05:01] ----------_statistics.sh-------------
[04_11_2013 00:05:01] num:1
[04_11_2013 00:05:01] run ./_track.sh
./_log/2013.year/04.month/10.day ./_log/2013.year/04.month/10.day/_start_80_04_10_2013__17_29_11.log
[04_11_2013 00:05:01] ----------_statistics.sh-------------
[04_11_2013 00:05:01] num:1
[04_11_2013 00:05:01] run ./_track.sh
./_log/2013.year/04.month/10.day ./_log/2013.year/04.month/10.day/_start_80_04_10_2013__17_41_37.log
[04_11_2013 00:05:01] ----------_statistics.sh-------------
[04_11_2013 00:05:01] num:1
[04_11_2013 00:05:01] run ./_track.sh
./_log/2013.year/04.month/10.day ./_log/2013.year/04.month/10.day/_start_80_04_10_2013__17_45_33.log
[04_11_2013 00:05:01] ----------_statistics.sh-------------
[04_11_2013 00:05:01] num:1
[04_11_2013 00:05:01] run ./_track.sh
./_log/2013.year/04.month/10.day ./_log/2013.year/04.month/10.day/_start_80_04_10_2013__17_47_44.log
[04_11_2013 00:05:01] ----------_statistics.sh-------------
[04_11_2013 00:05:02] num:1
[04_11_2013 00:05:02] run ./_track.sh
./_log/2013.year/04.month/10.day ./_log/2013.year/04.month/10.day/_start_80_04_10_2013__17_48_35.log
[04_11_2013 00:05:02] ----------_statistics.sh-------------
[04_11_2013 00:05:02] num:1
[04_11_2013 00:05:02] run ./_track.sh
./_log/2013.year/04.month/10.day ./_log/2013.year/04.month/10.day/_start_80_04_10_2013__17_49_10.log
[04_11_2013 00:05:02] ----------_statistics.sh-------------
[04_11_2013 00:05:03] num:1
[04_11_2013 00:05:03] run ./_track.sh
./_log/2013.year/04.month/10.day ./_log/2013.year/04.month/10.day/_start_80_04_10_2013__17_54_02.log
[04_11_2013 00:05:03] ----------_statistics.sh-------------
[04_11_2013 00:05:03] num:1
[04_11_2013 00:05:03] run ./_track.sh
./_log/2013.year/04.month/10.day ./_log/2013.year/04.month/10.day/_start_80_04_10_2013__17_55_09.log
[04_11_2013 00:05:03] ----------_statistics.sh-------------
[04_11_2013 00:05:03] num:1
[04_11_2013 00:05:03] run ./_track.sh
./_log/2013.year/04.month/10.day ./_log/2013.year/04.month/10.day/_start_80_04_10_2013__17_56_05.log
[04_11_2013 00:05:03] ----------_statistics.sh-------------
[04_11_2013 00:05:04] num:1
[04_11_2013 00:05:04] run ./_track.sh
./_log/2013.year/04.month/10.day ./_log/2013.year/04.month/10.day/_start_80_04_10_2013__17_56_43.log
[04_11_2013 00:05:04] ----------_statistics.sh-------------
[04_11_2013 00:05:04] num:1
[04_11_2013 00:05:04] run ./_track.sh
./_log/2013.year/04.month/10.day ./_log/2013.year/04.month/10.day/_start_80_04_10_2013__18_01_11.log
[04_11_2013 00:05:04] ----------_statistics.sh-------------
[04_11_2013 00:05:04] num:1
[04_11_2013 00:05:04] run ./_track.sh
./_log/2013.year/04.month/10.day ./_log/2013.year/04.month/10.day/_start_80_04_10_2013__18_01_42.log
[04_11_2013 00:05:04] ----------_statistics.sh-------------
[04_11_2013 00:05:04] num:1
[04_11_2013 00:05:04] run ./_track.sh
./_log/2013.year/04.month/10.day ./_log/2013.year/04.month/10.day/_start_80_04_10_2013__18_10_36.log
[04_11_2013 00:05:04] ----------_statistics.sh-------------
[04_11_2013 00:05:04] num:1
[04_11_2013 00:05:04] run ./_track.sh
./_log/2013.year/04.month/10.day ./_log/2013.year/04.month/10.day/_start_80_04_10_2013__18_11_10.log
[04_11_2013 00:05:04] ----------_statistics.sh-------------
[04_11_2013 00:05:05] num:1
[04_11_2013 00:05:05] run ./_track.sh
./_log/2013.year/04.month/10.day ./_log/2013.year/04.month/10.day/_start_80_04_10_2013__18_12_41.log
[04_11_2013 00:05:05] ----------_statistics.sh-------------
[04_11_2013 00:05:05] num:1
[04_11_2013 00:05:05] run ./_track.sh
./_log/2013.year/04.month/10.day ./_log/2013.year/04.month/10.day/_start_mongo_04_10_2013__17_29_11.log
[04_11_2013 00:05:05] ----------_statistics.sh-------------
[04_11_2013 00:05:05] num:1
[04_11_2013 00:05:05] run ./_track.sh
./_log/2013.year/04.month/10.day ./_log/2013.year/04.month/10.day/_start_mongo_04_10_2013__17_41_37.log
[04_11_2013 00:05:05] ----------_statistics.sh-------------
[04_11_2013 00:05:05] num:1
[04_11_2013 00:05:05] run ./_track.sh
./_log/2013.year/04.month/10.day ./_log/2013.year/04.month/10.day/_start_mongo_04_10_2013__17_45_33.log
[04_11_2013 00:05:05] ----------_statistics.sh-------------
[04_11_2013 00:05:08] num:1
[04_11_2013 00:05:08] run ./_track.sh
./_log/2013.year/04.month/10.day ./_log/2013.year/04.month/10.day/_start_mongo_04_10_2013__17_47_44.log
[04_11_2013 00:05:08] ----------_statistics.sh-------------
[04_11_2013 00:05:08] num:1
[04_11_2013 00:05:08] run ./_track.sh
./_log/2013.year/04.month/10.day ./_log/2013.year/04.month/10.day/_start_mongo_04_10_2013__17_48_35.log
[04_11_2013 00:05:08] ----------_statistics.sh-------------
[04_11_2013 00:05:09] num:1
[04_11_2013 00:05:09] run ./_track.sh
./_log/2013.year/04.month/10.day ./_log/2013.year/04.month/10.day/_start_mongo_04_10_2013__17_49_10.log
[04_11_2013 00:05:09] ----------_statistics.sh-------------
[04_11_2013 00:05:09] num:1
[04_11_2013 00:05:09] run ./_track.sh
./_log/2013.year/04.month/10.day ./_log/2013.year/04.month/10.day/_start_mongo_04_10_2013__17_54_02.log
[04_11_2013 00:05:09] ----------_statistics.sh-------------
[04_11_2013 00:05:10] num:1
[04_11_2013 00:05:10] run ./_track.sh
./_log/2013.year/04.month/10.day ./_log/2013.year/04.month/10.day/_start_mongo_04_10_2013__17_55_09.log
[04_11_2013 00:05:10] ----------_statistics.sh-------------
[04_11_2013 00:05:10] num:1
[04_11_2013 00:05:10] run ./_track.sh
./_log/2013.year/04.month/10.day ./_log/2013.year/04.month/10.day/_start_mongo_04_10_2013__17_56_05.log
[04_11_2013 00:05:10] ----------_statistics.sh-------------
[04_11_2013 00:05:11] num:1
[04_11_2013 00:05:11] run ./_track.sh
./_log/2013.year/04.month/10.day ./_log/2013.year/04.month/10.day/_start_mongo_04_10_2013__17_56_43.log
[04_11_2013 00:05:11] ----------_statistics.sh-------------
[04_11_2013 00:05:12] num:1
[04_11_2013 00:05:12] run ./_track.sh
./_log/2013.year/04.month/10.day ./_log/2013.year/04.month/10.day/_start_mongo_04_10_2013__18_01_11.log
[04_11_2013 00:05:12] ----------_statistics.sh-------------
[04_11_2013 00:05:13] num:1
[04_11_2013 00:05:13] run ./_track.sh
./_log/2013.year/04.month/10.day ./_log/2013.year/04.month/10.day/_start_mongo_04_10_2013__18_01_42.log
[04_11_2013 00:05:13] ----------_statistics.sh-------------
[04_11_2013 00:05:14] num:1
[04_11_2013 00:05:14] run ./_track.sh
./_log/2013.year/04.month/10.day ./_log/2013.year/04.month/10.day/_start_mongo_04_10_2013__18_10_36.log
[04_11_2013 00:05:14] ----------_statistics.sh-------------
[04_11_2013 00:05:15] num:1
[04_11_2013 00:05:15] run ./_track.sh
./_log/2013.year/04.month/10.day ./_log/2013.year/04.month/10.day/_start_mongo_04_10_2013__18_11_10.log
[04_11_2013 00:05:15] ----------_statistics.sh-------------
[04_11_2013 00:05:15] num:1
[04_11_2013 00:05:15] run ./_track.sh
./_log/2013.year/04.month/10.day ./_log/2013.year/04.month/10.day/_start_mongo_04_10_2013__18_12_41.log
[04_11_2013 00:05:15] ----------_statistics.sh-------------
