-----------------------
[04_24_2013 00:00:01] not exist log dir
[04_24_2013 00:00:01] /opt/cluster/80
[04_24_2013 00:00:01] run:./_restart.sh
-----------------------
[04_25_2013 00:05:01] not exist all_list.log dir
[04_25_2013 00:05:01] num:1
[04_25_2013 00:05:01] run ./_track.sh
./_log/2013.year/04.month/24.day ./_log/2013.year/04.month/24.day/cron.log
[04_25_2013 00:05:01] ----------_statistics.sh-------------
[04_25_2013 00:05:01] num:1
[04_25_2013 00:05:01] run ./_track.sh
./_log/2013.year/04.month/24.day ./_log/2013.year/04.month/24.day/_start_80_04_24_2013__00_00_06.log
[04_25_2013 00:05:01] ----------_statistics.sh-------------
[04_25_2013 00:05:01] num:1
[04_25_2013 00:05:01] run ./_track.sh
./_log/2013.year/04.month/24.day ./_log/2013.year/04.month/24.day/_start_80_04_24_2013__11_33_14.log
[04_25_2013 00:05:01] ----------_statistics.sh-------------
[04_25_2013 00:05:01] num:1
[04_25_2013 00:05:01] run ./_track.sh
./_log/2013.year/04.month/24.day ./_log/2013.year/04.month/24.day/_start_80_04_24_2013__13_04_07.log
[04_25_2013 00:05:01] ----------_statistics.sh-------------
[04_25_2013 00:05:01] num:1
[04_25_2013 00:05:01] run ./_track.sh
./_log/2013.year/04.month/24.day ./_log/2013.year/04.month/24.day/_start_80_04_24_2013__13_18_07.log
[04_25_2013 00:05:01] ----------_statistics.sh-------------
[04_25_2013 00:05:01] num:1
[04_25_2013 00:05:01] run ./_track.sh
./_log/2013.year/04.month/24.day ./_log/2013.year/04.month/24.day/_start_80_04_24_2013__14_06_43.log
[04_25_2013 00:05:01] ----------_statistics.sh-------------
[04_25_2013 00:05:01] num:1
[04_25_2013 00:05:01] run ./_track.sh
./_log/2013.year/04.month/24.day ./_log/2013.year/04.month/24.day/_start_80_04_24_2013__14_12_44.log
[04_25_2013 00:05:01] ----------_statistics.sh-------------
[04_25_2013 00:05:01] num:1
[04_25_2013 00:05:01] run ./_track.sh
./_log/2013.year/04.month/24.day ./_log/2013.year/04.month/24.day/_start_mongo_04_24_2013__00_00_06.log
[04_25_2013 00:05:01] ----------_statistics.sh-------------
[04_25_2013 00:05:01] num:1
[04_25_2013 00:05:01] run ./_track.sh
./_log/2013.year/04.month/24.day ./_log/2013.year/04.month/24.day/_start_mongo_04_24_2013__11_33_14.log
[04_25_2013 00:05:01] ----------_statistics.sh-------------
[04_25_2013 00:05:01] num:1
[04_25_2013 00:05:01] run ./_track.sh
./_log/2013.year/04.month/24.day ./_log/2013.year/04.month/24.day/_start_mongo_04_24_2013__13_04_07.log
[04_25_2013 00:05:01] ----------_statistics.sh-------------
[04_25_2013 00:05:01] num:1
[04_25_2013 00:05:01] run ./_track.sh
./_log/2013.year/04.month/24.day ./_log/2013.year/04.month/24.day/_start_mongo_04_24_2013__13_18_07.log
[04_25_2013 00:05:01] ----------_statistics.sh-------------
[04_25_2013 00:05:01] num:1
[04_25_2013 00:05:01] run ./_track.sh
./_log/2013.year/04.month/24.day ./_log/2013.year/04.month/24.day/_start_mongo_04_24_2013__14_06_43.log
[04_25_2013 00:05:01] ----------_statistics.sh-------------
[04_25_2013 00:05:01] num:1
[04_25_2013 00:05:01] run ./_track.sh
./_log/2013.year/04.month/24.day ./_log/2013.year/04.month/24.day/_start_mongo_04_24_2013__14_12_44.log
[04_25_2013 00:05:01] ----------_statistics.sh-------------
