Sogou web spider/4.0(+http://www.sogou.com/docs/help/webmasters.htm#07) 	 4
Sogou web spider/4.0 	 1
Mozilla/5.0 (compatible; Baiduspider/2.0; +http://www.baidu.com/search/spider.html) 	 18
Mozilla/5.0 (compatible; EasouSpider; +http://www.easou.com/search/spider.html) 	 233
Mozilla/5.0 (compatible; Googlebot/2.1; +http://www.google.com/bot.html) 	 7
Mozilla/5.0 (compatible; Sosospider/2.0; +http://help.soso.com/webspider.htm) 	 8
Mozilla/5.0 (compatible; bingbot/2.0; +http://www.bing.com/bingbot.htm) 	 2
Mozilla/4.0 (compatible; MSIE 8.0; Windows NT 6.1; Trident/4.0; SLCC2; .NET CLR 2.0.50727; .NET CLR 3.5.30729; .NET CLR 3.0.30729; Media Center PC 6.0; MDDR; .NET4.0C; .NET4.0E; .NET CLR 1.1.4322; Tablet PC 2.0); 360Spider 	 47
Mozilla/5.0 (Windows; U; Windows NT 5.1; zh-CN; rv:1.8.0.11)  Firefox/1.5.0.11; 360Spider 	 68
Sogou web spider/4.0(+http://www.sogou.com/docs/help/webmasters.htm#07) 	 4
Sogou web spider/4.0 	 1
Mozilla/5.0 (compatible; AhrefsBot/4.0; +http://ahrefs.com/robot/) 	 3
Mozilla/5.0 (compatible; Baiduspider/2.0; +http://www.baidu.com/search/spider.html) 	 20
Mozilla/5.0 (compatible; EasouSpider; +http://www.easou.com/search/spider.html) 	 268
Mozilla/5.0 (compatible; JikeSpider; +http://shoulu.jike.com/spider.html) 	 3
Mozilla/5.0 (compatible; Googlebot/2.1; +http://www.google.com/bot.html) 	 7
Mozilla/5.0 (compatible; Sosospider/2.0; +http://help.soso.com/webspider.htm) 	 11
Mozilla/5.0 (compatible; bingbot/2.0; +http://www.bing.com/bingbot.htm) 	 2
Mozilla/4.0 (compatible; MSIE 8.0; Windows NT 6.1; Trident/4.0; SLCC2; .NET CLR 2.0.50727; .NET CLR 3.5.30729; .NET CLR 3.0.30729; Media Center PC 6.0; MDDR; .NET4.0C; .NET4.0E; .NET CLR 1.1.4322; Tablet PC 2.0); 360Spider 	 47
Mozilla/5.0 (Windows; U; Windows NT 5.1; zh-CN; rv:1.8.0.11)  Firefox/1.5.0.11; 360Spider 	 68
Sogou web spider/4.0(+http://www.sogou.com/docs/help/webmasters.htm#07) 	 4
Sogou web spider/4.0 	 1
Mozilla/5.0 (compatible; AhrefsBot/4.0; +http://ahrefs.com/robot/) 	 3
Mozilla/5.0 (compatible; Baiduspider/2.0; +http://www.baidu.com/search/spider.html) 	 20
Mozilla/5.0 (compatible; EasouSpider; +http://www.easou.com/search/spider.html) 	 268
Mozilla/5.0 (compatible; JikeSpider; +http://shoulu.jike.com/spider.html) 	 3
Mozilla/5.0 (compatible; Googlebot/2.1; +http://www.google.com/bot.html) 	 7
Mozilla/5.0 (compatible; Sosospider/2.0; +http://help.soso.com/webspider.htm) 	 11
Mozilla/5.0 (compatible; bingbot/2.0; +http://www.bing.com/bingbot.htm) 	 2
Mozilla/4.0 (compatible; MSIE 8.0; Windows NT 6.1; Trident/4.0; SLCC2; .NET CLR 2.0.50727; .NET CLR 3.5.30729; .NET CLR 3.0.30729; Media Center PC 6.0; MDDR; .NET4.0C; .NET4.0E; .NET CLR 1.1.4322; Tablet PC 2.0); 360Spider 	 47
Mozilla/5.0 (Windows; U; Windows NT 5.1; zh-CN; rv:1.8.0.11)  Firefox/1.5.0.11; 360Spider 	 68
Sogou web spider/4.0(+http://www.sogou.com/docs/help/webmasters.htm#07) 	 4
Sogou web spider/4.0 	 1
Mozilla/5.0 (compatible; AhrefsBot/4.0; +http://ahrefs.com/robot/) 	 4
Mozilla/5.0 (compatible; Baiduspider/2.0; +http://www.baidu.com/search/spider.html) 	 21
Mozilla/5.0 (compatible; EasouSpider; +http://www.easou.com/search/spider.html) 	 289
Mozilla/5.0 (compatible; JikeSpider; +http://shoulu.jike.com/spider.html) 	 3
Mozilla/5.0 (compatible; Googlebot/2.1; +http://www.google.com/bot.html) 	 7
Mozilla/5.0 (compatible; Sosospider/2.0; +http://help.soso.com/webspider.htm) 	 11
Mozilla/5.0 (compatible; bingbot/2.0; +http://www.bing.com/bingbot.htm) 	 2
Mozilla/4.0 (compatible; MSIE 8.0; Windows NT 6.1; Trident/4.0; SLCC2; .NET CLR 2.0.50727; .NET CLR 3.5.30729; .NET CLR 3.0.30729; Media Center PC 6.0; MDDR; .NET4.0C; .NET4.0E; .NET CLR 1.1.4322; Tablet PC 2.0); 360Spider 	 47
Mozilla/5.0 (Windows; U; Windows NT 5.1; zh-CN; rv:1.8.0.11)  Firefox/1.5.0.11; 360Spider 	 68
Sogou web spider/4.0(+http://www.sogou.com/docs/help/webmasters.htm#07) 	 4
Sogou web spider/4.0 	 1
Mozilla/5.0 (compatible; AhrefsBot/4.0; +http://ahrefs.com/robot/) 	 4
Mozilla/5.0 (compatible; Baiduspider/2.0; +http://www.baidu.com/search/spider.html) 	 21
Mozilla/5.0 (compatible; EasouSpider; +http://www.easou.com/search/spider.html) 	 289
Mozilla/5.0 (compatible; JikeSpider; +http://shoulu.jike.com/spider.html) 	 3
Mozilla/5.0 (compatible; Googlebot/2.1; +http://www.google.com/bot.html) 	 7
Mozilla/5.0 (compatible; Sosospider/2.0; +http://help.soso.com/webspider.htm) 	 11
Mozilla/5.0 (compatible; bingbot/2.0; +http://www.bing.com/bingbot.htm) 	 2
Mozilla/4.0 (compatible; MSIE 8.0; Windows NT 6.1; Trident/4.0; SLCC2; .NET CLR 2.0.50727; .NET CLR 3.5.30729; .NET CLR 3.0.30729; Media Center PC 6.0; MDDR; .NET4.0C; .NET4.0E; .NET CLR 1.1.4322; Tablet PC 2.0); 360Spider 	 47
Mozilla/5.0 (Windows; U; Windows NT 5.1; zh-CN; rv:1.8.0.11)  Firefox/1.5.0.11; 360Spider 	 68
Sogou web spider/4.0(+http://www.sogou.com/docs/help/webmasters.htm#07) 	 7
Sogou web spider/4.0 	 1
Mozilla/5.0 (compatible; AhrefsBot/4.0; +http://ahrefs.com/robot/) 	 15
Mozilla/5.0 (compatible; Baiduspider/2.0; +http://www.baidu.com/search/spider.html) 	 40
Mozilla/5.0 (compatible; EasouSpider; +http://www.easou.com/search/spider.html) 	 515
Mozilla/5.0 (compatible; JikeSpider; +http://shoulu.jike.com/spider.html) 	 8
Mozilla/5.0 (compatible; Googlebot/2.1; +http://www.google.com/bot.html) 	 12
Mozilla/5.0 (compatible; Sosospider/2.0; +http://help.soso.com/webspider.htm) 	 23
Mozilla/5.0 (compatible; bingbot/2.0; +http://www.bing.com/bingbot.htm) 	 4
Mozilla/4.0 (compatible; MSIE 8.0; Windows NT 6.1; Trident/4.0; SLCC2; .NET CLR 2.0.50727; .NET CLR 3.5.30729; .NET CLR 3.0.30729; Media Center PC 6.0; MDDR; .NET4.0C; .NET4.0E; .NET CLR 1.1.4322; Tablet PC 2.0); 360Spider 	 66
Mozilla/5.0 (compatible; MJ12bot/v1.4.3; http://www.majestic12.co.uk/bot.php?+) 	 5
Mozilla/5.0 (Windows; U; Windows NT 5.1; zh-CN; rv:1.8.0.11)  Firefox/1.5.0.11; 360Spider 	 69
Sogou web spider/4.0(+http://www.sogou.com/docs/help/webmasters.htm#07) 	 7
Sogou web spider/4.0 	 1
Mozilla/5.0 (compatible; AhrefsBot/4.0; +http://ahrefs.com/robot/) 	 15
Mozilla/5.0 (compatible; Baiduspider/2.0; +http://www.baidu.com/search/spider.html) 	 40
Mozilla/5.0 (compatible; EasouSpider; +http://www.easou.com/search/spider.html) 	 515
Mozilla/5.0 (compatible; JikeSpider; +http://shoulu.jike.com/spider.html) 	 8
Mozilla/5.0 (compatible; Googlebot/2.1; +http://www.google.com/bot.html) 	 12
Mozilla/5.0 (compatible; Sosospider/2.0; +http://help.soso.com/webspider.htm) 	 23
Mozilla/5.0 (compatible; bingbot/2.0; +http://www.bing.com/bingbot.htm) 	 4
Mozilla/4.0 (compatible; MSIE 8.0; Windows NT 6.1; Trident/4.0; SLCC2; .NET CLR 2.0.50727; .NET CLR 3.5.30729; .NET CLR 3.0.30729; Media Center PC 6.0; MDDR; .NET4.0C; .NET4.0E; .NET CLR 1.1.4322; Tablet PC 2.0); 360Spider 	 66
Mozilla/5.0 (compatible; MJ12bot/v1.4.3; http://www.majestic12.co.uk/bot.php?+) 	 5
Mozilla/5.0 (Windows; U; Windows NT 5.1; zh-CN; rv:1.8.0.11)  Firefox/1.5.0.11; 360Spider 	 69
Sogou web spider/4.0(+http://www.sogou.com/docs/help/webmasters.htm#07) 	 7
Sogou web spider/4.0 	 1
Mozilla/5.0 (compatible; AhrefsBot/4.0; +http://ahrefs.com/robot/) 	 15
Mozilla/5.0 (compatible; Baiduspider/2.0; +http://www.baidu.com/search/spider.html) 	 40
Mozilla/5.0 (compatible; EasouSpider; +http://www.easou.com/search/spider.html) 	 515
Mozilla/5.0 (compatible; JikeSpider; +http://shoulu.jike.com/spider.html) 	 8
Mozilla/5.0 (compatible; Googlebot/2.1; +http://www.google.com/bot.html) 	 12
Mozilla/5.0 (compatible; Sosospider/2.0; +http://help.soso.com/webspider.htm) 	 23
Mozilla/5.0 (compatible; bingbot/2.0; +http://www.bing.com/bingbot.htm) 	 4
Mozilla/4.0 (compatible; MSIE 8.0; Windows NT 6.1; Trident/4.0; SLCC2; .NET CLR 2.0.50727; .NET CLR 3.5.30729; .NET CLR 3.0.30729; Media Center PC 6.0; MDDR; .NET4.0C; .NET4.0E; .NET CLR 1.1.4322; Tablet PC 2.0); 360Spider 	 66
Mozilla/5.0 (compatible; MJ12bot/v1.4.3; http://www.majestic12.co.uk/bot.php?+) 	 5
Mozilla/5.0 (Windows; U; Windows NT 5.1; zh-CN; rv:1.8.0.11)  Firefox/1.5.0.11; 360Spider 	 69
Sogou web spider/4.0(+http://www.sogou.com/docs/help/webmasters.htm#07) 	 7
Sogou web spider/4.0 	 1
Mozilla/5.0 (compatible; AhrefsBot/4.0; +http://ahrefs.com/robot/) 	 15
Mozilla/5.0 (compatible; Baiduspider/2.0; +http://www.baidu.com/search/spider.html) 	 40
Mozilla/5.0 (compatible; EasouSpider; +http://www.easou.com/search/spider.html) 	 515
Mozilla/5.0 (compatible; JikeSpider; +http://shoulu.jike.com/spider.html) 	 8
Mozilla/5.0 (compatible; Googlebot/2.1; +http://www.google.com/bot.html) 	 12
Mozilla/5.0 (compatible; Sosospider/2.0; +http://help.soso.com/webspider.htm) 	 23
Mozilla/5.0 (compatible; bingbot/2.0; +http://www.bing.com/bingbot.htm) 	 4
Mozilla/4.0 (compatible; MSIE 8.0; Windows NT 6.1; Trident/4.0; SLCC2; .NET CLR 2.0.50727; .NET CLR 3.5.30729; .NET CLR 3.0.30729; Media Center PC 6.0; MDDR; .NET4.0C; .NET4.0E; .NET CLR 1.1.4322; Tablet PC 2.0); 360Spider 	 66
Mozilla/5.0 (compatible; MJ12bot/v1.4.3; http://www.majestic12.co.uk/bot.php?+) 	 5
Mozilla/5.0 (Windows; U; Windows NT 5.1; zh-CN; rv:1.8.0.11)  Firefox/1.5.0.11; 360Spider 	 69
Sogou web spider/4.0(+http://www.sogou.com/docs/help/webmasters.htm#07) 	 7
Sogou web spider/4.0 	 1
Mozilla/5.0 (compatible; AhrefsBot/4.0; +http://ahrefs.com/robot/) 	 15
Mozilla/5.0 (compatible; Baiduspider/2.0; +http://www.baidu.com/search/spider.html) 	 40
Mozilla/5.0 (compatible; EasouSpider; +http://www.easou.com/search/spider.html) 	 515
Mozilla/5.0 (compatible; JikeSpider; +http://shoulu.jike.com/spider.html) 	 8
Mozilla/5.0 (compatible; Googlebot/2.1; +http://www.google.com/bot.html) 	 12
Mozilla/5.0 (compatible; Sosospider/2.0; +http://help.soso.com/webspider.htm) 	 23
Mozilla/5.0 (compatible; bingbot/2.0; +http://www.bing.com/bingbot.htm) 	 4
Mozilla/4.0 (compatible; MSIE 8.0; Windows NT 6.1; Trident/4.0; SLCC2; .NET CLR 2.0.50727; .NET CLR 3.5.30729; .NET CLR 3.0.30729; Media Center PC 6.0; MDDR; .NET4.0C; .NET4.0E; .NET CLR 1.1.4322; Tablet PC 2.0); 360Spider 	 66
Mozilla/5.0 (compatible; MJ12bot/v1.4.3; http://www.majestic12.co.uk/bot.php?+) 	 5
Mozilla/5.0 (Windows; U; Windows NT 5.1; zh-CN; rv:1.8.0.11)  Firefox/1.5.0.11; 360Spider 	 69
Sogou web spider/4.0(+http://www.sogou.com/docs/help/webmasters.htm#07) 	 7
Sogou web spider/4.0 	 1
Mozilla/5.0 (compatible; AhrefsBot/4.0; +http://ahrefs.com/robot/) 	 15
Mozilla/5.0 (compatible; Baiduspider/2.0; +http://www.baidu.com/search/spider.html) 	 40
Mozilla/5.0 (compatible; EasouSpider; +http://www.easou.com/search/spider.html) 	 515
Mozilla/5.0 (compatible; JikeSpider; +http://shoulu.jike.com/spider.html) 	 8
Mozilla/5.0 (compatible; Googlebot/2.1; +http://www.google.com/bot.html) 	 12
Mozilla/5.0 (compatible; Sosospider/2.0; +http://help.soso.com/webspider.htm) 	 23
Mozilla/5.0 (compatible; bingbot/2.0; +http://www.bing.com/bingbot.htm) 	 4
Mozilla/4.0 (compatible; MSIE 8.0; Windows NT 6.1; Trident/4.0; SLCC2; .NET CLR 2.0.50727; .NET CLR 3.5.30729; .NET CLR 3.0.30729; Media Center PC 6.0; MDDR; .NET4.0C; .NET4.0E; .NET CLR 1.1.4322; Tablet PC 2.0); 360Spider 	 66
Mozilla/5.0 (compatible; MJ12bot/v1.4.3; http://www.majestic12.co.uk/bot.php?+) 	 5
Mozilla/5.0 (Windows; U; Windows NT 5.1; zh-CN; rv:1.8.0.11)  Firefox/1.5.0.11; 360Spider 	 69
Sogou web spider/4.0(+http://www.sogou.com/docs/help/webmasters.htm#07) 	 7
Sogou web spider/4.0 	 1
Mozilla/5.0 (compatible; AhrefsBot/4.0; +http://ahrefs.com/robot/) 	 15
Mozilla/5.0 (compatible; Baiduspider/2.0; +http://www.baidu.com/search/spider.html) 	 40
Mozilla/5.0 (compatible; EasouSpider; +http://www.easou.com/search/spider.html) 	 515
Mozilla/5.0 (compatible; JikeSpider; +http://shoulu.jike.com/spider.html) 	 8
Mozilla/5.0 (compatible; Googlebot/2.1; +http://www.google.com/bot.html) 	 12
Mozilla/5.0 (compatible; Sosospider/2.0; +http://help.soso.com/webspider.htm) 	 23
Mozilla/5.0 (compatible; bingbot/2.0; +http://www.bing.com/bingbot.htm) 	 4
Mozilla/4.0 (compatible; MSIE 8.0; Windows NT 6.1; Trident/4.0; SLCC2; .NET CLR 2.0.50727; .NET CLR 3.5.30729; .NET CLR 3.0.30729; Media Center PC 6.0; MDDR; .NET4.0C; .NET4.0E; .NET CLR 1.1.4322; Tablet PC 2.0); 360Spider 	 66
Mozilla/5.0 (compatible; MJ12bot/v1.4.3; http://www.majestic12.co.uk/bot.php?+) 	 5
Mozilla/5.0 (Windows; U; Windows NT 5.1; zh-CN; rv:1.8.0.11)  Firefox/1.5.0.11; 360Spider 	 69
