input params list:
0: /opt/node-v0.10.0-linux-x64/bin/node
1: /opt/cluster/80/_start.js
2: -port
3: 80
4: -EXEC_PATH
5: /opt/cluster/
6: -DOMAIN_IP
7: 42.121.96.101
8: -DOMAIN_NAME
9: 17597.net
/opt/node-v0.10.0-linux-x64/bin
require underscore
require underscore:1.4.4
require nodemailer
require socket.io
require mongodb
========================================================================================
=  Please ensure that you set the default write concern for the database by setting    =
=   one of the options                                                                 =
=                                                                                      =
=     w: (value of > -1 or the string 'majority'), where < 1 means                     =
=        no write acknowlegement                                                       =
=     journal: true/false, wait for flush to journal before acknowlegement             =
=     fsync: true/false, wait for flush to file system before acknowlegement           =
=                                                                                      =
=  For backward compatibility safe is still supported and                              =
=   allows values of [true | false | {j:true} | {w:n, wtimeout:n} | {fsync:true}]      =
=   the default value is false which means the driver receives does not                =
=   return the information of the success/error of the insert/update/remove            =
=                                                                                      =
=   ex: new Db(new Server('localhost', 27017), {safe:false})                           =
=                                                                                      =
=   http://www.mongodb.org/display/DOCS/getLastError+Command                           =
=                                                                                      =
=  The default of no acknowlegement will change in the very near future                =
=                                                                                      =
=  This message will disappear when the default safe is set on the driver Db           =
========================================================================================
require request
require connect
require formidable
require async
require express
import:mime
import:conf
import:com.easysoft.zoo.Elephant
import:com.easysoft.Widget
import:com.easysoft.constant.Constant
import:com.easysoft.zoo.Spider
import:com.easysoft.zoo.Dog
import:com.easysoft.schedule.Schedule
This platform is linux
Version: v0.10.0
Port: 80
__filename: /opt/cluster/80/_start.js
import:route
import:com.easysoft.cmd.ipconfig
AY1212050941431d46085
[]
--conn db success--
req.headers:1365487992033:{  'host':'17597.net',  'connection':'close',  'user-agent':'Mozilla/5.0 (compatible; Baiduspider/2.0; +http://www.baidu.com/search/spider.html)',  'accept-encoding':'gzip',  'accept-language':'zh-cn,zh-tw',  'accept':'*/*'}
req.connection.remoteAddress:1365487992033:220.181.108.160
req.method:1365487992033:GET
request|Tue Apr 09 2013 14:13:12 GMT+0800 (CST)|GET|220.181.108.160|Mozilla/5.0 (compatible; Baiduspider/2.0; +http://www.baidu.com/search/spider.html)|undefined
import:com.easysoft.service.Wzlist
import:com.easysoft.service.Service
import:com.easysoft.util.MutiReqData
importTemplate:theme.com.easysoft.service.Wzlist.res
import:com.easysoft.service.admin.article.getList
import:com.easysoft.service.admin.Index
import:com.easysoft.util.webFolder.getWebFolderList
import:com.easysoft.util.webFolder.readWebFolder
req.headers:1365488093576:{  'accept-language':'zh-cn,zh-hk,zh-tw,en-us',  'accept-encoding':'gzip',  'connection':'Keep-Alive',  'user-agent':'Sosospider+(+http://help.soso.com/webspider.htm)',  'referer':'http://www.17597.net/',  'host':'www.17597.net'}
req.connection.remoteAddress:1365488093576:123.151.148.198
req.method:1365488093576:GET
request|Tue Apr 09 2013 14:14:53 GMT+0800 (CST)|GET|123.151.148.198|Sosospider+(+http://help.soso.com/webspider.htm)|http://www.17597.net/
import:com.easysoft.service.Go
import:com.easysoft.service.Redirect
req.headers:1365488103583:{  'accept-language':'zh-cn,zh-hk,zh-tw,en-us',  'accept-encoding':'gzip',  'connection':'Keep-Alive',  'user-agent':'Sosospider+(+http://help.soso.com/webspider.htm)',  'referer':'http://17597.net/',  'host':'17597.net'}
req.connection.remoteAddress:1365488103583:123.151.148.198
req.method:1365488103583:GET
request|Tue Apr 09 2013 14:15:03 GMT+0800 (CST)|GET|123.151.148.198|Sosospider+(+http://help.soso.com/webspider.htm)|http://17597.net/
req.headers:1365488113586:{  'accept-language':'zh-cn,zh-hk,zh-tw,en-us',  'accept-encoding':'gzip',  'connection':'Keep-Alive',  'user-agent':'Sosospider+(+http://help.soso.com/webspider.htm)',  'referer':'http://17597.net/',  'host':'17597.net'}
req.connection.remoteAddress:1365488113586:123.151.148.198
req.method:1365488113586:GET
request|Tue Apr 09 2013 14:15:13 GMT+0800 (CST)|GET|123.151.148.198|Sosospider+(+http://help.soso.com/webspider.htm)|http://17597.net/
req.headers:1365488123581:{  'accept-language':'zh-cn,zh-hk,zh-tw,en-us',  'accept-encoding':'gzip',  'connection':'Keep-Alive',  'user-agent':'Sosospider+(+http://help.soso.com/webspider.htm)',  'referer':'http://17597.net/',  'host':'17597.net'}
req.connection.remoteAddress:1365488123581:123.151.148.198
req.method:1365488123581:GET
request|Tue Apr 09 2013 14:15:23 GMT+0800 (CST)|GET|123.151.148.198|Sosospider+(+http://help.soso.com/webspider.htm)|http://17597.net/
req.headers:1365488133577:{  'accept-language':'zh-cn,zh-hk,zh-tw,en-us',  'accept-encoding':'gzip',  'connection':'Keep-Alive',  'user-agent':'Sosospider+(+http://help.soso.com/webspider.htm)',  'referer':'http://17597.net/',  'host':'17597.net'}
req.connection.remoteAddress:1365488133577:123.151.148.198
req.method:1365488133577:GET
request|Tue Apr 09 2013 14:15:33 GMT+0800 (CST)|GET|123.151.148.198|Sosospider+(+http://help.soso.com/webspider.htm)|http://17597.net/
