-----------------------
[04_09_2013 09:54:51] not exist log dir
[04_09_2013 09:54:51] /opt/cluster/80
[04_09_2013 09:54:51] run:./_restart.sh
-----------------------
[04_10_2013 09:40:01] not exist all_list.log dir
[04_10_2013 09:40:01] num:1
[04_10_2013 09:40:01] run ./_track.sh
./_log/2013.year/04.month/09.day ./_log/2013.year/04.month/09.day/cron.log
[04_10_2013 09:40:01] ----------_statistics.sh-------------
[04_10_2013 09:40:01] num:1
[04_10_2013 09:40:01] run ./_track.sh
./_log/2013.year/04.month/09.day ./_log/2013.year/04.month/09.day/_start_80_04_09_2013__14_08_08.log
[04_10_2013 09:40:01] ----------_statistics.sh-------------
[04_10_2013 09:40:01] num:1
[04_10_2013 09:40:01] run ./_track.sh
./_log/2013.year/04.month/09.day ./_log/2013.year/04.month/09.day/_start_80_04_09_2013__14_09_25.log
[04_10_2013 09:40:01] ----------_statistics.sh-------------
[04_10_2013 09:40:01] num:1
[04_10_2013 09:40:01] run ./_track.sh
./_log/2013.year/04.month/09.day ./_log/2013.year/04.month/09.day/_start_80_04_09_2013__14_10_05.log
[04_10_2013 09:40:01] ----------_statistics.sh-------------
[04_10_2013 09:40:01] num:1
[04_10_2013 09:40:01] run ./_track.sh
./_log/2013.year/04.month/09.day ./_log/2013.year/04.month/09.day/_start_80_04_09_2013__14_11_24.log
[04_10_2013 09:40:01] ----------_statistics.sh-------------
[04_10_2013 09:40:01] num:1
[04_10_2013 09:40:01] run ./_track.sh
./_log/2013.year/04.month/09.day ./_log/2013.year/04.month/09.day/_start_80_04_09_2013__14_11_57.log
[04_10_2013 09:40:01] ----------_statistics.sh-------------
[04_10_2013 09:40:01] num:1
[04_10_2013 09:40:01] run ./_track.sh
./_log/2013.year/04.month/09.day ./_log/2013.year/04.month/09.day/_start_80_04_09_2013__14_22_53.log
[04_10_2013 09:40:01] ----------_statistics.sh-------------
[04_10_2013 09:40:02] num:1
[04_10_2013 09:40:02] run ./_track.sh
./_log/2013.year/04.month/09.day ./_log/2013.year/04.month/09.day/_start_80_04_09_2013__14_23_43.log
[04_10_2013 09:40:02] ----------_statistics.sh-------------
[04_10_2013 09:40:02] num:1
[04_10_2013 09:40:02] run ./_track.sh
./_log/2013.year/04.month/09.day ./_log/2013.year/04.month/09.day/_start_80_04_09_2013__16_35_45.log
[04_10_2013 09:40:02] ----------_statistics.sh-------------
[04_10_2013 09:40:02] num:1
[04_10_2013 09:40:02] run ./_track.sh
./_log/2013.year/04.month/09.day ./_log/2013.year/04.month/09.day/_start_80_04_09_2013__16_38_47.log
[04_10_2013 09:40:02] ----------_statistics.sh-------------
[04_10_2013 09:40:02] num:1
[04_10_2013 09:40:02] run ./_track.sh
./_log/2013.year/04.month/09.day ./_log/2013.year/04.month/09.day/_start_mongo_04_09_2013__14_09_15.log
[04_10_2013 09:40:02] ----------_statistics.sh-------------
[04_10_2013 09:40:02] num:1
[04_10_2013 09:40:02] run ./_track.sh
./_log/2013.year/04.month/09.day ./_log/2013.year/04.month/09.day/_start_mongo_04_09_2013__14_10_05.log
[04_10_2013 09:40:02] ----------_statistics.sh-------------
[04_10_2013 09:40:02] num:1
[04_10_2013 09:40:02] run ./_track.sh
./_log/2013.year/04.month/09.day ./_log/2013.year/04.month/09.day/_start_mongo_04_09_2013__14_11_24.log
[04_10_2013 09:40:02] ----------_statistics.sh-------------
[04_10_2013 09:40:02] num:1
[04_10_2013 09:40:02] run ./_track.sh
./_log/2013.year/04.month/09.day ./_log/2013.year/04.month/09.day/_start_mongo_04_09_2013__14_11_57.log
[04_10_2013 09:40:02] ----------_statistics.sh-------------
[04_10_2013 09:40:02] num:1
[04_10_2013 09:40:02] run ./_track.sh
./_log/2013.year/04.month/09.day ./_log/2013.year/04.month/09.day/_start_mongo_04_09_2013__14_22_53.log
[04_10_2013 09:40:02] ----------_statistics.sh-------------
[04_10_2013 09:40:02] num:1
[04_10_2013 09:40:02] run ./_track.sh
./_log/2013.year/04.month/09.day ./_log/2013.year/04.month/09.day/_start_mongo_04_09_2013__14_23_43.log
[04_10_2013 09:40:02] ----------_statistics.sh-------------
[04_10_2013 09:40:03] num:1
[04_10_2013 09:40:03] run ./_track.sh
./_log/2013.year/04.month/09.day ./_log/2013.year/04.month/09.day/_start_mongo_04_09_2013__16_35_45.log
[04_10_2013 09:40:03] ----------_statistics.sh-------------
[04_10_2013 09:40:03] num:1
[04_10_2013 09:40:03] run ./_track.sh
./_log/2013.year/04.month/09.day ./_log/2013.year/04.month/09.day/_start_mongo_04_09_2013__16_38_47.log
[04_10_2013 09:40:03] ----------_statistics.sh-------------
