input params list:
0: /opt/node-v0.10.0-linux-x64/bin/node
1: /opt/cluster/80/_start.js
2: -port
3: 80
4: -EXEC_PATH
5: /opt/cluster/
6: -DOMAIN_IP
7: 42.121.96.101
8: -DOMAIN_NAME
9: 17597.net
/opt/node-v0.10.0-linux-x64/bin
require underscore
require underscore:1.4.4
require nodemailer
require socket.io
require cheerio
require iconv-lite
require mongodb
require canvas
========================================================================================
=  Please ensure that you set the default write concern for the database by setting    =
=   one of the options                                                                 =
=                                                                                      =
=     w: (value of > -1 or the string 'majority'), where < 1 means                     =
=        no write acknowlegement                                                       =
=     journal: true/false, wait for flush to journal before acknowlegement             =
=     fsync: true/false, wait for flush to file system before acknowlegement           =
=                                                                                      =
=  For backward compatibility safe is still supported and                              =
=   allows values of [true | false | {j:true} | {w:n, wtimeout:n} | {fsync:true}]      =
=   the default value is false which means the driver receives does not                =
=   return the information of the success/error of the insert/update/remove            =
=                                                                                      =
=   ex: new Db(new Server('localhost', 27017), {safe:false})                           =
=                                                                                      =
=   http://www.mongodb.org/display/DOCS/getLastError+Command                           =
=                                                                                      =
=  The default of no acknowlegement will change in the very near future                =
=                                                                                      =
=  This message will disappear when the default safe is set on the driver Db           =
========================================================================================
require request
require connect
require formidable
require async
require express
import:mime
import:conf
import:com.easysoft.zoo.Elephant
import:com.easysoft.Widget
import:com.easysoft.constant.Constant
import:com.easysoft.zoo.Spider
import:com.easysoft.zoo.Dog
import:com.easysoft.schedule.Schedule
This platform is linux
Version: v0.10.0
Port: 80
__filename: /opt/cluster/80/_start.js
import:route
import:com.easysoft.cmd.ipconfig
AY1212050941431d46085
[]
--conn db success--
req.headers:1366361346383:{  'host':'17597.net',  'user-agent':'Mozilla/5.0 (Windows NT 5.1; rv:20.0) Gecko/20100101 Firefox/20.0',  'accept':'text/html,application/xhtml+xml,application/xml;q=0.9,*/*;q=0.8',  'accept-language':'en-us,zh-cn;q=0.8,zh;q=0.5,en;q=0.3',  'accept-encoding':'gzip, deflate',  'connection':'keep-alive',  'if-modified-since':'1366361259561'}
req.connection.remoteAddress:1366361346383:202.108.130.138
req.method:1366361346383:GET
request|Fri Apr 19 2013 16:49:06 GMT+0800 (CST)|GET|202.108.130.138|Mozilla/5.0 (Windows NT 5.1; rv:20.0) Gecko/20100101 Firefox/20.0|undefined
import:com.easysoft.service.Index
import:com.easysoft.service.Service
import:com.easysoft.util.MutiReqData
importTemplate:theme.com.easysoft.service.Index.res
req.headers:1366361346939:{  'host':'17597.net',  'user-agent':'Mozilla/5.0 (Windows NT 5.1; rv:20.0) Gecko/20100101 Firefox/20.0',  'accept':'image/png,image/*;q=0.8,*/*;q=0.5',  'accept-language':'en-us,zh-cn;q=0.8,zh;q=0.5,en;q=0.3',  'accept-encoding':'gzip, deflate',  'referer':'http://17597.net/',  'connection':'keep-alive',  'if-modified-since':'1366361259907'}
req.connection.remoteAddress:1366361346939:202.108.130.138
req.method:1366361346939:GET
request|Fri Apr 19 2013 16:49:06 GMT+0800 (CST)|GET|202.108.130.138|Mozilla/5.0 (Windows NT 5.1; rv:20.0) Gecko/20100101 Firefox/20.0|http://17597.net/
import:com.easysoft.util.webFolder.readWebFolder
req.headers:1366361346941:{  'host':'17597.net',  'user-agent':'Mozilla/5.0 (Windows NT 5.1; rv:20.0) Gecko/20100101 Firefox/20.0',  'accept':'image/png,image/*;q=0.8,*/*;q=0.5',  'accept-language':'en-us,zh-cn;q=0.8,zh;q=0.5,en;q=0.3',  'accept-encoding':'gzip, deflate',  'referer':'http://17597.net/',  'connection':'keep-alive',  'if-modified-since':'1366361259953'}
req.connection.remoteAddress:1366361346941:202.108.130.138
req.method:1366361346941:GET
request|Fri Apr 19 2013 16:49:06 GMT+0800 (CST)|GET|202.108.130.138|Mozilla/5.0 (Windows NT 5.1; rv:20.0) Gecko/20100101 Firefox/20.0|http://17597.net/
req.headers:1366361346984:{  'host':'17597.net',  'user-agent':'Mozilla/5.0 (Windows NT 5.1; rv:20.0) Gecko/20100101 Firefox/20.0',  'accept':'image/png,image/*;q=0.8,*/*;q=0.5',  'accept-language':'en-us,zh-cn;q=0.8,zh;q=0.5,en;q=0.3',  'accept-encoding':'gzip, deflate',  'referer':'http://17597.net/',  'connection':'keep-alive',  'if-modified-since':'1366361259954'}
req.connection.remoteAddress:1366361346984:202.108.130.138
req.method:1366361346984:GET
request|Fri Apr 19 2013 16:49:06 GMT+0800 (CST)|GET|202.108.130.138|Mozilla/5.0 (Windows NT 5.1; rv:20.0) Gecko/20100101 Firefox/20.0|http://17597.net/
req.headers:1366361438121:{  'host':'17597.net',  'user-agent':'Mozilla/5.0 (Windows NT 5.1; rv:20.0) Gecko/20100101 Firefox/20.0',  'accept':'text/html,application/xhtml+xml,application/xml;q=0.9,*/*;q=0.8',  'accept-language':'en-us,zh-cn;q=0.8,zh;q=0.5,en;q=0.3',  'accept-encoding':'gzip, deflate',  'referer':'http://17597.net/',  'connection':'keep-alive'}
req.connection.remoteAddress:1366361438121:202.108.130.138
req.method:1366361438121:GET
request|Fri Apr 19 2013 16:50:38 GMT+0800 (CST)|GET|202.108.130.138|Mozilla/5.0 (Windows NT 5.1; rv:20.0) Gecko/20100101 Firefox/20.0|http://17597.net/
import:com.easysoft.service.Wzlist
importTemplate:theme.com.easysoft.service.Wzlist.res
import:com.easysoft.service.admin.article.getList
import:com.easysoft.service.admin.Index
import:com.easysoft.util.webFolder.getWebFolderList

path.js:360
        throw new TypeError('Arguments to path.join must be strings');
              ^
TypeError: Arguments to path.join must be strings
    at path.js:360:15
    at Array.filter (native)
    at Object.exports.join (path.js:358:36)
    at dojo.declare.fin2 (eval at _import (/opt/cluster/80/_bin/script/dojos.js:66:10), <anonymous>:55:23)
    at dojo.declare.finish_requst_necessary_url (eval at _import (/opt/cluster/80/_bin/script/dojos.js:66:10), <anonymous>:46:27)
    at dojo.declare.requst_necessary_url (eval at _import (/opt/cluster/80/_bin/script/dojos.js:66:10), <anonymous>:41:9)
    at dojo.requestHttp.onLoad (eval at _import (/opt/cluster/80/_bin/script/dojos.js:66:10), <anonymous>:33:12)
    at /opt/cluster/80/_bin/script/dojo.js:259:7
    at IncomingMessage.<anonymous> (/opt/cluster/80/_bin/script/dojos.js:170:6)
    at IncomingMessage.EventEmitter.emit (events.js:117:20)
