input params list:
0: /opt/node-v0.10.0-linux-x64/bin/node
1: /opt/cluster/80/_start.js
2: -port
3: 80
4: -EXEC_PATH
5: /opt/cluster/
6: -DOMAIN_IP
7: 42.121.96.101
8: -DOMAIN_NAME
9: 17597.net
/opt/node-v0.10.0-linux-x64/bin
require underscore
require underscore:1.4.4
require nodemailer
require socket.io
require cheerio
require iconv-lite
require mongodb
require canvas
========================================================================================
=  Please ensure that you set the default write concern for the database by setting    =
=   one of the options                                                                 =
=                                                                                      =
=     w: (value of > -1 or the string 'majority'), where < 1 means                     =
=        no write acknowlegement                                                       =
=     journal: true/false, wait for flush to journal before acknowlegement             =
=     fsync: true/false, wait for flush to file system before acknowlegement           =
=                                                                                      =
=  For backward compatibility safe is still supported and                              =
=   allows values of [true | false | {j:true} | {w:n, wtimeout:n} | {fsync:true}]      =
=   the default value is false which means the driver receives does not                =
=   return the information of the success/error of the insert/update/remove            =
=                                                                                      =
=   ex: new Db(new Server('localhost', 27017), {safe:false})                           =
=                                                                                      =
=   http://www.mongodb.org/display/DOCS/getLastError+Command                           =
=                                                                                      =
=  The default of no acknowlegement will change in the very near future                =
=                                                                                      =
=  This message will disappear when the default safe is set on the driver Db           =
========================================================================================
require request
require connect
require formidable
require async
require express
import:mime
import:conf
import:com.easysoft.zoo.Elephant
import:com.easysoft.Widget
import:com.easysoft.constant.Constant
import:com.easysoft.zoo.Spider
import:com.easysoft.zoo.Dog
import:com.easysoft.schedule.Schedule
This platform is linux
Version: v0.10.0
Port: 80
__filename: /opt/cluster/80/_start.js
import:route
import:com.easysoft.cmd.ipconfig
AY1212050941431d46085
[]
--conn db success--
req.headers:1366374118591:{  'host':'17597.net',  'user-agent':'Mozilla/5.0 (Windows NT 5.1; rv:16.0) Gecko/20100101 Firefox/16.0',  'accept':'text/html,application/xhtml+xml,application/xml;q=0.9,*/*;q=0.8',  'accept-language':'zh-cn,zh;q=0.8,en-us;q=0.5,en;q=0.3',  'accept-encoding':'gzip, deflate',  'connection':'keep-alive',  'if-modified-since':'1366260403838'}
req.connection.remoteAddress:1366374118591:118.186.193.26
req.method:1366374118591:GET
request|Fri Apr 19 2013 20:21:58 GMT+0800 (CST)|GET|118.186.193.26|Mozilla/5.0 (Windows NT 5.1; rv:16.0) Gecko/20100101 Firefox/16.0|undefined
import:com.easysoft.service.Index
import:com.easysoft.service.Service
import:com.easysoft.util.MutiReqData
importTemplate:theme.com.easysoft.service.Index.res
req.headers:1366374119245:{  'host':'17597.net',  'user-agent':'Mozilla/5.0 (Windows NT 5.1; rv:16.0) Gecko/20100101 Firefox/16.0',  'accept':'image/png,image/*;q=0.8,*/*;q=0.5',  'accept-language':'zh-cn,zh;q=0.8,en-us;q=0.5,en;q=0.3',  'accept-encoding':'gzip, deflate',  'connection':'keep-alive',  'referer':'http://17597.net/',  'if-modified-since':'1366260404798'}
req.connection.remoteAddress:1366374119245:118.186.193.26
req.method:1366374119245:GET
request|Fri Apr 19 2013 20:21:59 GMT+0800 (CST)|GET|118.186.193.26|Mozilla/5.0 (Windows NT 5.1; rv:16.0) Gecko/20100101 Firefox/16.0|http://17597.net/
import:com.easysoft.util.webFolder.readWebFolder
req.headers:1366374119288:{  'host':'17597.net',  'user-agent':'Mozilla/5.0 (Windows NT 5.1; rv:16.0) Gecko/20100101 Firefox/16.0',  'accept':'image/png,image/*;q=0.8,*/*;q=0.5',  'accept-language':'zh-cn,zh;q=0.8,en-us;q=0.5,en;q=0.3',  'accept-encoding':'gzip, deflate',  'connection':'keep-alive',  'referer':'http://17597.net/',  'if-modified-since':'1366260404852'}
req.connection.remoteAddress:1366374119288:118.186.193.26
req.method:1366374119288:GET
request|Fri Apr 19 2013 20:21:59 GMT+0800 (CST)|GET|118.186.193.26|Mozilla/5.0 (Windows NT 5.1; rv:16.0) Gecko/20100101 Firefox/16.0|http://17597.net/
req.headers:1366374119289:{  'host':'17597.net',  'user-agent':'Mozilla/5.0 (Windows NT 5.1; rv:16.0) Gecko/20100101 Firefox/16.0',  'accept':'image/png,image/*;q=0.8,*/*;q=0.5',  'accept-language':'zh-cn,zh;q=0.8,en-us;q=0.5,en;q=0.3',  'accept-encoding':'gzip, deflate',  'connection':'keep-alive',  'referer':'http://17597.net/',  'if-modified-since':'1366260404851'}
req.connection.remoteAddress:1366374119289:118.186.193.26
req.method:1366374119289:GET
request|Fri Apr 19 2013 20:21:59 GMT+0800 (CST)|GET|118.186.193.26|Mozilla/5.0 (Windows NT 5.1; rv:16.0) Gecko/20100101 Firefox/16.0|http://17597.net/
req.headers:1366374128730:{  'host':'17597.net',  'user-agent':'Mozilla/5.0 (Windows NT 5.1; rv:16.0) Gecko/20100101 Firefox/16.0',  'accept':'text/html,application/xhtml+xml,application/xml;q=0.9,*/*;q=0.8',  'accept-language':'zh-cn,zh;q=0.8,en-us;q=0.5,en;q=0.3',  'accept-encoding':'gzip, deflate',  'connection':'keep-alive',  'if-modified-since':'1366374118664',  'cache-control':'max-age=0'}
req.connection.remoteAddress:1366374128730:118.186.193.26
req.method:1366374128730:GET
request|Fri Apr 19 2013 20:22:08 GMT+0800 (CST)|GET|118.186.193.26|Mozilla/5.0 (Windows NT 5.1; rv:16.0) Gecko/20100101 Firefox/16.0|undefined
req.headers:1366374129119:{  'host':'17597.net',  'user-agent':'Mozilla/5.0 (Windows NT 5.1; rv:16.0) Gecko/20100101 Firefox/16.0',  'accept':'image/png,image/*;q=0.8,*/*;q=0.5',  'accept-language':'zh-cn,zh;q=0.8,en-us;q=0.5,en;q=0.3',  'accept-encoding':'gzip, deflate',  'connection':'keep-alive',  'referer':'http://17597.net/',  'if-modified-since':'1366374119247',  'cache-control':'max-age=0'}
req.connection.remoteAddress:1366374129119:118.186.193.26
req.method:1366374129119:GET
request|Fri Apr 19 2013 20:22:09 GMT+0800 (CST)|GET|118.186.193.26|Mozilla/5.0 (Windows NT 5.1; rv:16.0) Gecko/20100101 Firefox/16.0|http://17597.net/
req.headers:1366374129120:{  'host':'17597.net',  'user-agent':'Mozilla/5.0 (Windows NT 5.1; rv:16.0) Gecko/20100101 Firefox/16.0',  'accept':'image/png,image/*;q=0.8,*/*;q=0.5',  'accept-language':'zh-cn,zh;q=0.8,en-us;q=0.5,en;q=0.3',  'accept-encoding':'gzip, deflate',  'connection':'keep-alive',  'referer':'http://17597.net/',  'if-modified-since':'1366374119291',  'cache-control':'max-age=0'}
req.connection.remoteAddress:1366374129120:118.186.193.26
req.method:1366374129120:GET
request|Fri Apr 19 2013 20:22:09 GMT+0800 (CST)|GET|118.186.193.26|Mozilla/5.0 (Windows NT 5.1; rv:16.0) Gecko/20100101 Firefox/16.0|http://17597.net/
req.headers:1366374129121:{  'host':'17597.net',  'user-agent':'Mozilla/5.0 (Windows NT 5.1; rv:16.0) Gecko/20100101 Firefox/16.0',  'accept':'image/png,image/*;q=0.8,*/*;q=0.5',  'accept-language':'zh-cn,zh;q=0.8,en-us;q=0.5,en;q=0.3',  'accept-encoding':'gzip, deflate',  'connection':'keep-alive',  'referer':'http://17597.net/',  'if-modified-since':'1366374119291',  'cache-control':'max-age=0'}
req.connection.remoteAddress:1366374129121:118.186.193.26
req.method:1366374129121:GET
request|Fri Apr 19 2013 20:22:09 GMT+0800 (CST)|GET|118.186.193.26|Mozilla/5.0 (Windows NT 5.1; rv:16.0) Gecko/20100101 Firefox/16.0|http://17597.net/
req.headers:1366374192594:{  'user-agent':'Mozilla/5.0 (compatible; EasouSpider; +http://www.easou.com/search/spider.html)',  'accept-encoding':'gzip, deflate',  'accept':'text/html, application/xml;q=0.9, application/xhtml+xml, image/png, image/jpeg, image/gif, image/x-xbitmap, */*;q=0.1',  'accept-language':'zh;q=0.9,en;q=0.8',  'refer':'http://17597.net/wz/6',  'host':'17597.net',  'connection':'close'}
req.connection.remoteAddress:1366374192594:183.60.214.26
req.method:1366374192594:GET
request|Fri Apr 19 2013 20:23:12 GMT+0800 (CST)|GET|183.60.214.26|Mozilla/5.0 (compatible; EasouSpider; +http://www.easou.com/search/spider.html)|http://17597.net/wz/6
import:com.easysoft.service.Wzlist
importTemplate:theme.com.easysoft.service.Wzlist.res
import:com.easysoft.service.admin.article.getList
import:com.easysoft.service.admin.Index
import:com.easysoft.util.webFolder.getWebFolderList
req.headers:1366374192617:{  'user-agent':'Mozilla/5.0 (compatible; EasouSpider; +http://www.easou.com/search/spider.html)',  'accept-encoding':'gzip, deflate',  'accept':'text/html, application/xml;q=0.9, application/xhtml+xml, image/png, image/jpeg, image/gif, image/x-xbitmap, */*;q=0.1',  'accept-language':'zh;q=0.9,en;q=0.8',  'refer':'http://17597.net/wz/5',  'host':'17597.net',  'connection':'close'}
req.connection.remoteAddress:1366374192617:183.60.213.112
req.method:1366374192617:GET
request|Fri Apr 19 2013 20:23:12 GMT+0800 (CST)|GET|183.60.213.112|Mozilla/5.0 (compatible; EasouSpider; +http://www.easou.com/search/spider.html)|http://17597.net/wz/5
import:com.easysoft.service.Go
import:com.easysoft.service.Redirect
req.headers:1366374192621:{  'user-agent':'Mozilla/5.0 (compatible; EasouSpider; +http://www.easou.com/search/spider.html)',  'accept-encoding':'gzip, deflate',  'accept':'text/html, application/xml;q=0.9, application/xhtml+xml, image/png, image/jpeg, image/gif, image/x-xbitmap, */*;q=0.1',  'accept-language':'zh;q=0.9,en;q=0.8',  'refer':'http://17597.net/',  'host':'17597.net',  'connection':'close'}
req.connection.remoteAddress:1366374192621:183.60.215.57
req.method:1366374192621:GET
request|Fri Apr 19 2013 20:23:12 GMT+0800 (CST)|GET|183.60.215.57|Mozilla/5.0 (compatible; EasouSpider; +http://www.easou.com/search/spider.html)|http://17597.net/

path.js:360
        throw new TypeError('Arguments to path.join must be strings');
              ^
TypeError: Arguments to path.join must be strings
    at path.js:360:15
    at Array.filter (native)
    at Object.exports.join (path.js:358:36)
    at dojo.declare.fin2 (eval at _import (/opt/cluster/80/_bin/script/dojos.js:66:10), <anonymous>:55:23)
    at dojo.declare.finish_requst_necessary_url (eval at _import (/opt/cluster/80/_bin/script/dojos.js:66:10), <anonymous>:46:27)
    at dojo.declare.requst_necessary_url (eval at _import (/opt/cluster/80/_bin/script/dojos.js:66:10), <anonymous>:41:9)
    at dojo.requestHttp.onLoad (eval at _import (/opt/cluster/80/_bin/script/dojos.js:66:10), <anonymous>:33:12)
    at /opt/cluster/80/_bin/script/dojo.js:259:7
    at IncomingMessage.<anonymous> (/opt/cluster/80/_bin/script/dojos.js:170:6)
    at IncomingMessage.EventEmitter.emit (events.js:117:20)
