-----------------------
[04_19_2013 00:00:01] not exist log dir
[04_19_2013 00:00:01] /opt/cluster/80
[04_19_2013 00:00:01] run:./_restart.sh
-----------------------
[04_20_2013 00:05:01] not exist all_list.log dir
[04_20_2013 00:05:01] num:1
[04_20_2013 00:05:01] run ./_track.sh
./_log/2013.year/04.month/19.day ./_log/2013.year/04.month/19.day/cron.log
[04_20_2013 00:05:01] ----------_statistics.sh-------------
[04_20_2013 00:05:01] num:1
[04_20_2013 00:05:01] run ./_track.sh
./_log/2013.year/04.month/19.day ./_log/2013.year/04.month/19.day/_start_80_04_19_2013__00_00_07.log
[04_20_2013 00:05:01] ----------_statistics.sh-------------
[04_20_2013 00:05:01] num:1
[04_20_2013 00:05:01] run ./_track.sh
./_log/2013.year/04.month/19.day ./_log/2013.year/04.month/19.day/_start_80_04_19_2013__16_20_07.log
[04_20_2013 00:05:01] ----------_statistics.sh-------------
[04_20_2013 00:05:01] num:1
[04_20_2013 00:05:01] run ./_track.sh
./_log/2013.year/04.month/19.day ./_log/2013.year/04.month/19.day/_start_80_04_19_2013__16_23_44.log
[04_20_2013 00:05:01] ----------_statistics.sh-------------
[04_20_2013 00:05:01] num:1
[04_20_2013 00:05:01] run ./_track.sh
./_log/2013.year/04.month/19.day ./_log/2013.year/04.month/19.day/_start_80_04_19_2013__16_24_15.log
[04_20_2013 00:05:01] ----------_statistics.sh-------------
[04_20_2013 00:05:01] num:1
[04_20_2013 00:05:01] run ./_track.sh
./_log/2013.year/04.month/19.day ./_log/2013.year/04.month/19.day/_start_80_04_19_2013__16_29_37.log
[04_20_2013 00:05:01] ----------_statistics.sh-------------
[04_20_2013 00:05:01] num:1
[04_20_2013 00:05:01] run ./_track.sh
./_log/2013.year/04.month/19.day ./_log/2013.year/04.month/19.day/_start_80_04_19_2013__16_31_57.log
[04_20_2013 00:05:01] ----------_statistics.sh-------------
[04_20_2013 00:05:01] num:1
[04_20_2013 00:05:01] run ./_track.sh
./_log/2013.year/04.month/19.day ./_log/2013.year/04.month/19.day/_start_80_04_19_2013__16_35_35.log
[04_20_2013 00:05:01] ----------_statistics.sh-------------
[04_20_2013 00:05:01] num:1
[04_20_2013 00:05:01] run ./_track.sh
./_log/2013.year/04.month/19.day ./_log/2013.year/04.month/19.day/_start_80_04_19_2013__16_44_04.log
[04_20_2013 00:05:01] ----------_statistics.sh-------------
[04_20_2013 00:05:01] num:1
[04_20_2013 00:05:01] run ./_track.sh
./_log/2013.year/04.month/19.day ./_log/2013.year/04.month/19.day/_start_80_04_19_2013__16_45_19.log
[04_20_2013 00:05:01] ----------_statistics.sh-------------
[04_20_2013 00:05:01] num:1
[04_20_2013 00:05:01] run ./_track.sh
./_log/2013.year/04.month/19.day ./_log/2013.year/04.month/19.day/_start_80_04_19_2013__16_47_36.log
[04_20_2013 00:05:01] ----------_statistics.sh-------------
[04_20_2013 00:05:01] num:1
[04_20_2013 00:05:01] run ./_track.sh
./_log/2013.year/04.month/19.day ./_log/2013.year/04.month/19.day/_start_80_04_19_2013__16_48_55.log
[04_20_2013 00:05:01] ----------_statistics.sh-------------
[04_20_2013 00:05:01] num:1
[04_20_2013 00:05:01] run ./_track.sh
./_log/2013.year/04.month/19.day ./_log/2013.year/04.month/19.day/_start_80_04_19_2013__16_50_54.log
[04_20_2013 00:05:01] ----------_statistics.sh-------------
[04_20_2013 00:05:01] num:1
[04_20_2013 00:05:01] run ./_track.sh
./_log/2013.year/04.month/19.day ./_log/2013.year/04.month/19.day/_start_80_04_19_2013__16_56_19.log
[04_20_2013 00:05:01] ----------_statistics.sh-------------
[04_20_2013 00:05:01] num:1
[04_20_2013 00:05:01] run ./_track.sh
./_log/2013.year/04.month/19.day ./_log/2013.year/04.month/19.day/_start_80_04_19_2013__16_56_50.log
[04_20_2013 00:05:01] ----------_statistics.sh-------------
[04_20_2013 00:05:01] num:1
[04_20_2013 00:05:01] run ./_track.sh
./_log/2013.year/04.month/19.day ./_log/2013.year/04.month/19.day/_start_80_04_19_2013__17_07_45.log
[04_20_2013 00:05:01] ----------_statistics.sh-------------
[04_20_2013 00:05:01] num:1
[04_20_2013 00:05:01] run ./_track.sh
./_log/2013.year/04.month/19.day ./_log/2013.year/04.month/19.day/_start_80_04_19_2013__17_09_10.log
[04_20_2013 00:05:01] ----------_statistics.sh-------------
[04_20_2013 00:05:01] num:1
[04_20_2013 00:05:01] run ./_track.sh
./_log/2013.year/04.month/19.day ./_log/2013.year/04.month/19.day/_start_80_04_19_2013__17_10_19.log
[04_20_2013 00:05:01] ----------_statistics.sh-------------
[04_20_2013 00:05:01] num:1
[04_20_2013 00:05:01] run ./_track.sh
./_log/2013.year/04.month/19.day ./_log/2013.year/04.month/19.day/_start_80_04_19_2013__20_19_26.log
[04_20_2013 00:05:01] ----------_statistics.sh-------------
[04_20_2013 00:05:01] num:1
[04_20_2013 00:05:01] run ./_track.sh
./_log/2013.year/04.month/19.day ./_log/2013.year/04.month/19.day/_start_80_04_19_2013__20_29_05.log
[04_20_2013 00:05:01] ----------_statistics.sh-------------
[04_20_2013 00:05:01] num:1
[04_20_2013 00:05:01] run ./_track.sh
./_log/2013.year/04.month/19.day ./_log/2013.year/04.month/19.day/_start_80_04_19_2013__20_31_37.log
[04_20_2013 00:05:01] ----------_statistics.sh-------------
[04_20_2013 00:05:01] num:1
[04_20_2013 00:05:01] run ./_track.sh
./_log/2013.year/04.month/19.day ./_log/2013.year/04.month/19.day/_start_mongo_04_19_2013__00_00_07.log
[04_20_2013 00:05:01] ----------_statistics.sh-------------
[04_20_2013 00:05:01] num:1
[04_20_2013 00:05:02] run ./_track.sh
./_log/2013.year/04.month/19.day ./_log/2013.year/04.month/19.day/_start_mongo_04_19_2013__16_20_07.log
[04_20_2013 00:05:02] ----------_statistics.sh-------------
[04_20_2013 00:05:02] num:1
[04_20_2013 00:05:02] run ./_track.sh
./_log/2013.year/04.month/19.day ./_log/2013.year/04.month/19.day/_start_mongo_04_19_2013__16_23_44.log
[04_20_2013 00:05:02] ----------_statistics.sh-------------
[04_20_2013 00:05:02] num:1
[04_20_2013 00:05:02] run ./_track.sh
./_log/2013.year/04.month/19.day ./_log/2013.year/04.month/19.day/_start_mongo_04_19_2013__16_24_15.log
[04_20_2013 00:05:02] ----------_statistics.sh-------------
[04_20_2013 00:05:02] num:1
[04_20_2013 00:05:02] run ./_track.sh
./_log/2013.year/04.month/19.day ./_log/2013.year/04.month/19.day/_start_mongo_04_19_2013__16_29_37.log
[04_20_2013 00:05:02] ----------_statistics.sh-------------
[04_20_2013 00:05:02] num:1
[04_20_2013 00:05:02] run ./_track.sh
./_log/2013.year/04.month/19.day ./_log/2013.year/04.month/19.day/_start_mongo_04_19_2013__16_31_57.log
[04_20_2013 00:05:02] ----------_statistics.sh-------------
[04_20_2013 00:05:02] num:1
[04_20_2013 00:05:02] run ./_track.sh
./_log/2013.year/04.month/19.day ./_log/2013.year/04.month/19.day/_start_mongo_04_19_2013__16_35_35.log
[04_20_2013 00:05:02] ----------_statistics.sh-------------
[04_20_2013 00:05:02] num:1
[04_20_2013 00:05:02] run ./_track.sh
./_log/2013.year/04.month/19.day ./_log/2013.year/04.month/19.day/_start_mongo_04_19_2013__16_44_04.log
[04_20_2013 00:05:02] ----------_statistics.sh-------------
[04_20_2013 00:05:02] num:1
[04_20_2013 00:05:02] run ./_track.sh
./_log/2013.year/04.month/19.day ./_log/2013.year/04.month/19.day/_start_mongo_04_19_2013__16_45_19.log
[04_20_2013 00:05:02] ----------_statistics.sh-------------
[04_20_2013 00:05:02] num:1
[04_20_2013 00:05:02] run ./_track.sh
./_log/2013.year/04.month/19.day ./_log/2013.year/04.month/19.day/_start_mongo_04_19_2013__16_47_36.log
[04_20_2013 00:05:02] ----------_statistics.sh-------------
[04_20_2013 00:05:02] num:1
[04_20_2013 00:05:02] run ./_track.sh
./_log/2013.year/04.month/19.day ./_log/2013.year/04.month/19.day/_start_mongo_04_19_2013__16_48_55.log
[04_20_2013 00:05:02] ----------_statistics.sh-------------
[04_20_2013 00:05:02] num:1
[04_20_2013 00:05:02] run ./_track.sh
./_log/2013.year/04.month/19.day ./_log/2013.year/04.month/19.day/_start_mongo_04_19_2013__16_50_54.log
[04_20_2013 00:05:02] ----------_statistics.sh-------------
[04_20_2013 00:05:02] num:1
[04_20_2013 00:05:02] run ./_track.sh
./_log/2013.year/04.month/19.day ./_log/2013.year/04.month/19.day/_start_mongo_04_19_2013__16_56_19.log
[04_20_2013 00:05:02] ----------_statistics.sh-------------
[04_20_2013 00:05:02] num:1
[04_20_2013 00:05:02] run ./_track.sh
./_log/2013.year/04.month/19.day ./_log/2013.year/04.month/19.day/_start_mongo_04_19_2013__16_56_50.log
[04_20_2013 00:05:02] ----------_statistics.sh-------------
[04_20_2013 00:05:02] num:1
[04_20_2013 00:05:02] run ./_track.sh
./_log/2013.year/04.month/19.day ./_log/2013.year/04.month/19.day/_start_mongo_04_19_2013__17_07_45.log
[04_20_2013 00:05:02] ----------_statistics.sh-------------
[04_20_2013 00:05:02] num:1
[04_20_2013 00:05:02] run ./_track.sh
./_log/2013.year/04.month/19.day ./_log/2013.year/04.month/19.day/_start_mongo_04_19_2013__17_09_10.log
[04_20_2013 00:05:02] ----------_statistics.sh-------------
[04_20_2013 00:05:02] num:1
[04_20_2013 00:05:02] run ./_track.sh
./_log/2013.year/04.month/19.day ./_log/2013.year/04.month/19.day/_start_mongo_04_19_2013__17_10_19.log
[04_20_2013 00:05:02] ----------_statistics.sh-------------
[04_20_2013 00:05:02] num:1
[04_20_2013 00:05:02] run ./_track.sh
./_log/2013.year/04.month/19.day ./_log/2013.year/04.month/19.day/_start_mongo_04_19_2013__20_19_26.log
[04_20_2013 00:05:02] ----------_statistics.sh-------------
[04_20_2013 00:05:02] num:1
[04_20_2013 00:05:02] run ./_track.sh
./_log/2013.year/04.month/19.day ./_log/2013.year/04.month/19.day/_start_mongo_04_19_2013__20_29_05.log
[04_20_2013 00:05:02] ----------_statistics.sh-------------
[04_20_2013 00:05:02] num:1
[04_20_2013 00:05:02] run ./_track.sh
./_log/2013.year/04.month/19.day ./_log/2013.year/04.month/19.day/_start_mongo_04_19_2013__20_31_37.log
[04_20_2013 00:05:02] ----------_statistics.sh-------------
