Sogou web spider/4.0(+http://www.sogou.com/docs/help/webmasters.htm#07) 	 1
Mozilla/5.0 (compatible; YandexBot/3.0; +http://yandex.com/bots) 	 6
Mozilla/5.0 (compatible; AhrefsBot/4.0; +http://ahrefs.com/robot/) 	 1
Mozilla/5.0 (compatible; Baiduspider/2.0; +http://www.baidu.com/search/spider.html) 	 43
Mozilla/5.0 (compatible; EasouSpider; +http://www.easou.com/search/spider.html) 	 362
Mozilla/5.0 (compatible; JikeSpider; +http://shoulu.jike.com/spider.html) 	 10
Mozilla/5.0 (compatible; Googlebot/2.1; +http://www.google.com/bot.html) 	 2
Mozilla/5.0 (compatible; bingbot/2.0; +http://www.bing.com/bingbot.htm) 	 5
Sosospider+(+http://help.soso.com/webspider.htm) 	 15
Sogou web spider/4.0(+http://www.sogou.com/docs/help/webmasters.htm#07) 	 1
Mozilla/5.0 (compatible; YandexBot/3.0; +http://yandex.com/bots) 	 6
Mozilla/5.0 (compatible; AhrefsBot/4.0; +http://ahrefs.com/robot/) 	 1
Mozilla/5.0 (compatible; Baiduspider/2.0; +http://www.baidu.com/search/spider.html) 	 44
Mozilla/5.0 (compatible; EasouSpider; +http://www.easou.com/search/spider.html) 	 362
Mozilla/5.0 (compatible; JikeSpider; +http://shoulu.jike.com/spider.html) 	 10
Mozilla/5.0 (compatible; Googlebot/2.1; +http://www.google.com/bot.html) 	 2
Mozilla/5.0 (compatible; bingbot/2.0; +http://www.bing.com/bingbot.htm) 	 5
Sosospider+(+http://help.soso.com/webspider.htm) 	 15
Sogou web spider/4.0(+http://www.sogou.com/docs/help/webmasters.htm#07) 	 1
Mozilla/5.0 (compatible; YandexBot/3.0; +http://yandex.com/bots) 	 6
Mozilla/5.0 (compatible; AhrefsBot/4.0; +http://ahrefs.com/robot/) 	 1
Mozilla/5.0 (compatible; Baiduspider/2.0; +http://www.baidu.com/search/spider.html) 	 44
Mozilla/5.0 (compatible; EasouSpider; +http://www.easou.com/search/spider.html) 	 362
Mozilla/5.0 (compatible; JikeSpider; +http://shoulu.jike.com/spider.html) 	 10
Mozilla/5.0 (compatible; Googlebot/2.1; +http://www.google.com/bot.html) 	 2
Mozilla/5.0 (compatible; bingbot/2.0; +http://www.bing.com/bingbot.htm) 	 5
Sosospider+(+http://help.soso.com/webspider.htm) 	 15
Sogou web spider/4.0(+http://www.sogou.com/docs/help/webmasters.htm#07) 	 1
Mozilla/5.0 (compatible; YandexBot/3.0; +http://yandex.com/bots) 	 6
Mozilla/5.0 (compatible; AhrefsBot/4.0; +http://ahrefs.com/robot/) 	 1
Mozilla/5.0 (compatible; Baiduspider/2.0; +http://www.baidu.com/search/spider.html) 	 46
Mozilla/5.0 (compatible; EasouSpider; +http://www.easou.com/search/spider.html) 	 362
Mozilla/5.0 (compatible; JikeSpider; +http://shoulu.jike.com/spider.html) 	 10
Mozilla/5.0 (compatible; Googlebot/2.1; +http://www.google.com/bot.html) 	 2
Mozilla/5.0 (compatible; bingbot/2.0; +http://www.bing.com/bingbot.htm) 	 5
Sosospider+(+http://help.soso.com/webspider.htm) 	 15
Sogou web spider/4.0(+http://www.sogou.com/docs/help/webmasters.htm#07) 	 1
Mozilla/5.0 (compatible; YandexBot/3.0; +http://yandex.com/bots) 	 6
Mozilla/5.0 (compatible; AhrefsBot/4.0; +http://ahrefs.com/robot/) 	 1
Mozilla/5.0 (compatible; Baiduspider/2.0; +http://www.baidu.com/search/spider.html) 	 46
Mozilla/5.0 (compatible; EasouSpider; +http://www.easou.com/search/spider.html) 	 373
Mozilla/5.0 (compatible; JikeSpider; +http://shoulu.jike.com/spider.html) 	 10
Mozilla/5.0 (compatible; Googlebot/2.1; +http://www.google.com/bot.html) 	 2
Mozilla/5.0 (compatible; bingbot/2.0; +http://www.bing.com/bingbot.htm) 	 5
Sosospider+(+http://help.soso.com/webspider.htm) 	 15
Sogou web spider/4.0(+http://www.sogou.com/docs/help/webmasters.htm#07) 	 1
Mozilla/5.0 (compatible; YandexBot/3.0; +http://yandex.com/bots) 	 6
Mozilla/5.0 (compatible; AhrefsBot/4.0; +http://ahrefs.com/robot/) 	 1
Mozilla/5.0 (compatible; Baiduspider/2.0; +http://www.baidu.com/search/spider.html) 	 47
Mozilla/5.0 (compatible; EasouSpider; +http://www.easou.com/search/spider.html) 	 373
Mozilla/5.0 (compatible; JikeSpider; +http://shoulu.jike.com/spider.html) 	 10
Mozilla/5.0 (compatible; Googlebot/2.1; +http://www.google.com/bot.html) 	 2
Mozilla/5.0 (compatible; bingbot/2.0; +http://www.bing.com/bingbot.htm) 	 5
Sosospider+(+http://help.soso.com/webspider.htm) 	 17
Sogou web spider/4.0(+http://www.sogou.com/docs/help/webmasters.htm#07) 	 1
Mozilla/5.0 (compatible; YandexBot/3.0; +http://yandex.com/bots) 	 6
Mozilla/5.0 (compatible; AhrefsBot/4.0; +http://ahrefs.com/robot/) 	 1
Mozilla/5.0 (compatible; Baiduspider/2.0; +http://www.baidu.com/search/spider.html) 	 47
Mozilla/5.0 (compatible; EasouSpider; +http://www.easou.com/search/spider.html) 	 373
Mozilla/5.0 (compatible; JikeSpider; +http://shoulu.jike.com/spider.html) 	 10
Mozilla/5.0 (compatible; Googlebot/2.1; +http://www.google.com/bot.html) 	 2
Mozilla/5.0 (compatible; bingbot/2.0; +http://www.bing.com/bingbot.htm) 	 9
Sosospider+(+http://help.soso.com/webspider.htm) 	 17
Sogou web spider/4.0(+http://www.sogou.com/docs/help/webmasters.htm#07) 	 1
Mozilla/5.0 (compatible; YandexBot/3.0; +http://yandex.com/bots) 	 6
Mozilla/5.0 (compatible; AhrefsBot/4.0; +http://ahrefs.com/robot/) 	 1
Mozilla/5.0 (compatible; Baiduspider/2.0; +http://www.baidu.com/search/spider.html) 	 47
Mozilla/5.0 (compatible; EasouSpider; +http://www.easou.com/search/spider.html) 	 373
Mozilla/5.0 (compatible; JikeSpider; +http://shoulu.jike.com/spider.html) 	 10
Mozilla/5.0 (compatible; Googlebot/2.1; +http://www.google.com/bot.html) 	 2
Mozilla/5.0 (compatible; bingbot/2.0; +http://www.bing.com/bingbot.htm) 	 9
Sosospider+(+http://help.soso.com/webspider.htm) 	 17
Sogou web spider/4.0(+http://www.sogou.com/docs/help/webmasters.htm#07) 	 1
Mozilla/5.0 (compatible; YandexBot/3.0; +http://yandex.com/bots) 	 6
Mozilla/5.0 (compatible; AhrefsBot/4.0; +http://ahrefs.com/robot/) 	 1
Mozilla/5.0 (compatible; Baiduspider/2.0; +http://www.baidu.com/search/spider.html) 	 47
Mozilla/5.0 (compatible; EasouSpider; +http://www.easou.com/search/spider.html) 	 373
Mozilla/5.0 (compatible; JikeSpider; +http://shoulu.jike.com/spider.html) 	 10
Mozilla/5.0 (compatible; Googlebot/2.1; +http://www.google.com/bot.html) 	 2
Mozilla/5.0 (compatible; bingbot/2.0; +http://www.bing.com/bingbot.htm) 	 9
Sosospider+(+http://help.soso.com/webspider.htm) 	 17
Sogou web spider/4.0(+http://www.sogou.com/docs/help/webmasters.htm#07) 	 1
Mozilla/5.0 (compatible; YandexBot/3.0; +http://yandex.com/bots) 	 6
Mozilla/5.0 (compatible; AhrefsBot/4.0; +http://ahrefs.com/robot/) 	 1
Mozilla/5.0 (compatible; Baiduspider/2.0; +http://www.baidu.com/search/spider.html) 	 47
Mozilla/5.0 (compatible; EasouSpider; +http://www.easou.com/search/spider.html) 	 373
Mozilla/5.0 (compatible; JikeSpider; +http://shoulu.jike.com/spider.html) 	 10
Mozilla/5.0 (compatible; Googlebot/2.1; +http://www.google.com/bot.html) 	 2
Mozilla/5.0 (compatible; bingbot/2.0; +http://www.bing.com/bingbot.htm) 	 9
Sosospider+(+http://help.soso.com/webspider.htm) 	 17
Sogou web spider/4.0(+http://www.sogou.com/docs/help/webmasters.htm#07) 	 1
Mozilla/5.0 (compatible; YandexBot/3.0; +http://yandex.com/bots) 	 6
Mozilla/5.0 (compatible; AhrefsBot/4.0; +http://ahrefs.com/robot/) 	 1
Mozilla/5.0 (compatible; Baiduspider/2.0; +http://www.baidu.com/search/spider.html) 	 47
Mozilla/5.0 (compatible; EasouSpider; +http://www.easou.com/search/spider.html) 	 373
Mozilla/5.0 (compatible; JikeSpider; +http://shoulu.jike.com/spider.html) 	 10
Mozilla/5.0 (compatible; Googlebot/2.1; +http://www.google.com/bot.html) 	 2
Mozilla/5.0 (compatible; bingbot/2.0; +http://www.bing.com/bingbot.htm) 	 9
Sosospider+(+http://help.soso.com/webspider.htm) 	 17
Sogou web spider/4.0(+http://www.sogou.com/docs/help/webmasters.htm#07) 	 1
Mozilla/5.0 (compatible; YandexBot/3.0; +http://yandex.com/bots) 	 6
Mozilla/5.0 (compatible; AhrefsBot/4.0; +http://ahrefs.com/robot/) 	 1
Mozilla/5.0 (compatible; Baiduspider/2.0; +http://www.baidu.com/search/spider.html) 	 47
Mozilla/5.0 (compatible; EasouSpider; +http://www.easou.com/search/spider.html) 	 373
Mozilla/5.0 (compatible; JikeSpider; +http://shoulu.jike.com/spider.html) 	 10
Mozilla/5.0 (compatible; Googlebot/2.1; +http://www.google.com/bot.html) 	 2
Mozilla/5.0 (compatible; bingbot/2.0; +http://www.bing.com/bingbot.htm) 	 9
Sosospider+(+http://help.soso.com/webspider.htm) 	 17
Sogou web spider/4.0(+http://www.sogou.com/docs/help/webmasters.htm#07) 	 1
Mozilla/5.0 (compatible; YandexBot/3.0; +http://yandex.com/bots) 	 6
Mozilla/5.0 (compatible; AhrefsBot/4.0; +http://ahrefs.com/robot/) 	 1
Mozilla/5.0 (compatible; Baiduspider/2.0; +http://www.baidu.com/search/spider.html) 	 47
Mozilla/5.0 (compatible; EasouSpider; +http://www.easou.com/search/spider.html) 	 373
Mozilla/5.0 (compatible; JikeSpider; +http://shoulu.jike.com/spider.html) 	 10
Mozilla/5.0 (compatible; Googlebot/2.1; +http://www.google.com/bot.html) 	 2
Mozilla/5.0 (compatible; bingbot/2.0; +http://www.bing.com/bingbot.htm) 	 9
Sosospider+(+http://help.soso.com/webspider.htm) 	 17
Sogou web spider/4.0(+http://www.sogou.com/docs/help/webmasters.htm#07) 	 1
Mozilla/5.0 (compatible; YandexBot/3.0; +http://yandex.com/bots) 	 6
Mozilla/5.0 (compatible; AhrefsBot/4.0; +http://ahrefs.com/robot/) 	 1
Mozilla/5.0 (compatible; Baiduspider/2.0; +http://www.baidu.com/search/spider.html) 	 47
Mozilla/5.0 (compatible; EasouSpider; +http://www.easou.com/search/spider.html) 	 373
Mozilla/5.0 (compatible; JikeSpider; +http://shoulu.jike.com/spider.html) 	 10
Mozilla/5.0 (compatible; Googlebot/2.1; +http://www.google.com/bot.html) 	 2
Mozilla/5.0 (compatible; bingbot/2.0; +http://www.bing.com/bingbot.htm) 	 10
Sosospider+(+http://help.soso.com/webspider.htm) 	 17
Sogou web spider/4.0(+http://www.sogou.com/docs/help/webmasters.htm#07) 	 1
Mozilla/5.0 (compatible; YandexBot/3.0; +http://yandex.com/bots) 	 6
Mozilla/5.0 (compatible; AhrefsBot/4.0; +http://ahrefs.com/robot/) 	 1
Mozilla/5.0 (compatible; Baiduspider/2.0; +http://www.baidu.com/search/spider.html) 	 47
Mozilla/5.0 (compatible; EasouSpider; +http://www.easou.com/search/spider.html) 	 379
Mozilla/5.0 (compatible; JikeSpider; +http://shoulu.jike.com/spider.html) 	 10
Mozilla/5.0 (compatible; Googlebot/2.1; +http://www.google.com/bot.html) 	 2
Mozilla/5.0 (compatible; bingbot/2.0; +http://www.bing.com/bingbot.htm) 	 10
Sosospider+(+http://help.soso.com/webspider.htm) 	 17
Sogou web spider/4.0(+http://www.sogou.com/docs/help/webmasters.htm#07) 	 1
Mozilla/5.0 (compatible; YandexBot/3.0; +http://yandex.com/bots) 	 6
Mozilla/5.0 (compatible; AhrefsBot/4.0; +http://ahrefs.com/robot/) 	 1
Mozilla/5.0 (compatible; Baiduspider/2.0; +http://www.baidu.com/search/spider.html) 	 47
Mozilla/5.0 (compatible; EasouSpider; +http://www.easou.com/search/spider.html) 	 387
Mozilla/5.0 (compatible; JikeSpider; +http://shoulu.jike.com/spider.html) 	 10
Mozilla/5.0 (compatible; Googlebot/2.1; +http://www.google.com/bot.html) 	 2
Mozilla/5.0 (compatible; bingbot/2.0; +http://www.bing.com/bingbot.htm) 	 10
Sosospider+(+http://help.soso.com/webspider.htm) 	 17
Sogou web spider/4.0(+http://www.sogou.com/docs/help/webmasters.htm#07) 	 1
Mozilla/5.0 (compatible; YandexBot/3.0; +http://yandex.com/bots) 	 6
Mozilla/5.0 (compatible; AhrefsBot/4.0; +http://ahrefs.com/robot/) 	 1
Mozilla/5.0 (compatible; Baiduspider/2.0; +http://www.baidu.com/search/spider.html) 	 50
Mozilla/5.0 (compatible; EasouSpider; +http://www.easou.com/search/spider.html) 	 391
Mozilla/5.0 (compatible; JikeSpider; +http://shoulu.jike.com/spider.html) 	 12
Mozilla/5.0 (compatible; Googlebot/2.1; +http://www.google.com/bot.html) 	 2
Mozilla/5.0 (compatible; bingbot/2.0; +http://www.bing.com/bingbot.htm) 	 10
Sosospider+(+http://help.soso.com/webspider.htm) 	 17
Sogou web spider/4.0(+http://www.sogou.com/docs/help/webmasters.htm#07) 	 1
Mozilla/5.0 (compatible; YandexBot/3.0; +http://yandex.com/bots) 	 6
Mozilla/5.0 (compatible; AhrefsBot/4.0; +http://ahrefs.com/robot/) 	 1
Mozilla/5.0 (compatible; Baiduspider/2.0; +http://www.baidu.com/search/spider.html) 	 50
Mozilla/5.0 (compatible; EasouSpider; +http://www.easou.com/search/spider.html) 	 394
Mozilla/5.0 (compatible; JikeSpider; +http://shoulu.jike.com/spider.html) 	 12
Mozilla/5.0 (compatible; Googlebot/2.1; +http://www.google.com/bot.html) 	 2
Mozilla/5.0 (compatible; bingbot/2.0; +http://www.bing.com/bingbot.htm) 	 10
Sosospider+(+http://help.soso.com/webspider.htm) 	 17
Sogou web spider/4.0(+http://www.sogou.com/docs/help/webmasters.htm#07) 	 1
Mozilla/5.0 (compatible; YandexBot/3.0; +http://yandex.com/bots) 	 6
Mozilla/5.0 (compatible; AhrefsBot/4.0; +http://ahrefs.com/robot/) 	 1
Mozilla/5.0 (compatible; Baiduspider/2.0; +http://www.baidu.com/search/spider.html) 	 50
Mozilla/5.0 (compatible; EasouSpider; +http://www.easou.com/search/spider.html) 	 394
Mozilla/5.0 (compatible; JikeSpider; +http://shoulu.jike.com/spider.html) 	 12
Mozilla/5.0 (compatible; Googlebot/2.1; +http://www.google.com/bot.html) 	 2
Mozilla/5.0 (compatible; bingbot/2.0; +http://www.bing.com/bingbot.htm) 	 10
Sosospider+(+http://help.soso.com/webspider.htm) 	 17
Sogou web spider/4.0(+http://www.sogou.com/docs/help/webmasters.htm#07) 	 1
Mozilla/5.0 (compatible; YandexBot/3.0; +http://yandex.com/bots) 	 6
Mozilla/5.0 (compatible; AhrefsBot/4.0; +http://ahrefs.com/robot/) 	 1
Mozilla/5.0 (compatible; Baiduspider/2.0; +http://www.baidu.com/search/spider.html) 	 56
Mozilla/5.0 (compatible; EasouSpider; +http://www.easou.com/search/spider.html) 	 489
Mozilla/5.0 (compatible; JikeSpider; +http://shoulu.jike.com/spider.html) 	 16
Mozilla/5.0 (compatible; Googlebot/2.1; +http://www.google.com/bot.html) 	 3
Mozilla/5.0 (compatible; bingbot/2.0; +http://www.bing.com/bingbot.htm) 	 12
Sosospider+(+http://help.soso.com/webspider.htm) 	 21
Sogou web spider/4.0(+http://www.sogou.com/docs/help/webmasters.htm#07) 	 1
Mozilla/5.0 (compatible; YandexBot/3.0; +http://yandex.com/bots) 	 6
Mozilla/5.0 (compatible; AhrefsBot/4.0; +http://ahrefs.com/robot/) 	 1
Mozilla/5.0 (compatible; Baiduspider/2.0; +http://www.baidu.com/search/spider.html) 	 56
Mozilla/5.0 (compatible; EasouSpider; +http://www.easou.com/search/spider.html) 	 489
Mozilla/5.0 (compatible; JikeSpider; +http://shoulu.jike.com/spider.html) 	 16
Mozilla/5.0 (compatible; Googlebot/2.1; +http://www.google.com/bot.html) 	 3
Mozilla/5.0 (compatible; bingbot/2.0; +http://www.bing.com/bingbot.htm) 	 12
Sosospider+(+http://help.soso.com/webspider.htm) 	 21
Sogou web spider/4.0(+http://www.sogou.com/docs/help/webmasters.htm#07) 	 1
Mozilla/5.0 (compatible; YandexBot/3.0; +http://yandex.com/bots) 	 6
Mozilla/5.0 (compatible; AhrefsBot/4.0; +http://ahrefs.com/robot/) 	 1
Mozilla/5.0 (compatible; Baiduspider/2.0; +http://www.baidu.com/search/spider.html) 	 56
Mozilla/5.0 (compatible; EasouSpider; +http://www.easou.com/search/spider.html) 	 489
Mozilla/5.0 (compatible; JikeSpider; +http://shoulu.jike.com/spider.html) 	 16
Mozilla/5.0 (compatible; Googlebot/2.1; +http://www.google.com/bot.html) 	 3
Mozilla/5.0 (compatible; bingbot/2.0; +http://www.bing.com/bingbot.htm) 	 12
Sosospider+(+http://help.soso.com/webspider.htm) 	 21
Sogou web spider/4.0(+http://www.sogou.com/docs/help/webmasters.htm#07) 	 1
Mozilla/5.0 (compatible; YandexBot/3.0; +http://yandex.com/bots) 	 6
Mozilla/5.0 (compatible; AhrefsBot/4.0; +http://ahrefs.com/robot/) 	 1
Mozilla/5.0 (compatible; Baiduspider/2.0; +http://www.baidu.com/search/spider.html) 	 56
Mozilla/5.0 (compatible; EasouSpider; +http://www.easou.com/search/spider.html) 	 489
Mozilla/5.0 (compatible; JikeSpider; +http://shoulu.jike.com/spider.html) 	 16
Mozilla/5.0 (compatible; Googlebot/2.1; +http://www.google.com/bot.html) 	 3
Mozilla/5.0 (compatible; bingbot/2.0; +http://www.bing.com/bingbot.htm) 	 12
Sosospider+(+http://help.soso.com/webspider.htm) 	 21
Sogou web spider/4.0(+http://www.sogou.com/docs/help/webmasters.htm#07) 	 1
Mozilla/5.0 (compatible; YandexBot/3.0; +http://yandex.com/bots) 	 6
Mozilla/5.0 (compatible; AhrefsBot/4.0; +http://ahrefs.com/robot/) 	 1
Mozilla/5.0 (compatible; Baiduspider/2.0; +http://www.baidu.com/search/spider.html) 	 56
Mozilla/5.0 (compatible; EasouSpider; +http://www.easou.com/search/spider.html) 	 489
Mozilla/5.0 (compatible; JikeSpider; +http://shoulu.jike.com/spider.html) 	 16
Mozilla/5.0 (compatible; Googlebot/2.1; +http://www.google.com/bot.html) 	 3
Mozilla/5.0 (compatible; bingbot/2.0; +http://www.bing.com/bingbot.htm) 	 12
Sosospider+(+http://help.soso.com/webspider.htm) 	 21
Sogou web spider/4.0(+http://www.sogou.com/docs/help/webmasters.htm#07) 	 1
Mozilla/5.0 (compatible; YandexBot/3.0; +http://yandex.com/bots) 	 6
Mozilla/5.0 (compatible; AhrefsBot/4.0; +http://ahrefs.com/robot/) 	 1
Mozilla/5.0 (compatible; Baiduspider/2.0; +http://www.baidu.com/search/spider.html) 	 56
Mozilla/5.0 (compatible; EasouSpider; +http://www.easou.com/search/spider.html) 	 489
Mozilla/5.0 (compatible; JikeSpider; +http://shoulu.jike.com/spider.html) 	 16
Mozilla/5.0 (compatible; Googlebot/2.1; +http://www.google.com/bot.html) 	 3
Mozilla/5.0 (compatible; bingbot/2.0; +http://www.bing.com/bingbot.htm) 	 12
Sosospider+(+http://help.soso.com/webspider.htm) 	 21
Sogou web spider/4.0(+http://www.sogou.com/docs/help/webmasters.htm#07) 	 1
Mozilla/5.0 (compatible; YandexBot/3.0; +http://yandex.com/bots) 	 6
Mozilla/5.0 (compatible; AhrefsBot/4.0; +http://ahrefs.com/robot/) 	 1
Mozilla/5.0 (compatible; Baiduspider/2.0; +http://www.baidu.com/search/spider.html) 	 56
Mozilla/5.0 (compatible; EasouSpider; +http://www.easou.com/search/spider.html) 	 489
Mozilla/5.0 (compatible; JikeSpider; +http://shoulu.jike.com/spider.html) 	 16
Mozilla/5.0 (compatible; Googlebot/2.1; +http://www.google.com/bot.html) 	 3
Mozilla/5.0 (compatible; bingbot/2.0; +http://www.bing.com/bingbot.htm) 	 12
Sosospider+(+http://help.soso.com/webspider.htm) 	 21
Sogou web spider/4.0(+http://www.sogou.com/docs/help/webmasters.htm#07) 	 1
Mozilla/5.0 (compatible; YandexBot/3.0; +http://yandex.com/bots) 	 6
Mozilla/5.0 (compatible; AhrefsBot/4.0; +http://ahrefs.com/robot/) 	 1
Mozilla/5.0 (compatible; Baiduspider/2.0; +http://www.baidu.com/search/spider.html) 	 56
Mozilla/5.0 (compatible; EasouSpider; +http://www.easou.com/search/spider.html) 	 489
Mozilla/5.0 (compatible; JikeSpider; +http://shoulu.jike.com/spider.html) 	 16
Mozilla/5.0 (compatible; Googlebot/2.1; +http://www.google.com/bot.html) 	 3
Mozilla/5.0 (compatible; bingbot/2.0; +http://www.bing.com/bingbot.htm) 	 12
Sosospider+(+http://help.soso.com/webspider.htm) 	 21
Sogou web spider/4.0(+http://www.sogou.com/docs/help/webmasters.htm#07) 	 1
Mozilla/5.0 (compatible; YandexBot/3.0; +http://yandex.com/bots) 	 6
Mozilla/5.0 (compatible; AhrefsBot/4.0; +http://ahrefs.com/robot/) 	 1
Mozilla/5.0 (compatible; Baiduspider/2.0; +http://www.baidu.com/search/spider.html) 	 56
Mozilla/5.0 (compatible; EasouSpider; +http://www.easou.com/search/spider.html) 	 489
Mozilla/5.0 (compatible; JikeSpider; +http://shoulu.jike.com/spider.html) 	 16
Mozilla/5.0 (compatible; Googlebot/2.1; +http://www.google.com/bot.html) 	 3
Mozilla/5.0 (compatible; bingbot/2.0; +http://www.bing.com/bingbot.htm) 	 12
Sosospider+(+http://help.soso.com/webspider.htm) 	 21
Sogou web spider/4.0(+http://www.sogou.com/docs/help/webmasters.htm#07) 	 1
Mozilla/5.0 (compatible; YandexBot/3.0; +http://yandex.com/bots) 	 6
Mozilla/5.0 (compatible; AhrefsBot/4.0; +http://ahrefs.com/robot/) 	 1
Mozilla/5.0 (compatible; Baiduspider/2.0; +http://www.baidu.com/search/spider.html) 	 56
Mozilla/5.0 (compatible; EasouSpider; +http://www.easou.com/search/spider.html) 	 489
Mozilla/5.0 (compatible; JikeSpider; +http://shoulu.jike.com/spider.html) 	 16
Mozilla/5.0 (compatible; Googlebot/2.1; +http://www.google.com/bot.html) 	 3
Mozilla/5.0 (compatible; bingbot/2.0; +http://www.bing.com/bingbot.htm) 	 12
Sosospider+(+http://help.soso.com/webspider.htm) 	 21
Sogou web spider/4.0(+http://www.sogou.com/docs/help/webmasters.htm#07) 	 1
Mozilla/5.0 (compatible; YandexBot/3.0; +http://yandex.com/bots) 	 6
Mozilla/5.0 (compatible; AhrefsBot/4.0; +http://ahrefs.com/robot/) 	 1
Mozilla/5.0 (compatible; Baiduspider/2.0; +http://www.baidu.com/search/spider.html) 	 56
Mozilla/5.0 (compatible; EasouSpider; +http://www.easou.com/search/spider.html) 	 489
Mozilla/5.0 (compatible; JikeSpider; +http://shoulu.jike.com/spider.html) 	 16
Mozilla/5.0 (compatible; Googlebot/2.1; +http://www.google.com/bot.html) 	 3
Mozilla/5.0 (compatible; bingbot/2.0; +http://www.bing.com/bingbot.htm) 	 12
Sosospider+(+http://help.soso.com/webspider.htm) 	 21
Sogou web spider/4.0(+http://www.sogou.com/docs/help/webmasters.htm#07) 	 1
Mozilla/5.0 (compatible; YandexBot/3.0; +http://yandex.com/bots) 	 6
Mozilla/5.0 (compatible; AhrefsBot/4.0; +http://ahrefs.com/robot/) 	 1
Mozilla/5.0 (compatible; Baiduspider/2.0; +http://www.baidu.com/search/spider.html) 	 56
Mozilla/5.0 (compatible; EasouSpider; +http://www.easou.com/search/spider.html) 	 489
Mozilla/5.0 (compatible; JikeSpider; +http://shoulu.jike.com/spider.html) 	 16
Mozilla/5.0 (compatible; Googlebot/2.1; +http://www.google.com/bot.html) 	 3
Mozilla/5.0 (compatible; bingbot/2.0; +http://www.bing.com/bingbot.htm) 	 12
Sosospider+(+http://help.soso.com/webspider.htm) 	 21
Sogou web spider/4.0(+http://www.sogou.com/docs/help/webmasters.htm#07) 	 1
Mozilla/5.0 (compatible; YandexBot/3.0; +http://yandex.com/bots) 	 6
Mozilla/5.0 (compatible; AhrefsBot/4.0; +http://ahrefs.com/robot/) 	 1
Mozilla/5.0 (compatible; Baiduspider/2.0; +http://www.baidu.com/search/spider.html) 	 56
Mozilla/5.0 (compatible; EasouSpider; +http://www.easou.com/search/spider.html) 	 489
Mozilla/5.0 (compatible; JikeSpider; +http://shoulu.jike.com/spider.html) 	 16
Mozilla/5.0 (compatible; Googlebot/2.1; +http://www.google.com/bot.html) 	 3
Mozilla/5.0 (compatible; bingbot/2.0; +http://www.bing.com/bingbot.htm) 	 12
Sosospider+(+http://help.soso.com/webspider.htm) 	 21
Sogou web spider/4.0(+http://www.sogou.com/docs/help/webmasters.htm#07) 	 1
Mozilla/5.0 (compatible; YandexBot/3.0; +http://yandex.com/bots) 	 6
Mozilla/5.0 (compatible; AhrefsBot/4.0; +http://ahrefs.com/robot/) 	 1
Mozilla/5.0 (compatible; Baiduspider/2.0; +http://www.baidu.com/search/spider.html) 	 56
Mozilla/5.0 (compatible; EasouSpider; +http://www.easou.com/search/spider.html) 	 489
Mozilla/5.0 (compatible; JikeSpider; +http://shoulu.jike.com/spider.html) 	 16
Mozilla/5.0 (compatible; Googlebot/2.1; +http://www.google.com/bot.html) 	 3
Mozilla/5.0 (compatible; bingbot/2.0; +http://www.bing.com/bingbot.htm) 	 12
Sosospider+(+http://help.soso.com/webspider.htm) 	 21
Sogou web spider/4.0(+http://www.sogou.com/docs/help/webmasters.htm#07) 	 1
Mozilla/5.0 (compatible; YandexBot/3.0; +http://yandex.com/bots) 	 6
Mozilla/5.0 (compatible; AhrefsBot/4.0; +http://ahrefs.com/robot/) 	 1
Mozilla/5.0 (compatible; Baiduspider/2.0; +http://www.baidu.com/search/spider.html) 	 56
Mozilla/5.0 (compatible; EasouSpider; +http://www.easou.com/search/spider.html) 	 489
Mozilla/5.0 (compatible; JikeSpider; +http://shoulu.jike.com/spider.html) 	 16
Mozilla/5.0 (compatible; Googlebot/2.1; +http://www.google.com/bot.html) 	 3
Mozilla/5.0 (compatible; bingbot/2.0; +http://www.bing.com/bingbot.htm) 	 12
Sosospider+(+http://help.soso.com/webspider.htm) 	 21
Sogou web spider/4.0(+http://www.sogou.com/docs/help/webmasters.htm#07) 	 1
Mozilla/5.0 (compatible; YandexBot/3.0; +http://yandex.com/bots) 	 6
Mozilla/5.0 (compatible; AhrefsBot/4.0; +http://ahrefs.com/robot/) 	 1
Mozilla/5.0 (compatible; Baiduspider/2.0; +http://www.baidu.com/search/spider.html) 	 56
Mozilla/5.0 (compatible; EasouSpider; +http://www.easou.com/search/spider.html) 	 489
Mozilla/5.0 (compatible; JikeSpider; +http://shoulu.jike.com/spider.html) 	 16
Mozilla/5.0 (compatible; Googlebot/2.1; +http://www.google.com/bot.html) 	 3
Mozilla/5.0 (compatible; bingbot/2.0; +http://www.bing.com/bingbot.htm) 	 12
Sosospider+(+http://help.soso.com/webspider.htm) 	 21
Sogou web spider/4.0(+http://www.sogou.com/docs/help/webmasters.htm#07) 	 1
Mozilla/5.0 (compatible; YandexBot/3.0; +http://yandex.com/bots) 	 6
Mozilla/5.0 (compatible; AhrefsBot/4.0; +http://ahrefs.com/robot/) 	 1
Mozilla/5.0 (compatible; Baiduspider/2.0; +http://www.baidu.com/search/spider.html) 	 56
Mozilla/5.0 (compatible; EasouSpider; +http://www.easou.com/search/spider.html) 	 489
Mozilla/5.0 (compatible; JikeSpider; +http://shoulu.jike.com/spider.html) 	 16
Mozilla/5.0 (compatible; Googlebot/2.1; +http://www.google.com/bot.html) 	 3
Mozilla/5.0 (compatible; bingbot/2.0; +http://www.bing.com/bingbot.htm) 	 12
Sosospider+(+http://help.soso.com/webspider.htm) 	 21
Sogou web spider/4.0(+http://www.sogou.com/docs/help/webmasters.htm#07) 	 1
Mozilla/5.0 (compatible; YandexBot/3.0; +http://yandex.com/bots) 	 6
Mozilla/5.0 (compatible; AhrefsBot/4.0; +http://ahrefs.com/robot/) 	 1
Mozilla/5.0 (compatible; Baiduspider/2.0; +http://www.baidu.com/search/spider.html) 	 56
Mozilla/5.0 (compatible; EasouSpider; +http://www.easou.com/search/spider.html) 	 489
Mozilla/5.0 (compatible; JikeSpider; +http://shoulu.jike.com/spider.html) 	 16
Mozilla/5.0 (compatible; Googlebot/2.1; +http://www.google.com/bot.html) 	 3
Mozilla/5.0 (compatible; bingbot/2.0; +http://www.bing.com/bingbot.htm) 	 12
Sosospider+(+http://help.soso.com/webspider.htm) 	 21
Sogou web spider/4.0(+http://www.sogou.com/docs/help/webmasters.htm#07) 	 1
Mozilla/5.0 (compatible; YandexBot/3.0; +http://yandex.com/bots) 	 6
Mozilla/5.0 (compatible; AhrefsBot/4.0; +http://ahrefs.com/robot/) 	 1
Mozilla/5.0 (compatible; Baiduspider/2.0; +http://www.baidu.com/search/spider.html) 	 56
Mozilla/5.0 (compatible; EasouSpider; +http://www.easou.com/search/spider.html) 	 489
Mozilla/5.0 (compatible; JikeSpider; +http://shoulu.jike.com/spider.html) 	 16
Mozilla/5.0 (compatible; Googlebot/2.1; +http://www.google.com/bot.html) 	 3
Mozilla/5.0 (compatible; bingbot/2.0; +http://www.bing.com/bingbot.htm) 	 12
Sosospider+(+http://help.soso.com/webspider.htm) 	 21
Sogou web spider/4.0(+http://www.sogou.com/docs/help/webmasters.htm#07) 	 1
Mozilla/5.0 (compatible; YandexBot/3.0; +http://yandex.com/bots) 	 6
Mozilla/5.0 (compatible; AhrefsBot/4.0; +http://ahrefs.com/robot/) 	 1
Mozilla/5.0 (compatible; Baiduspider/2.0; +http://www.baidu.com/search/spider.html) 	 56
Mozilla/5.0 (compatible; EasouSpider; +http://www.easou.com/search/spider.html) 	 489
Mozilla/5.0 (compatible; JikeSpider; +http://shoulu.jike.com/spider.html) 	 16
Mozilla/5.0 (compatible; Googlebot/2.1; +http://www.google.com/bot.html) 	 3
Mozilla/5.0 (compatible; bingbot/2.0; +http://www.bing.com/bingbot.htm) 	 12
Sosospider+(+http://help.soso.com/webspider.htm) 	 21
Sogou web spider/4.0(+http://www.sogou.com/docs/help/webmasters.htm#07) 	 1
Mozilla/5.0 (compatible; YandexBot/3.0; +http://yandex.com/bots) 	 6
Mozilla/5.0 (compatible; AhrefsBot/4.0; +http://ahrefs.com/robot/) 	 1
Mozilla/5.0 (compatible; Baiduspider/2.0; +http://www.baidu.com/search/spider.html) 	 56
Mozilla/5.0 (compatible; EasouSpider; +http://www.easou.com/search/spider.html) 	 489
Mozilla/5.0 (compatible; JikeSpider; +http://shoulu.jike.com/spider.html) 	 16
Mozilla/5.0 (compatible; Googlebot/2.1; +http://www.google.com/bot.html) 	 3
Mozilla/5.0 (compatible; bingbot/2.0; +http://www.bing.com/bingbot.htm) 	 12
Sosospider+(+http://help.soso.com/webspider.htm) 	 21
