Sogou web spider/4.0(+http://www.sogou.com/docs/help/webmasters.htm#07) 	 1
Sogou web spider/4.0 	 1
Mozilla/5.0 (compatible; YandexBot/3.0; +http://yandex.com/bots) 	 6
Mozilla/5.0 (compatible; AhrefsBot/4.0; +http://ahrefs.com/robot/) 	 2
Mozilla/5.0 (compatible; Baiduspider/2.0; +http://www.baidu.com/search/spider.html) 	 41
Googlebot-Image/1.0 	 1
Mozilla/5.0 (compatible; EasouSpider; +http://www.easou.com/search/spider.html) 	 610
Mozilla/5.0 (compatible; JikeSpider; +http://shoulu.jike.com/spider.html) 	 14
Mozilla/5.0 (compatible; Googlebot/2.1; +http://www.google.com/bot.html) 	 5
Mozilla/5.0 (compatible; bingbot/2.0; +http://www.bing.com/bingbot.htm) 	 13
Mozilla/5.0 (compatible; MJ12bot/v1.4.3; http://www.majestic12.co.uk/bot.php?+) 	 2
Mozilla/4.0 (compatible; MSIE 8.0; Windows NT 6.1; Trident/4.0; SLCC2; .NET CLR 2.0.50727; .NET CLR 3.5.30729; .NET CLR 3.0.30729; Media Center PC 6.0; MDDR; .NET4.0C; .NET4.0E; .NET CLR 1.1.4322; Tablet PC 2.0); 360Spider 	 145
Mozilla/5.0 (Windows; U; Windows NT 5.1; zh-CN; rv:1.8.0.11)  Firefox/1.5.0.11; 360Spider 	 70
Sosospider+(+http://help.soso.com/webspider.htm) 	 4
Sogou web spider/4.0(+http://www.sogou.com/docs/help/webmasters.htm#07) 	 1
Sogou web spider/4.0 	 1
Mozilla/5.0 (compatible; YandexBot/3.0; +http://yandex.com/bots) 	 6
Mozilla/5.0 (compatible; AhrefsBot/4.0; +http://ahrefs.com/robot/) 	 2
Mozilla/5.0 (compatible; Baiduspider/2.0; +http://www.baidu.com/search/spider.html) 	 41
Googlebot-Image/1.0 	 1
Mozilla/5.0 (compatible; EasouSpider; +http://www.easou.com/search/spider.html) 	 610
Mozilla/5.0 (compatible; JikeSpider; +http://shoulu.jike.com/spider.html) 	 14
Mozilla/5.0 (compatible; Googlebot/2.1; +http://www.google.com/bot.html) 	 5
Mozilla/5.0 (compatible; bingbot/2.0; +http://www.bing.com/bingbot.htm) 	 13
Mozilla/5.0 (compatible; MJ12bot/v1.4.3; http://www.majestic12.co.uk/bot.php?+) 	 2
Mozilla/4.0 (compatible; MSIE 8.0; Windows NT 6.1; Trident/4.0; SLCC2; .NET CLR 2.0.50727; .NET CLR 3.5.30729; .NET CLR 3.0.30729; Media Center PC 6.0; MDDR; .NET4.0C; .NET4.0E; .NET CLR 1.1.4322; Tablet PC 2.0); 360Spider 	 145
Mozilla/5.0 (Windows; U; Windows NT 5.1; zh-CN; rv:1.8.0.11)  Firefox/1.5.0.11; 360Spider 	 70
Sosospider+(+http://help.soso.com/webspider.htm) 	 4
